[2026-01-08T15:34:31.539+0000] {local_task_job_runner.py:123} INFO - ::group::Pre task execution logs
[2026-01-08T15:34:31.552+0000] {taskinstance.py:2613} INFO - Dependencies all met for dep_context=non-requeueable deps ti=<TaskInstance: payment_processor.run_pyspark_processor scheduled__2026-01-07T00:00:00+00:00 [queued]>
[2026-01-08T15:34:31.558+0000] {taskinstance.py:2613} INFO - Dependencies all met for dep_context=requeueable deps ti=<TaskInstance: payment_processor.run_pyspark_processor scheduled__2026-01-07T00:00:00+00:00 [queued]>
[2026-01-08T15:34:31.559+0000] {taskinstance.py:2866} INFO - Starting attempt 1 of 2
[2026-01-08T15:34:31.571+0000] {taskinstance.py:2889} INFO - Executing <Task(BashOperator): run_pyspark_processor> on 2026-01-07 00:00:00+00:00
[2026-01-08T15:34:31.577+0000] {warnings.py:112} WARNING - /home/***/.local/lib/python3.12/site-packages/***/task/task_runner/standard_task_runner.py:70: DeprecationWarning: This process (pid=168) is multi-threaded, use of fork() may lead to deadlocks in the child.
  pid = os.fork()

[2026-01-08T15:34:31.578+0000] {standard_task_runner.py:72} INFO - Started process 172 to run task
[2026-01-08T15:34:31.579+0000] {standard_task_runner.py:104} INFO - Running: ['***', 'tasks', 'run', 'payment_processor', 'run_pyspark_processor', 'scheduled__2026-01-07T00:00:00+00:00', '--job-id', '3', '--raw', '--subdir', 'DAGS_FOLDER/payment_batch_dag.py', '--cfg-path', '/tmp/tmpffjnq661']
[2026-01-08T15:34:31.580+0000] {standard_task_runner.py:105} INFO - Job 3: Subtask run_pyspark_processor
[2026-01-08T15:34:31.891+0000] {task_command.py:467} INFO - Running <TaskInstance: payment_processor.run_pyspark_processor scheduled__2026-01-07T00:00:00+00:00 [running]> on host 01eff1a8f3ee
[2026-01-08T15:34:31.960+0000] {taskinstance.py:3132} INFO - Exporting env vars: AIRFLOW_CTX_DAG_OWNER='hb' AIRFLOW_CTX_DAG_ID='payment_processor' AIRFLOW_CTX_TASK_ID='run_pyspark_processor' AIRFLOW_CTX_EXECUTION_DATE='2026-01-07T00:00:00+00:00' AIRFLOW_CTX_TRY_NUMBER='1' AIRFLOW_CTX_DAG_RUN_ID='scheduled__2026-01-07T00:00:00+00:00'
[2026-01-08T15:34:31.961+0000] {logging_mixin.py:190} INFO - Task instance is in running state
[2026-01-08T15:34:31.962+0000] {logging_mixin.py:190} INFO -  Previous state of the Task instance: queued
[2026-01-08T15:34:31.962+0000] {logging_mixin.py:190} INFO - Current task name:run_pyspark_processor state:running start_date:2026-01-08 15:34:31.553009+00:00
[2026-01-08T15:34:31.962+0000] {logging_mixin.py:190} INFO - Dag name:payment_processor and current dag run status:running
[2026-01-08T15:34:31.963+0000] {taskinstance.py:731} INFO - ::endgroup::
[2026-01-08T15:34:31.964+0000] {subprocess.py:78} INFO - Tmp dir root location: /tmp
[2026-01-08T15:34:31.964+0000] {subprocess.py:88} INFO - Running command: ['/usr/bin/bash', '-c', 'python /opt/***/scripts/process_transactions.py']
[2026-01-08T15:34:31.974+0000] {subprocess.py:99} INFO - Output:
[2026-01-08T15:34:32.591+0000] {subprocess.py:106} INFO - /home/***/.local/lib/python3.12/site-packages/pyspark/bin/load-spark-env.sh: line 68: ps: command not found
[2026-01-08T15:34:34.679+0000] {subprocess.py:106} INFO - Setting default log level to "WARN".
[2026-01-08T15:34:34.680+0000] {subprocess.py:106} INFO - To adjust logging level use sc.setLogLevel(newLevel). For SparkR, use setLogLevel(newLevel).
[2026-01-08T15:34:34.976+0000] {subprocess.py:106} INFO - 26/01/08 15:34:34 WARN NativeCodeLoader: Unable to load native-hadoop library for your platform... using builtin-java classes where applicable
[2026-01-08T15:34:35.846+0000] {subprocess.py:106} INFO - 26/01/08 15:34:35 WARN Utils: Service 'SparkUI' could not bind on port 4040. Attempting port 4041.
[2026-01-08T15:34:37.563+0000] {subprocess.py:106} INFO - ============================================================
[2026-01-08T15:34:37.564+0000] {subprocess.py:106} INFO - PAYMENTCHAIN TRANSACTION PROCESSOR
[2026-01-08T15:34:37.565+0000] {subprocess.py:106} INFO - ============================================================
[2026-01-08T15:34:37.565+0000] {subprocess.py:106} INFO - Spark Version: 3.5.0
[2026-01-08T15:34:37.566+0000] {subprocess.py:106} INFO - Start Time: 2026-01-08 15:34:36.361654
[2026-01-08T15:34:37.566+0000] {subprocess.py:106} INFO - ============================================================
[2026-01-08T15:34:37.566+0000] {subprocess.py:106} INFO - 
[2026-01-08T15:34:37.567+0000] {subprocess.py:106} INFO - [1/7] Loading data...
[2026-01-08T15:34:37.567+0000] {subprocess.py:106} INFO - Traceback (most recent call last):
[2026-01-08T15:34:37.568+0000] {subprocess.py:106} INFO -   File "/opt/***/scripts/process_transactions.py", line 29, in <module>
[2026-01-08T15:34:37.568+0000] {subprocess.py:106} INFO -     df_txn = spark.read.csv(
[2026-01-08T15:34:37.569+0000] {subprocess.py:106} INFO -              ^^^^^^^^^^^^^^^
[2026-01-08T15:34:37.569+0000] {subprocess.py:106} INFO -   File "/home/***/.local/lib/python3.12/site-packages/pyspark/sql/readwriter.py", line 740, in csv
[2026-01-08T15:34:37.570+0000] {subprocess.py:106} INFO -     return self._df(self._jreader.csv(self._spark._sc._jvm.PythonUtils.toSeq(path)))
[2026-01-08T15:34:37.570+0000] {subprocess.py:106} INFO -                     ^^^^^^^^^^^^^^^^^^^^^^^^^^^^^^^^^^^^^^^^^^^^^^^^^^^^^^^^^^^^^^^
[2026-01-08T15:34:37.571+0000] {subprocess.py:106} INFO -   File "/home/***/.local/lib/python3.12/site-packages/py4j/java_gateway.py", line 1322, in __call__
[2026-01-08T15:34:37.571+0000] {subprocess.py:106} INFO -     return_value = get_return_value(
[2026-01-08T15:34:37.572+0000] {subprocess.py:106} INFO -                    ^^^^^^^^^^^^^^^^^
[2026-01-08T15:34:37.572+0000] {subprocess.py:106} INFO -   File "/home/***/.local/lib/python3.12/site-packages/pyspark/errors/exceptions/captured.py", line 185, in deco
[2026-01-08T15:34:37.573+0000] {subprocess.py:106} INFO -     raise converted from None
[2026-01-08T15:34:37.574+0000] {subprocess.py:106} INFO - pyspark.errors.exceptions.captured.AnalysisException: [PATH_NOT_FOUND] Path does not exist: file:/tmp/***tmpeja2uf9s/data/transactions.csv.
[2026-01-08T15:34:38.023+0000] {subprocess.py:110} INFO - Command exited with return code 1
[2026-01-08T15:34:38.034+0000] {taskinstance.py:3311} ERROR - Task failed with exception
Traceback (most recent call last):
  File "/home/airflow/.local/lib/python3.12/site-packages/airflow/models/taskinstance.py", line 767, in _execute_task
    result = _execute_callable(context=context, **execute_callable_kwargs)
             ^^^^^^^^^^^^^^^^^^^^^^^^^^^^^^^^^^^^^^^^^^^^^^^^^^^^^^^^^^^^^
  File "/home/airflow/.local/lib/python3.12/site-packages/airflow/models/taskinstance.py", line 733, in _execute_callable
    return ExecutionCallableRunner(
           ^^^^^^^^^^^^^^^^^^^^^^^^
  File "/home/airflow/.local/lib/python3.12/site-packages/airflow/utils/operator_helpers.py", line 252, in run
    return self.func(*args, **kwargs)
           ^^^^^^^^^^^^^^^^^^^^^^^^^^
  File "/home/airflow/.local/lib/python3.12/site-packages/airflow/models/baseoperator.py", line 422, in wrapper
    return func(self, *args, **kwargs)
           ^^^^^^^^^^^^^^^^^^^^^^^^^^^
  File "/home/airflow/.local/lib/python3.12/site-packages/airflow/operators/bash.py", line 276, in execute
    raise AirflowException(
airflow.exceptions.AirflowException: Bash command failed. The command returned a non-zero exit code 1.
[2026-01-08T15:34:38.040+0000] {logging_mixin.py:190} INFO - Task instance in failure state
[2026-01-08T15:34:38.041+0000] {logging_mixin.py:190} INFO - Task start:2026-01-08 15:34:31.553009+00:00 end:2026-01-08 15:34:38.040397+00:00 duration:6.487388
[2026-01-08T15:34:38.041+0000] {logging_mixin.py:190} INFO - Task:<Task(BashOperator): run_pyspark_processor> dag:<DAG: payment_processor> dagrun:<DagRun payment_processor @ 2026-01-07 00:00:00+00:00: scheduled__2026-01-07T00:00:00+00:00, state:running, queued_at: 2026-01-08 15:34:27.969128+00:00. externally triggered: False>
[2026-01-08T15:34:38.042+0000] {logging_mixin.py:190} INFO - Failure caused by Bash command failed. The command returned a non-zero exit code 1.
[2026-01-08T15:34:38.043+0000] {taskinstance.py:1225} INFO - Marking task as UP_FOR_RETRY. dag_id=payment_processor, task_id=run_pyspark_processor, run_id=scheduled__2026-01-07T00:00:00+00:00, execution_date=20260107T000000, start_date=20260108T153431, end_date=20260108T153438
[2026-01-08T15:34:38.057+0000] {taskinstance.py:340} INFO - ::group::Post task execution logs
[2026-01-08T15:34:38.058+0000] {standard_task_runner.py:124} ERROR - Failed to execute job 3 for task run_pyspark_processor (Bash command failed. The command returned a non-zero exit code 1.; 172)
Traceback (most recent call last):
  File "/home/airflow/.local/lib/python3.12/site-packages/airflow/task/task_runner/standard_task_runner.py", line 117, in _start_by_fork
    ret = args.func(args, dag=self.dag)
          ^^^^^^^^^^^^^^^^^^^^^^^^^^^^^
  File "/home/airflow/.local/lib/python3.12/site-packages/airflow/cli/cli_config.py", line 49, in command
    return func(*args, **kwargs)
           ^^^^^^^^^^^^^^^^^^^^^
  File "/home/airflow/.local/lib/python3.12/site-packages/airflow/utils/cli.py", line 116, in wrapper
    return f(*args, **kwargs)
           ^^^^^^^^^^^^^^^^^^
  File "/home/airflow/.local/lib/python3.12/site-packages/airflow/cli/commands/task_command.py", line 483, in task_run
    task_return_code = _run_task_by_selected_method(args, _dag, ti)
                       ^^^^^^^^^^^^^^^^^^^^^^^^^^^^^^^^^^^^^^^^^^^^
  File "/home/airflow/.local/lib/python3.12/site-packages/airflow/cli/commands/task_command.py", line 256, in _run_task_by_selected_method
    return _run_raw_task(args, ti)
           ^^^^^^^^^^^^^^^^^^^^^^^
  File "/home/airflow/.local/lib/python3.12/site-packages/airflow/cli/commands/task_command.py", line 341, in _run_raw_task
    return ti._run_raw_task(
           ^^^^^^^^^^^^^^^^^
  File "/home/airflow/.local/lib/python3.12/site-packages/airflow/utils/session.py", line 97, in wrapper
    return func(*args, session=session, **kwargs)
           ^^^^^^^^^^^^^^^^^^^^^^^^^^^^^^^^^^^^^^
  File "/home/airflow/.local/lib/python3.12/site-packages/airflow/models/taskinstance.py", line 3005, in _run_raw_task
    return _run_raw_task(
           ^^^^^^^^^^^^^^
  File "/home/airflow/.local/lib/python3.12/site-packages/airflow/models/taskinstance.py", line 273, in _run_raw_task
    TaskInstance._execute_task_with_callbacks(
  File "/home/airflow/.local/lib/python3.12/site-packages/airflow/models/taskinstance.py", line 3159, in _execute_task_with_callbacks
    result = self._execute_task(context, task_orig)
             ^^^^^^^^^^^^^^^^^^^^^^^^^^^^^^^^^^^^^^
  File "/home/airflow/.local/lib/python3.12/site-packages/airflow/models/taskinstance.py", line 3183, in _execute_task
    return _execute_task(self, context, task_orig)
           ^^^^^^^^^^^^^^^^^^^^^^^^^^^^^^^^^^^^^^^
  File "/home/airflow/.local/lib/python3.12/site-packages/airflow/models/taskinstance.py", line 767, in _execute_task
    result = _execute_callable(context=context, **execute_callable_kwargs)
             ^^^^^^^^^^^^^^^^^^^^^^^^^^^^^^^^^^^^^^^^^^^^^^^^^^^^^^^^^^^^^
  File "/home/airflow/.local/lib/python3.12/site-packages/airflow/models/taskinstance.py", line 733, in _execute_callable
    return ExecutionCallableRunner(
           ^^^^^^^^^^^^^^^^^^^^^^^^
  File "/home/airflow/.local/lib/python3.12/site-packages/airflow/utils/operator_helpers.py", line 252, in run
    return self.func(*args, **kwargs)
           ^^^^^^^^^^^^^^^^^^^^^^^^^^
  File "/home/airflow/.local/lib/python3.12/site-packages/airflow/models/baseoperator.py", line 422, in wrapper
    return func(self, *args, **kwargs)
           ^^^^^^^^^^^^^^^^^^^^^^^^^^^
  File "/home/airflow/.local/lib/python3.12/site-packages/airflow/operators/bash.py", line 276, in execute
    raise AirflowException(
airflow.exceptions.AirflowException: Bash command failed. The command returned a non-zero exit code 1.
[2026-01-08T15:34:38.105+0000] {local_task_job_runner.py:266} INFO - Task exited with return code 1
[2026-01-08T15:34:38.121+0000] {taskinstance.py:3895} INFO - 0 downstream tasks scheduled from follow-on schedule check
[2026-01-08T15:34:38.123+0000] {local_task_job_runner.py:245} INFO - ::endgroup::
[2026-01-08T20:37:22.959+0000] {local_task_job_runner.py:123} INFO - ::group::Pre task execution logs
[2026-01-08T20:37:23.105+0000] {taskinstance.py:2613} INFO - Dependencies all met for dep_context=non-requeueable deps ti=<TaskInstance: payment_processor.run_pyspark_processor scheduled__2026-01-07T00:00:00+00:00 [queued]>
[2026-01-08T20:37:23.113+0000] {taskinstance.py:2613} INFO - Dependencies all met for dep_context=requeueable deps ti=<TaskInstance: payment_processor.run_pyspark_processor scheduled__2026-01-07T00:00:00+00:00 [queued]>
[2026-01-08T20:37:23.114+0000] {taskinstance.py:2866} INFO - Starting attempt 1 of 2
[2026-01-08T20:37:23.125+0000] {taskinstance.py:2889} INFO - Executing <Task(BashOperator): run_pyspark_processor> on 2026-01-07 00:00:00+00:00
[2026-01-08T20:37:23.133+0000] {standard_task_runner.py:72} INFO - Started process 113 to run task
[2026-01-08T20:37:23.136+0000] {standard_task_runner.py:104} INFO - Running: ['***', 'tasks', 'run', 'payment_processor', 'run_pyspark_processor', 'scheduled__2026-01-07T00:00:00+00:00', '--job-id', '20', '--raw', '--subdir', 'DAGS_FOLDER/payment_batch_dag.py', '--cfg-path', '/tmp/tmp00amzf0v']
[2026-01-08T20:37:23.141+0000] {standard_task_runner.py:105} INFO - Job 20: Subtask run_pyspark_processor
[2026-01-08T20:37:23.212+0000] {task_command.py:467} INFO - Running <TaskInstance: payment_processor.run_pyspark_processor scheduled__2026-01-07T00:00:00+00:00 [running]> on host d3fac7a3e3b0
[2026-01-08T20:37:23.289+0000] {taskinstance.py:3132} INFO - Exporting env vars: AIRFLOW_CTX_DAG_OWNER='hb' AIRFLOW_CTX_DAG_ID='payment_processor' AIRFLOW_CTX_TASK_ID='run_pyspark_processor' AIRFLOW_CTX_EXECUTION_DATE='2026-01-07T00:00:00+00:00' AIRFLOW_CTX_TRY_NUMBER='1' AIRFLOW_CTX_DAG_RUN_ID='scheduled__2026-01-07T00:00:00+00:00'
[2026-01-08T20:37:23.291+0000] {logging_mixin.py:190} INFO - Task instance is in running state
[2026-01-08T20:37:23.292+0000] {logging_mixin.py:190} INFO -  Previous state of the Task instance: queued
[2026-01-08T20:37:23.292+0000] {logging_mixin.py:190} INFO - Current task name:run_pyspark_processor state:running start_date:2026-01-08 20:37:23.106683+00:00
[2026-01-08T20:37:23.293+0000] {logging_mixin.py:190} INFO - Dag name:payment_processor and current dag run status:running
[2026-01-08T20:37:23.294+0000] {taskinstance.py:731} INFO - ::endgroup::
[2026-01-08T20:37:23.295+0000] {subprocess.py:78} INFO - Tmp dir root location: /tmp
[2026-01-08T20:37:23.297+0000] {subprocess.py:88} INFO - Running command: ['/usr/bin/bash', '-c', 'cd /opt/***/payment_processor && python process_transactions.py']
[2026-01-08T20:37:23.309+0000] {subprocess.py:99} INFO - Output:
[2026-01-08T20:37:25.399+0000] {subprocess.py:106} INFO - Setting default log level to "WARN".
[2026-01-08T20:37:25.401+0000] {subprocess.py:106} INFO - To adjust logging level use sc.setLogLevel(newLevel). For SparkR, use setLogLevel(newLevel).
[2026-01-08T20:37:25.582+0000] {subprocess.py:106} INFO - 26/01/08 20:37:25 WARN NativeCodeLoader: Unable to load native-hadoop library for your platform... using builtin-java classes where applicable
[2026-01-08T20:37:45.986+0000] {subprocess.py:106} INFO - [Stage 25:>                                                         (0 + 1) / 1]                                                                                [Stage 41:>                                                         (0 + 3) / 3]                                                                                ============================================================
[2026-01-08T20:37:45.987+0000] {subprocess.py:106} INFO - PAYMENTCHAIN TRANSACTION PROCESSOR
[2026-01-08T20:37:45.988+0000] {subprocess.py:106} INFO - ============================================================
[2026-01-08T20:37:45.989+0000] {subprocess.py:106} INFO - Spark Version: 3.5.0
[2026-01-08T20:37:45.990+0000] {subprocess.py:106} INFO - Start Time: 2026-01-08 20:37:26.725193
[2026-01-08T20:37:45.991+0000] {subprocess.py:106} INFO - ============================================================
[2026-01-08T20:37:45.993+0000] {subprocess.py:106} INFO - 
[2026-01-08T20:37:45.994+0000] {subprocess.py:106} INFO - [1/7] Loading data...
[2026-01-08T20:37:45.994+0000] {subprocess.py:106} INFO -   - Transactions loaded: 50000 rows
[2026-01-08T20:37:45.995+0000] {subprocess.py:106} INFO -   - Merchants loaded: 100 rows
[2026-01-08T20:37:45.997+0000] {subprocess.py:106} INFO -   - Exchange rates loaded: 5 rows
[2026-01-08T20:37:45.998+0000] {subprocess.py:106} INFO -   - Fraud rules loaded
[2026-01-08T20:37:45.998+0000] {subprocess.py:106} INFO - 
[2026-01-08T20:37:45.999+0000] {subprocess.py:106} INFO - [2/7] Data validation and cleaning...
[2026-01-08T20:37:46.001+0000] {subprocess.py:106} INFO -   - Invalid transactions filtered: 2558
[2026-01-08T20:37:46.001+0000] {subprocess.py:106} INFO -   - Valid transactions: 47442
[2026-01-08T20:37:46.002+0000] {subprocess.py:106} INFO - 
[2026-01-08T20:37:46.003+0000] {subprocess.py:106} INFO - [3/7] Enrichment (joins with merchants and rates)...
[2026-01-08T20:37:46.004+0000] {subprocess.py:106} INFO -   - Joined with merchants
[2026-01-08T20:37:46.005+0000] {subprocess.py:106} INFO -   - Joined with exchange rates
[2026-01-08T20:37:46.006+0000] {subprocess.py:106} INFO -   - Enriched transactions: 47442
[2026-01-08T20:37:46.007+0000] {subprocess.py:106} INFO - 
[2026-01-08T20:37:46.007+0000] {subprocess.py:106} INFO - [4/7] Applying transformations...
[2026-01-08T20:37:46.009+0000] {subprocess.py:106} INFO -   - Transformations applied
[2026-01-08T20:37:46.010+0000] {subprocess.py:106} INFO - 
[2026-01-08T20:37:46.011+0000] {subprocess.py:106} INFO - [5/7] Fraud detection (window functions)...
[2026-01-08T20:37:46.012+0000] {subprocess.py:106} INFO -   - Suspicious transactions detected: 47205
[2026-01-08T20:37:46.013+0000] {subprocess.py:106} INFO - 
[2026-01-08T20:37:46.014+0000] {subprocess.py:106} INFO - [6/7] Generating reports (aggregations)...
[2026-01-08T20:37:46.015+0000] {subprocess.py:106} INFO -   - Currency report generated
[2026-01-08T20:37:46.016+0000] {subprocess.py:106} INFO -   - Category report generated
[2026-01-08T20:37:46.017+0000] {subprocess.py:106} INFO -   - Top merchants report generated
[2026-01-08T20:37:46.018+0000] {subprocess.py:106} INFO - 
[2026-01-08T20:37:46.018+0000] {subprocess.py:106} INFO - [7/7] Writing outputs...
[2026-01-08T20:37:46.019+0000] {subprocess.py:106} INFO -   - Processed transactions saved (Parquet, partitioned)
[2026-01-08T20:37:46.020+0000] {subprocess.py:106} INFO -   - Currency report saved (CSV)
[2026-01-08T20:37:46.021+0000] {subprocess.py:106} INFO -   - Category report saved (CSV)
[2026-01-08T20:37:46.022+0000] {subprocess.py:106} INFO -   - Top merchants report saved (CSV)
[2026-01-08T20:37:46.022+0000] {subprocess.py:106} INFO -   - Fraud alerts saved (JSON)
[2026-01-08T20:37:46.023+0000] {subprocess.py:106} INFO - 
[2026-01-08T20:37:46.024+0000] {subprocess.py:106} INFO - ============================================================
[2026-01-08T20:37:46.025+0000] {subprocess.py:106} INFO - PROCESSING COMPLETED SUCCESSFULLY
[2026-01-08T20:37:46.026+0000] {subprocess.py:106} INFO - ============================================================
[2026-01-08T20:37:46.026+0000] {subprocess.py:106} INFO - End Time: 2026-01-08 20:37:45.534247
[2026-01-08T20:37:46.027+0000] {subprocess.py:106} INFO - 
[2026-01-08T20:37:46.028+0000] {subprocess.py:106} INFO - Outputs:
[2026-01-08T20:37:46.029+0000] {subprocess.py:106} INFO -   - output/processed/transactions/ (Parquet)
[2026-01-08T20:37:46.030+0000] {subprocess.py:106} INFO -   - output/reports/*.csv
[2026-01-08T20:37:46.031+0000] {subprocess.py:106} INFO -   - output/alerts/fraud_alerts.json
[2026-01-08T20:37:46.032+0000] {subprocess.py:106} INFO - ============================================================
[2026-01-08T20:37:46.421+0000] {subprocess.py:110} INFO - Command exited with return code 0
[2026-01-08T20:37:46.443+0000] {taskinstance.py:340} INFO - ::group::Post task execution logs
[2026-01-08T20:37:46.444+0000] {taskinstance.py:352} INFO - Marking task as SUCCESS. dag_id=payment_processor, task_id=run_pyspark_processor, run_id=scheduled__2026-01-07T00:00:00+00:00, execution_date=20260107T000000, start_date=20260108T203723, end_date=20260108T203746
[2026-01-08T20:37:46.454+0000] {logging_mixin.py:190} INFO - Task instance in success state
[2026-01-08T20:37:46.455+0000] {logging_mixin.py:190} INFO -  Previous state of the Task instance: running
[2026-01-08T20:37:46.455+0000] {logging_mixin.py:190} INFO - Dag name:payment_processor queued_at:2026-01-08 20:37:19.782093+00:00
[2026-01-08T20:37:46.456+0000] {logging_mixin.py:190} INFO - Task hostname:d3fac7a3e3b0 operator:BashOperator
[2026-01-08T20:37:46.478+0000] {local_task_job_runner.py:266} INFO - Task exited with return code 0
[2026-01-08T20:37:46.494+0000] {taskinstance.py:3895} INFO - 1 downstream tasks scheduled from follow-on schedule check
[2026-01-08T20:37:46.497+0000] {local_task_job_runner.py:245} INFO - ::endgroup::
