[2026-01-09T04:10:46.228+0000] {local_task_job_runner.py:123} INFO - ::group::Pre task execution logs
[2026-01-09T04:10:46.240+0000] {taskinstance.py:2613} INFO - Dependencies all met for dep_context=non-requeueable deps ti=<TaskInstance: payment_processor.run_pyspark_processor manual__2026-01-09T04:10:44.463801+00:00 [queued]>
[2026-01-09T04:10:46.246+0000] {taskinstance.py:2613} INFO - Dependencies all met for dep_context=requeueable deps ti=<TaskInstance: payment_processor.run_pyspark_processor manual__2026-01-09T04:10:44.463801+00:00 [queued]>
[2026-01-09T04:10:46.247+0000] {taskinstance.py:2866} INFO - Starting attempt 1 of 2
[2026-01-09T04:10:46.258+0000] {taskinstance.py:2889} INFO - Executing <Task(BashOperator): run_pyspark_processor> on 2026-01-09 04:10:44.463801+00:00
[2026-01-09T04:10:46.263+0000] {standard_task_runner.py:72} INFO - Started process 1328 to run task
[2026-01-09T04:10:46.266+0000] {standard_task_runner.py:104} INFO - Running: ['***', 'tasks', 'run', 'payment_processor', 'run_pyspark_processor', 'manual__2026-01-09T04:10:44.463801+00:00', '--job-id', '7', '--raw', '--subdir', 'DAGS_FOLDER/payment_batch_dag.py', '--cfg-path', '/tmp/tmpzbyhobft']
[2026-01-09T04:10:46.268+0000] {standard_task_runner.py:105} INFO - Job 7: Subtask run_pyspark_processor
[2026-01-09T04:10:46.321+0000] {task_command.py:467} INFO - Running <TaskInstance: payment_processor.run_pyspark_processor manual__2026-01-09T04:10:44.463801+00:00 [running]> on host 6c3dc48d1c66
[2026-01-09T04:10:46.380+0000] {taskinstance.py:3132} INFO - Exporting env vars: AIRFLOW_CTX_DAG_OWNER='benas' AIRFLOW_CTX_DAG_ID='payment_processor' AIRFLOW_CTX_TASK_ID='run_pyspark_processor' AIRFLOW_CTX_EXECUTION_DATE='2026-01-09T04:10:44.463801+00:00' AIRFLOW_CTX_TRY_NUMBER='1' AIRFLOW_CTX_DAG_RUN_ID='manual__2026-01-09T04:10:44.463801+00:00'
[2026-01-09T04:10:46.382+0000] {logging_mixin.py:190} INFO - Task instance is in running state
[2026-01-09T04:10:46.383+0000] {logging_mixin.py:190} INFO -  Previous state of the Task instance: queued
[2026-01-09T04:10:46.384+0000] {logging_mixin.py:190} INFO - Current task name:run_pyspark_processor state:running start_date:2026-01-09 04:10:46.241272+00:00
[2026-01-09T04:10:46.384+0000] {logging_mixin.py:190} INFO - Dag name:payment_processor and current dag run status:running
[2026-01-09T04:10:46.385+0000] {taskinstance.py:731} INFO - ::endgroup::
[2026-01-09T04:10:46.386+0000] {subprocess.py:78} INFO - Tmp dir root location: /tmp
[2026-01-09T04:10:46.388+0000] {subprocess.py:88} INFO - Running command: ['/usr/bin/bash', '-c', 'cd /opt/***/payment_processor && python process_transactions.py']
[2026-01-09T04:10:46.397+0000] {subprocess.py:99} INFO - Output:
[2026-01-09T04:10:46.856+0000] {subprocess.py:106} INFO - /home/***/.local/lib/python3.11/site-packages/pyspark/bin/load-spark-env.sh: line 68: ps: command not found
[2026-01-09T04:10:48.073+0000] {subprocess.py:106} INFO - 26/01/09 04:10:48 WARN NativeCodeLoader: Unable to load native-hadoop library for your platform... using builtin-java classes where applicable
[2026-01-09T04:10:48.225+0000] {subprocess.py:106} INFO - Setting default log level to "WARN".
[2026-01-09T04:10:48.226+0000] {subprocess.py:106} INFO - To adjust logging level use sc.setLogLevel(newLevel). For SparkR, use setLogLevel(newLevel).
[2026-01-09T04:10:53.444+0000] {subprocess.py:106} INFO - 26/01/09 04:10:53 WARN MetricsConfig: Cannot locate configuration: tried hadoop-metrics2-s3a-file-system.properties,hadoop-metrics2.properties
[2026-01-09T04:10:54.172+0000] {subprocess.py:106} INFO - 26/01/09 04:10:54 WARN InstanceMetadataServiceResourceFetcher: Fail to retrieve token
[2026-01-09T04:10:54.173+0000] {subprocess.py:106} INFO - com.amazonaws.SdkClientException: Failed to connect to service endpoint:
[2026-01-09T04:10:54.174+0000] {subprocess.py:106} INFO - 	at com.amazonaws.internal.EC2ResourceFetcher.doReadResource(EC2ResourceFetcher.java:100)
[2026-01-09T04:10:54.175+0000] {subprocess.py:106} INFO - 	at com.amazonaws.internal.InstanceMetadataServiceResourceFetcher.getToken(InstanceMetadataServiceResourceFetcher.java:91)
[2026-01-09T04:10:54.175+0000] {subprocess.py:106} INFO - 	at com.amazonaws.internal.InstanceMetadataServiceResourceFetcher.readResource(InstanceMetadataServiceResourceFetcher.java:69)
[2026-01-09T04:10:54.176+0000] {subprocess.py:106} INFO - 	at com.amazonaws.internal.EC2ResourceFetcher.readResource(EC2ResourceFetcher.java:66)
[2026-01-09T04:10:54.177+0000] {subprocess.py:106} INFO - 	at com.amazonaws.auth.InstanceMetadataServiceCredentialsFetcher.getCredentialsEndpoint(InstanceMetadataServiceCredentialsFetcher.java:60)
[2026-01-09T04:10:54.178+0000] {subprocess.py:106} INFO - 	at com.amazonaws.auth.InstanceMetadataServiceCredentialsFetcher.getCredentialsResponse(InstanceMetadataServiceCredentialsFetcher.java:48)
[2026-01-09T04:10:54.179+0000] {subprocess.py:106} INFO - 	at com.amazonaws.auth.BaseCredentialsFetcher.fetchCredentials(BaseCredentialsFetcher.java:124)
[2026-01-09T04:10:54.180+0000] {subprocess.py:106} INFO - 	at com.amazonaws.auth.BaseCredentialsFetcher.getCredentials(BaseCredentialsFetcher.java:80)
[2026-01-09T04:10:54.180+0000] {subprocess.py:106} INFO - 	at com.amazonaws.auth.InstanceProfileCredentialsProvider.getCredentials(InstanceProfileCredentialsProvider.java:166)
[2026-01-09T04:10:54.181+0000] {subprocess.py:106} INFO - 	at com.amazonaws.auth.EC2ContainerCredentialsProviderWrapper.getCredentials(EC2ContainerCredentialsProviderWrapper.java:75)
[2026-01-09T04:10:54.182+0000] {subprocess.py:106} INFO - 	at com.amazonaws.auth.AWSCredentialsProviderChain.getCredentials(AWSCredentialsProviderChain.java:117)
[2026-01-09T04:10:54.183+0000] {subprocess.py:106} INFO - 	at org.apache.hadoop.fs.s3a.AWSCredentialProviderList.getCredentials(AWSCredentialProviderList.java:177)
[2026-01-09T04:10:54.183+0000] {subprocess.py:106} INFO - 	at com.amazonaws.http.AmazonHttpClient$RequestExecutor.getCredentialsFromContext(AmazonHttpClient.java:1269)
[2026-01-09T04:10:54.184+0000] {subprocess.py:106} INFO - 	at com.amazonaws.http.AmazonHttpClient$RequestExecutor.runBeforeRequestHandlers(AmazonHttpClient.java:845)
[2026-01-09T04:10:54.185+0000] {subprocess.py:106} INFO - 	at com.amazonaws.http.AmazonHttpClient$RequestExecutor.doExecute(AmazonHttpClient.java:794)
[2026-01-09T04:10:54.185+0000] {subprocess.py:106} INFO - 	at com.amazonaws.http.AmazonHttpClient$RequestExecutor.executeWithTimer(AmazonHttpClient.java:781)
[2026-01-09T04:10:54.186+0000] {subprocess.py:106} INFO - 	at com.amazonaws.http.AmazonHttpClient$RequestExecutor.execute(AmazonHttpClient.java:755)
[2026-01-09T04:10:54.186+0000] {subprocess.py:106} INFO - 	at com.amazonaws.http.AmazonHttpClient$RequestExecutor.access$500(AmazonHttpClient.java:715)
[2026-01-09T04:10:54.187+0000] {subprocess.py:106} INFO - 	at com.amazonaws.http.AmazonHttpClient$RequestExecutionBuilderImpl.execute(AmazonHttpClient.java:697)
[2026-01-09T04:10:54.188+0000] {subprocess.py:106} INFO - 	at com.amazonaws.http.AmazonHttpClient.execute(AmazonHttpClient.java:561)
[2026-01-09T04:10:54.189+0000] {subprocess.py:106} INFO - 	at com.amazonaws.http.AmazonHttpClient.execute(AmazonHttpClient.java:541)
[2026-01-09T04:10:54.190+0000] {subprocess.py:106} INFO - 	at com.amazonaws.services.s3.AmazonS3Client.invoke(AmazonS3Client.java:5456)
[2026-01-09T04:10:54.190+0000] {subprocess.py:106} INFO - 	at com.amazonaws.services.s3.AmazonS3Client.getBucketRegionViaHeadRequest(AmazonS3Client.java:6431)
[2026-01-09T04:10:54.191+0000] {subprocess.py:106} INFO - 	at com.amazonaws.services.s3.AmazonS3Client.fetchRegionFromCache(AmazonS3Client.java:6404)
[2026-01-09T04:10:54.192+0000] {subprocess.py:106} INFO - 	at com.amazonaws.services.s3.AmazonS3Client.invoke(AmazonS3Client.java:5441)
[2026-01-09T04:10:54.193+0000] {subprocess.py:106} INFO - 	at com.amazonaws.services.s3.AmazonS3Client.invoke(AmazonS3Client.java:5403)
[2026-01-09T04:10:54.193+0000] {subprocess.py:106} INFO - 	at com.amazonaws.services.s3.AmazonS3Client.invoke(AmazonS3Client.java:5397)
[2026-01-09T04:10:54.194+0000] {subprocess.py:106} INFO - 	at com.amazonaws.services.s3.AmazonS3Client.listObjectsV2(AmazonS3Client.java:971)
[2026-01-09T04:10:54.195+0000] {subprocess.py:106} INFO - 	at org.apache.hadoop.fs.s3a.S3AFileSystem.lambda$listObjects$11(S3AFileSystem.java:2595)
[2026-01-09T04:10:54.196+0000] {subprocess.py:106} INFO - 	at org.apache.hadoop.fs.statistics.impl.IOStatisticsBinding.lambda$trackDurationOfOperation$5(IOStatisticsBinding.java:499)
[2026-01-09T04:10:54.197+0000] {subprocess.py:106} INFO - 	at org.apache.hadoop.fs.s3a.Invoker.retryUntranslated(Invoker.java:414)
[2026-01-09T04:10:54.198+0000] {subprocess.py:106} INFO - 	at org.apache.hadoop.fs.s3a.Invoker.retryUntranslated(Invoker.java:377)
[2026-01-09T04:10:54.198+0000] {subprocess.py:106} INFO - 	at org.apache.hadoop.fs.s3a.S3AFileSystem.listObjects(S3AFileSystem.java:2586)
[2026-01-09T04:10:54.199+0000] {subprocess.py:106} INFO - 	at org.apache.hadoop.fs.s3a.S3AFileSystem.s3GetFileStatus(S3AFileSystem.java:3832)
[2026-01-09T04:10:54.200+0000] {subprocess.py:106} INFO - 	at org.apache.hadoop.fs.s3a.S3AFileSystem.innerGetFileStatus(S3AFileSystem.java:3688)
[2026-01-09T04:10:54.201+0000] {subprocess.py:106} INFO - 	at org.apache.hadoop.fs.s3a.S3AFileSystem.lambda$isDirectory$35(S3AFileSystem.java:4724)
[2026-01-09T04:10:54.201+0000] {subprocess.py:106} INFO - 	at org.apache.hadoop.fs.statistics.impl.IOStatisticsBinding.lambda$trackDurationOfOperation$5(IOStatisticsBinding.java:499)
[2026-01-09T04:10:54.202+0000] {subprocess.py:106} INFO - 	at org.apache.hadoop.fs.statistics.impl.IOStatisticsBinding.trackDuration(IOStatisticsBinding.java:444)
[2026-01-09T04:10:54.203+0000] {subprocess.py:106} INFO - 	at org.apache.hadoop.fs.s3a.S3AFileSystem.trackDurationAndSpan(S3AFileSystem.java:2337)
[2026-01-09T04:10:54.204+0000] {subprocess.py:106} INFO - 	at org.apache.hadoop.fs.s3a.S3AFileSystem.trackDurationAndSpan(S3AFileSystem.java:2356)
[2026-01-09T04:10:54.206+0000] {subprocess.py:106} INFO - 	at org.apache.hadoop.fs.s3a.S3AFileSystem.isDirectory(S3AFileSystem.java:4722)
[2026-01-09T04:10:54.208+0000] {subprocess.py:106} INFO - 	at org.apache.spark.sql.execution.streaming.FileStreamSink$.hasMetadata(FileStreamSink.scala:54)
[2026-01-09T04:10:54.209+0000] {subprocess.py:106} INFO - 	at org.apache.spark.sql.execution.datasources.DataSource.resolveRelation(DataSource.scala:366)
[2026-01-09T04:10:54.210+0000] {subprocess.py:106} INFO - 	at org.apache.spark.sql.DataFrameReader.loadV1Source(DataFrameReader.scala:229)
[2026-01-09T04:10:54.212+0000] {subprocess.py:106} INFO - 	at org.apache.spark.sql.DataFrameReader.$anonfun$load$2(DataFrameReader.scala:211)
[2026-01-09T04:10:54.214+0000] {subprocess.py:106} INFO - 	at scala.Option.getOrElse(Option.scala:189)
[2026-01-09T04:10:54.215+0000] {subprocess.py:106} INFO - 	at org.apache.spark.sql.DataFrameReader.load(DataFrameReader.scala:211)
[2026-01-09T04:10:54.217+0000] {subprocess.py:106} INFO - 	at org.apache.spark.sql.DataFrameReader.csv(DataFrameReader.scala:538)
[2026-01-09T04:10:54.218+0000] {subprocess.py:106} INFO - 	at java.base/jdk.internal.reflect.NativeMethodAccessorImpl.invoke0(Native Method)
[2026-01-09T04:10:54.219+0000] {subprocess.py:106} INFO - 	at java.base/jdk.internal.reflect.NativeMethodAccessorImpl.invoke(NativeMethodAccessorImpl.java:77)
[2026-01-09T04:10:54.220+0000] {subprocess.py:106} INFO - 	at java.base/jdk.internal.reflect.DelegatingMethodAccessorImpl.invoke(DelegatingMethodAccessorImpl.java:43)
[2026-01-09T04:10:54.222+0000] {subprocess.py:106} INFO - 	at java.base/java.lang.reflect.Method.invoke(Method.java:569)
[2026-01-09T04:10:54.223+0000] {subprocess.py:106} INFO - 	at py4j.reflection.MethodInvoker.invoke(MethodInvoker.java:244)
[2026-01-09T04:10:54.225+0000] {subprocess.py:106} INFO - 	at py4j.reflection.ReflectionEngine.invoke(ReflectionEngine.java:374)
[2026-01-09T04:10:54.226+0000] {subprocess.py:106} INFO - 	at py4j.Gateway.invoke(Gateway.java:282)
[2026-01-09T04:10:54.228+0000] {subprocess.py:106} INFO - 	at py4j.commands.AbstractCommand.invokeMethod(AbstractCommand.java:132)
[2026-01-09T04:10:54.228+0000] {subprocess.py:106} INFO - 	at py4j.commands.CallCommand.execute(CallCommand.java:79)
[2026-01-09T04:10:54.229+0000] {subprocess.py:106} INFO - 	at py4j.ClientServerConnection.waitForCommands(ClientServerConnection.java:182)
[2026-01-09T04:10:54.231+0000] {subprocess.py:106} INFO - 	at py4j.ClientServerConnection.run(ClientServerConnection.java:106)
[2026-01-09T04:10:54.232+0000] {subprocess.py:106} INFO - 	at java.base/java.lang.Thread.run(Thread.java:840)
[2026-01-09T04:10:54.233+0000] {subprocess.py:106} INFO - Caused by: java.net.ConnectException: Connection refused
[2026-01-09T04:10:54.233+0000] {subprocess.py:106} INFO - 	at java.base/sun.nio.ch.Net.pollConnect(Native Method)
[2026-01-09T04:10:54.234+0000] {subprocess.py:106} INFO - 	at java.base/sun.nio.ch.Net.pollConnectNow(Net.java:672)
[2026-01-09T04:10:54.235+0000] {subprocess.py:106} INFO - 	at java.base/sun.nio.ch.NioSocketImpl.timedFinishConnect(NioSocketImpl.java:554)
[2026-01-09T04:10:54.236+0000] {subprocess.py:106} INFO - 	at java.base/sun.nio.ch.NioSocketImpl.connect(NioSocketImpl.java:602)
[2026-01-09T04:10:54.237+0000] {subprocess.py:106} INFO - 	at java.base/java.net.Socket.connect(Socket.java:633)
[2026-01-09T04:10:54.238+0000] {subprocess.py:106} INFO - 	at java.base/sun.net.NetworkClient.doConnect(NetworkClient.java:178)
[2026-01-09T04:10:54.238+0000] {subprocess.py:106} INFO - 	at java.base/sun.net.www.http.HttpClient.openServer(HttpClient.java:533)
[2026-01-09T04:10:54.239+0000] {subprocess.py:106} INFO - 	at java.base/sun.net.www.http.HttpClient.openServer(HttpClient.java:638)
[2026-01-09T04:10:54.240+0000] {subprocess.py:106} INFO - 	at java.base/sun.net.www.http.HttpClient.<init>(HttpClient.java:283)
[2026-01-09T04:10:54.241+0000] {subprocess.py:106} INFO - 	at java.base/sun.net.www.http.HttpClient.New(HttpClient.java:386)
[2026-01-09T04:10:54.241+0000] {subprocess.py:106} INFO - 	at java.base/sun.net.www.http.HttpClient.New(HttpClient.java:408)
[2026-01-09T04:10:54.242+0000] {subprocess.py:106} INFO - 	at java.base/sun.net.www.protocol.http.HttpURLConnection.getNewHttpClient(HttpURLConnection.java:1329)
[2026-01-09T04:10:54.243+0000] {subprocess.py:106} INFO - 	at java.base/sun.net.www.protocol.http.HttpURLConnection.plainConnect0(HttpURLConnection.java:1307)
[2026-01-09T04:10:54.244+0000] {subprocess.py:106} INFO - 	at java.base/sun.net.www.protocol.http.HttpURLConnection.plainConnect(HttpURLConnection.java:1148)
[2026-01-09T04:10:54.245+0000] {subprocess.py:106} INFO - 	at java.base/sun.net.www.protocol.http.HttpURLConnection.connect(HttpURLConnection.java:1077)
[2026-01-09T04:10:54.245+0000] {subprocess.py:106} INFO - 	at com.amazonaws.internal.ConnectionUtils.connectToEndpoint(ConnectionUtils.java:95)
[2026-01-09T04:10:54.247+0000] {subprocess.py:106} INFO - 	at com.amazonaws.internal.EC2ResourceFetcher.doReadResource(EC2ResourceFetcher.java:80)
[2026-01-09T04:10:54.248+0000] {subprocess.py:106} INFO - 	... 59 more
[2026-01-09T04:10:54.249+0000] {subprocess.py:106} INFO - 26/01/09 04:10:54 WARN FileStreamSink: Assume no metadata directory. Error while looking for metadata directory in the path: s3a://***-paymentchain-dev-ben/transactions.csv.
[2026-01-09T04:10:54.250+0000] {subprocess.py:106} INFO - java.nio.file.AccessDeniedException: s3a://***-paymentchain-dev-ben/transactions.csv: org.apache.hadoop.fs.s3a.auth.NoAuthWithAWSException: No AWS Credentials provided by DefaultAWSCredentialsProviderChain : com.amazonaws.SdkClientException: Unable to load AWS credentials from any provider in the chain: [EnvironmentVariableCredentialsProvider: Unable to load AWS credentials from environment variables (AWS_ACCESS_KEY_ID (or AWS_ACCESS_KEY) and AWS_SECRET_KEY (or AWS_SECRET_ACCESS_KEY)), SystemPropertiesCredentialsProvider: Unable to load AWS credentials from Java system properties (aws.accessKeyId and aws.secretKey), WebIdentityTokenCredentialsProvider: You must specify a value for roleArn and roleSessionName, com.amazonaws.auth.profile.ProfileCredentialsProvider@7eea1836: profile file cannot be null, com.amazonaws.auth.EC2ContainerCredentialsProviderWrapper@2577bb30: Failed to connect to service endpoint: ]
[2026-01-09T04:10:54.251+0000] {subprocess.py:106} INFO - 	at org.apache.hadoop.fs.s3a.S3AUtils.translateException(S3AUtils.java:212)
[2026-01-09T04:10:54.252+0000] {subprocess.py:106} INFO - 	at org.apache.hadoop.fs.s3a.S3AUtils.translateException(S3AUtils.java:175)
[2026-01-09T04:10:54.253+0000] {subprocess.py:106} INFO - 	at org.apache.hadoop.fs.s3a.S3AFileSystem.s3GetFileStatus(S3AFileSystem.java:3861)
[2026-01-09T04:10:54.253+0000] {subprocess.py:106} INFO - 	at org.apache.hadoop.fs.s3a.S3AFileSystem.innerGetFileStatus(S3AFileSystem.java:3688)
[2026-01-09T04:10:54.254+0000] {subprocess.py:106} INFO - 	at org.apache.hadoop.fs.s3a.S3AFileSystem.lambda$isDirectory$35(S3AFileSystem.java:4724)
[2026-01-09T04:10:54.255+0000] {subprocess.py:106} INFO - 	at org.apache.hadoop.fs.statistics.impl.IOStatisticsBinding.lambda$trackDurationOfOperation$5(IOStatisticsBinding.java:499)
[2026-01-09T04:10:54.255+0000] {subprocess.py:106} INFO - 	at org.apache.hadoop.fs.statistics.impl.IOStatisticsBinding.trackDuration(IOStatisticsBinding.java:444)
[2026-01-09T04:10:54.256+0000] {subprocess.py:106} INFO - 	at org.apache.hadoop.fs.s3a.S3AFileSystem.trackDurationAndSpan(S3AFileSystem.java:2337)
[2026-01-09T04:10:54.257+0000] {subprocess.py:106} INFO - 	at org.apache.hadoop.fs.s3a.S3AFileSystem.trackDurationAndSpan(S3AFileSystem.java:2356)
[2026-01-09T04:10:54.257+0000] {subprocess.py:106} INFO - 	at org.apache.hadoop.fs.s3a.S3AFileSystem.isDirectory(S3AFileSystem.java:4722)
[2026-01-09T04:10:54.258+0000] {subprocess.py:106} INFO - 	at org.apache.spark.sql.execution.streaming.FileStreamSink$.hasMetadata(FileStreamSink.scala:54)
[2026-01-09T04:10:54.259+0000] {subprocess.py:106} INFO - 	at org.apache.spark.sql.execution.datasources.DataSource.resolveRelation(DataSource.scala:366)
[2026-01-09T04:10:54.260+0000] {subprocess.py:106} INFO - 	at org.apache.spark.sql.DataFrameReader.loadV1Source(DataFrameReader.scala:229)
[2026-01-09T04:10:54.260+0000] {subprocess.py:106} INFO - 	at org.apache.spark.sql.DataFrameReader.$anonfun$load$2(DataFrameReader.scala:211)
[2026-01-09T04:10:54.261+0000] {subprocess.py:106} INFO - 	at scala.Option.getOrElse(Option.scala:189)
[2026-01-09T04:10:54.262+0000] {subprocess.py:106} INFO - 	at org.apache.spark.sql.DataFrameReader.load(DataFrameReader.scala:211)
[2026-01-09T04:10:54.262+0000] {subprocess.py:106} INFO - 	at org.apache.spark.sql.DataFrameReader.csv(DataFrameReader.scala:538)
[2026-01-09T04:10:54.263+0000] {subprocess.py:106} INFO - 	at java.base/jdk.internal.reflect.NativeMethodAccessorImpl.invoke0(Native Method)
[2026-01-09T04:10:54.264+0000] {subprocess.py:106} INFO - 	at java.base/jdk.internal.reflect.NativeMethodAccessorImpl.invoke(NativeMethodAccessorImpl.java:77)
[2026-01-09T04:10:54.264+0000] {subprocess.py:106} INFO - 	at java.base/jdk.internal.reflect.DelegatingMethodAccessorImpl.invoke(DelegatingMethodAccessorImpl.java:43)
[2026-01-09T04:10:54.265+0000] {subprocess.py:106} INFO - 	at java.base/java.lang.reflect.Method.invoke(Method.java:569)
[2026-01-09T04:10:54.266+0000] {subprocess.py:106} INFO - 	at py4j.reflection.MethodInvoker.invoke(MethodInvoker.java:244)
[2026-01-09T04:10:54.267+0000] {subprocess.py:106} INFO - 	at py4j.reflection.ReflectionEngine.invoke(ReflectionEngine.java:374)
[2026-01-09T04:10:54.267+0000] {subprocess.py:106} INFO - 	at py4j.Gateway.invoke(Gateway.java:282)
[2026-01-09T04:10:54.268+0000] {subprocess.py:106} INFO - 	at py4j.commands.AbstractCommand.invokeMethod(AbstractCommand.java:132)
[2026-01-09T04:10:54.269+0000] {subprocess.py:106} INFO - 	at py4j.commands.CallCommand.execute(CallCommand.java:79)
[2026-01-09T04:10:54.270+0000] {subprocess.py:106} INFO - 	at py4j.ClientServerConnection.waitForCommands(ClientServerConnection.java:182)
[2026-01-09T04:10:54.271+0000] {subprocess.py:106} INFO - 	at py4j.ClientServerConnection.run(ClientServerConnection.java:106)
[2026-01-09T04:10:54.272+0000] {subprocess.py:106} INFO - 	at java.base/java.lang.Thread.run(Thread.java:840)
[2026-01-09T04:10:54.273+0000] {subprocess.py:106} INFO - Caused by: org.apache.hadoop.fs.s3a.auth.NoAuthWithAWSException: No AWS Credentials provided by DefaultAWSCredentialsProviderChain : com.amazonaws.SdkClientException: Unable to load AWS credentials from any provider in the chain: [EnvironmentVariableCredentialsProvider: Unable to load AWS credentials from environment variables (AWS_ACCESS_KEY_ID (or AWS_ACCESS_KEY) and AWS_SECRET_KEY (or AWS_SECRET_ACCESS_KEY)), SystemPropertiesCredentialsProvider: Unable to load AWS credentials from Java system properties (aws.accessKeyId and aws.secretKey), WebIdentityTokenCredentialsProvider: You must specify a value for roleArn and roleSessionName, com.amazonaws.auth.profile.ProfileCredentialsProvider@7eea1836: profile file cannot be null, com.amazonaws.auth.EC2ContainerCredentialsProviderWrapper@2577bb30: Failed to connect to service endpoint: ]
[2026-01-09T04:10:54.274+0000] {subprocess.py:106} INFO - 	at org.apache.hadoop.fs.s3a.AWSCredentialProviderList.getCredentials(AWSCredentialProviderList.java:216)
[2026-01-09T04:10:54.275+0000] {subprocess.py:106} INFO - 	at com.amazonaws.http.AmazonHttpClient$RequestExecutor.getCredentialsFromContext(AmazonHttpClient.java:1269)
[2026-01-09T04:10:54.275+0000] {subprocess.py:106} INFO - 	at com.amazonaws.http.AmazonHttpClient$RequestExecutor.runBeforeRequestHandlers(AmazonHttpClient.java:845)
[2026-01-09T04:10:54.276+0000] {subprocess.py:106} INFO - 	at com.amazonaws.http.AmazonHttpClient$RequestExecutor.doExecute(AmazonHttpClient.java:794)
[2026-01-09T04:10:54.277+0000] {subprocess.py:106} INFO - 	at com.amazonaws.http.AmazonHttpClient$RequestExecutor.executeWithTimer(AmazonHttpClient.java:781)
[2026-01-09T04:10:54.278+0000] {subprocess.py:106} INFO - 	at com.amazonaws.http.AmazonHttpClient$RequestExecutor.execute(AmazonHttpClient.java:755)
[2026-01-09T04:10:54.278+0000] {subprocess.py:106} INFO - 	at com.amazonaws.http.AmazonHttpClient$RequestExecutor.access$500(AmazonHttpClient.java:715)
[2026-01-09T04:10:54.279+0000] {subprocess.py:106} INFO - 	at com.amazonaws.http.AmazonHttpClient$RequestExecutionBuilderImpl.execute(AmazonHttpClient.java:697)
[2026-01-09T04:10:54.280+0000] {subprocess.py:106} INFO - 	at com.amazonaws.http.AmazonHttpClient.execute(AmazonHttpClient.java:561)
[2026-01-09T04:10:54.281+0000] {subprocess.py:106} INFO - 	at com.amazonaws.http.AmazonHttpClient.execute(AmazonHttpClient.java:541)
[2026-01-09T04:10:54.282+0000] {subprocess.py:106} INFO - 	at com.amazonaws.services.s3.AmazonS3Client.invoke(AmazonS3Client.java:5456)
[2026-01-09T04:10:54.282+0000] {subprocess.py:106} INFO - 	at com.amazonaws.services.s3.AmazonS3Client.getBucketRegionViaHeadRequest(AmazonS3Client.java:6431)
[2026-01-09T04:10:54.283+0000] {subprocess.py:106} INFO - 	at com.amazonaws.services.s3.AmazonS3Client.fetchRegionFromCache(AmazonS3Client.java:6404)
[2026-01-09T04:10:54.284+0000] {subprocess.py:106} INFO - 	at com.amazonaws.services.s3.AmazonS3Client.invoke(AmazonS3Client.java:5441)
[2026-01-09T04:10:54.285+0000] {subprocess.py:106} INFO - 	at com.amazonaws.services.s3.AmazonS3Client.invoke(AmazonS3Client.java:5403)
[2026-01-09T04:10:54.286+0000] {subprocess.py:106} INFO - 	at com.amazonaws.services.s3.AmazonS3Client.invoke(AmazonS3Client.java:5397)
[2026-01-09T04:10:54.287+0000] {subprocess.py:106} INFO - 	at com.amazonaws.services.s3.AmazonS3Client.listObjectsV2(AmazonS3Client.java:971)
[2026-01-09T04:10:54.287+0000] {subprocess.py:106} INFO - 	at org.apache.hadoop.fs.s3a.S3AFileSystem.lambda$listObjects$11(S3AFileSystem.java:2595)
[2026-01-09T04:10:54.288+0000] {subprocess.py:106} INFO - 	at org.apache.hadoop.fs.statistics.impl.IOStatisticsBinding.lambda$trackDurationOfOperation$5(IOStatisticsBinding.java:499)
[2026-01-09T04:10:54.289+0000] {subprocess.py:106} INFO - 	at org.apache.hadoop.fs.s3a.Invoker.retryUntranslated(Invoker.java:414)
[2026-01-09T04:10:54.290+0000] {subprocess.py:106} INFO - 	at org.apache.hadoop.fs.s3a.Invoker.retryUntranslated(Invoker.java:377)
[2026-01-09T04:10:54.291+0000] {subprocess.py:106} INFO - 	at org.apache.hadoop.fs.s3a.S3AFileSystem.listObjects(S3AFileSystem.java:2586)
[2026-01-09T04:10:54.292+0000] {subprocess.py:106} INFO - 	at org.apache.hadoop.fs.s3a.S3AFileSystem.s3GetFileStatus(S3AFileSystem.java:3832)
[2026-01-09T04:10:54.292+0000] {subprocess.py:106} INFO - 	... 26 more
[2026-01-09T04:10:54.293+0000] {subprocess.py:106} INFO - Caused by: com.amazonaws.SdkClientException: Unable to load AWS credentials from any provider in the chain: [EnvironmentVariableCredentialsProvider: Unable to load AWS credentials from environment variables (AWS_ACCESS_KEY_ID (or AWS_ACCESS_KEY) and AWS_SECRET_KEY (or AWS_SECRET_ACCESS_KEY)), SystemPropertiesCredentialsProvider: Unable to load AWS credentials from Java system properties (aws.accessKeyId and aws.secretKey), WebIdentityTokenCredentialsProvider: You must specify a value for roleArn and roleSessionName, com.amazonaws.auth.profile.ProfileCredentialsProvider@7eea1836: profile file cannot be null, com.amazonaws.auth.EC2ContainerCredentialsProviderWrapper@2577bb30: Failed to connect to service endpoint: ]
[2026-01-09T04:10:54.294+0000] {subprocess.py:106} INFO - 	at com.amazonaws.auth.AWSCredentialsProviderChain.getCredentials(AWSCredentialsProviderChain.java:136)
[2026-01-09T04:10:54.295+0000] {subprocess.py:106} INFO - 	at org.apache.hadoop.fs.s3a.AWSCredentialProviderList.getCredentials(AWSCredentialProviderList.java:177)
[2026-01-09T04:10:54.296+0000] {subprocess.py:106} INFO - 	... 48 more
[2026-01-09T04:10:54.297+0000] {subprocess.py:106} INFO - 26/01/09 04:10:54 WARN InstanceMetadataServiceResourceFetcher: Fail to retrieve token
[2026-01-09T04:10:54.298+0000] {subprocess.py:106} INFO - com.amazonaws.SdkClientException: Failed to connect to service endpoint:
[2026-01-09T04:10:54.299+0000] {subprocess.py:106} INFO - 	at com.amazonaws.internal.EC2ResourceFetcher.doReadResource(EC2ResourceFetcher.java:100)
[2026-01-09T04:10:54.300+0000] {subprocess.py:106} INFO - 	at com.amazonaws.internal.InstanceMetadataServiceResourceFetcher.getToken(InstanceMetadataServiceResourceFetcher.java:91)
[2026-01-09T04:10:54.301+0000] {subprocess.py:106} INFO - 	at com.amazonaws.internal.InstanceMetadataServiceResourceFetcher.readResource(InstanceMetadataServiceResourceFetcher.java:69)
[2026-01-09T04:10:54.304+0000] {subprocess.py:106} INFO - 	at com.amazonaws.internal.EC2ResourceFetcher.readResource(EC2ResourceFetcher.java:66)
[2026-01-09T04:10:54.310+0000] {subprocess.py:106} INFO - 	at com.amazonaws.auth.InstanceMetadataServiceCredentialsFetcher.getCredentialsEndpoint(InstanceMetadataServiceCredentialsFetcher.java:60)
[2026-01-09T04:10:54.311+0000] {subprocess.py:106} INFO - 	at com.amazonaws.auth.InstanceMetadataServiceCredentialsFetcher.getCredentialsResponse(InstanceMetadataServiceCredentialsFetcher.java:48)
[2026-01-09T04:10:54.312+0000] {subprocess.py:106} INFO - 	at com.amazonaws.auth.BaseCredentialsFetcher.fetchCredentials(BaseCredentialsFetcher.java:124)
[2026-01-09T04:10:54.313+0000] {subprocess.py:106} INFO - 	at com.amazonaws.auth.BaseCredentialsFetcher.getCredentials(BaseCredentialsFetcher.java:80)
[2026-01-09T04:10:54.314+0000] {subprocess.py:106} INFO - 	at com.amazonaws.auth.InstanceProfileCredentialsProvider.getCredentials(InstanceProfileCredentialsProvider.java:166)
[2026-01-09T04:10:54.315+0000] {subprocess.py:106} INFO - 	at com.amazonaws.auth.EC2ContainerCredentialsProviderWrapper.getCredentials(EC2ContainerCredentialsProviderWrapper.java:75)
[2026-01-09T04:10:54.316+0000] {subprocess.py:106} INFO - 	at com.amazonaws.auth.AWSCredentialsProviderChain.getCredentials(AWSCredentialsProviderChain.java:117)
[2026-01-09T04:10:54.317+0000] {subprocess.py:106} INFO - 	at org.apache.hadoop.fs.s3a.AWSCredentialProviderList.getCredentials(AWSCredentialProviderList.java:177)
[2026-01-09T04:10:54.318+0000] {subprocess.py:106} INFO - 	at com.amazonaws.http.AmazonHttpClient$RequestExecutor.getCredentialsFromContext(AmazonHttpClient.java:1269)
[2026-01-09T04:10:54.319+0000] {subprocess.py:106} INFO - 	at com.amazonaws.http.AmazonHttpClient$RequestExecutor.runBeforeRequestHandlers(AmazonHttpClient.java:845)
[2026-01-09T04:10:54.321+0000] {subprocess.py:106} INFO - 	at com.amazonaws.http.AmazonHttpClient$RequestExecutor.doExecute(AmazonHttpClient.java:794)
[2026-01-09T04:10:54.322+0000] {subprocess.py:106} INFO - 	at com.amazonaws.http.AmazonHttpClient$RequestExecutor.executeWithTimer(AmazonHttpClient.java:781)
[2026-01-09T04:10:54.322+0000] {subprocess.py:106} INFO - 	at com.amazonaws.http.AmazonHttpClient$RequestExecutor.execute(AmazonHttpClient.java:755)
[2026-01-09T04:10:54.323+0000] {subprocess.py:106} INFO - 	at com.amazonaws.http.AmazonHttpClient$RequestExecutor.access$500(AmazonHttpClient.java:715)
[2026-01-09T04:10:54.324+0000] {subprocess.py:106} INFO - 	at com.amazonaws.http.AmazonHttpClient$RequestExecutionBuilderImpl.execute(AmazonHttpClient.java:697)
[2026-01-09T04:10:54.324+0000] {subprocess.py:106} INFO - 	at com.amazonaws.http.AmazonHttpClient.execute(AmazonHttpClient.java:561)
[2026-01-09T04:10:54.325+0000] {subprocess.py:106} INFO - 	at com.amazonaws.http.AmazonHttpClient.execute(AmazonHttpClient.java:541)
[2026-01-09T04:10:54.326+0000] {subprocess.py:106} INFO - 	at com.amazonaws.services.s3.AmazonS3Client.invoke(AmazonS3Client.java:5456)
[2026-01-09T04:10:54.327+0000] {subprocess.py:106} INFO - 	at com.amazonaws.services.s3.AmazonS3Client.getBucketRegionViaHeadRequest(AmazonS3Client.java:6431)
[2026-01-09T04:10:54.328+0000] {subprocess.py:106} INFO - 	at com.amazonaws.services.s3.AmazonS3Client.fetchRegionFromCache(AmazonS3Client.java:6404)
[2026-01-09T04:10:54.328+0000] {subprocess.py:106} INFO - 	at com.amazonaws.services.s3.AmazonS3Client.invoke(AmazonS3Client.java:5441)
[2026-01-09T04:10:54.329+0000] {subprocess.py:106} INFO - 	at com.amazonaws.services.s3.AmazonS3Client.invoke(AmazonS3Client.java:5403)
[2026-01-09T04:10:54.330+0000] {subprocess.py:106} INFO - 	at com.amazonaws.services.s3.AmazonS3Client.getObjectMetadata(AmazonS3Client.java:1372)
[2026-01-09T04:10:54.331+0000] {subprocess.py:106} INFO - 	at org.apache.hadoop.fs.s3a.S3AFileSystem.lambda$getObjectMetadata$10(S3AFileSystem.java:2545)
[2026-01-09T04:10:54.331+0000] {subprocess.py:106} INFO - 	at org.apache.hadoop.fs.s3a.Invoker.retryUntranslated(Invoker.java:414)
[2026-01-09T04:10:54.332+0000] {subprocess.py:106} INFO - 	at org.apache.hadoop.fs.s3a.Invoker.retryUntranslated(Invoker.java:377)
[2026-01-09T04:10:54.333+0000] {subprocess.py:106} INFO - 	at org.apache.hadoop.fs.s3a.S3AFileSystem.getObjectMetadata(S3AFileSystem.java:2533)
[2026-01-09T04:10:54.334+0000] {subprocess.py:106} INFO - 	at org.apache.hadoop.fs.s3a.S3AFileSystem.getObjectMetadata(S3AFileSystem.java:2513)
[2026-01-09T04:10:54.335+0000] {subprocess.py:106} INFO - 	at org.apache.hadoop.fs.s3a.S3AFileSystem.s3GetFileStatus(S3AFileSystem.java:3776)
[2026-01-09T04:10:54.336+0000] {subprocess.py:106} INFO - 	at org.apache.hadoop.fs.s3a.S3AFileSystem.innerGetFileStatus(S3AFileSystem.java:3688)
[2026-01-09T04:10:54.336+0000] {subprocess.py:106} INFO - 	at org.apache.hadoop.fs.s3a.S3AFileSystem.lambda$exists$34(S3AFileSystem.java:4703)
[2026-01-09T04:10:54.337+0000] {subprocess.py:106} INFO - 	at org.apache.hadoop.fs.statistics.impl.IOStatisticsBinding.lambda$trackDurationOfOperation$5(IOStatisticsBinding.java:499)
[2026-01-09T04:10:54.338+0000] {subprocess.py:106} INFO - 	at org.apache.hadoop.fs.statistics.impl.IOStatisticsBinding.trackDuration(IOStatisticsBinding.java:444)
[2026-01-09T04:10:54.338+0000] {subprocess.py:106} INFO - 	at org.apache.hadoop.fs.s3a.S3AFileSystem.trackDurationAndSpan(S3AFileSystem.java:2337)
[2026-01-09T04:10:54.339+0000] {subprocess.py:106} INFO - 	at org.apache.hadoop.fs.s3a.S3AFileSystem.trackDurationAndSpan(S3AFileSystem.java:2356)
[2026-01-09T04:10:54.340+0000] {subprocess.py:106} INFO - 	at org.apache.hadoop.fs.s3a.S3AFileSystem.exists(S3AFileSystem.java:4701)
[2026-01-09T04:10:54.340+0000] {subprocess.py:106} INFO - 	at org.apache.spark.sql.execution.datasources.DataSource$.$anonfun$checkAndGlobPathIfNecessary$4(DataSource.scala:756)
[2026-01-09T04:10:54.341+0000] {subprocess.py:106} INFO - 	at org.apache.spark.sql.execution.datasources.DataSource$.$anonfun$checkAndGlobPathIfNecessary$4$adapted(DataSource.scala:754)
[2026-01-09T04:10:54.342+0000] {subprocess.py:106} INFO - 	at org.apache.spark.util.ThreadUtils$.$anonfun$parmap$2(ThreadUtils.scala:380)
[2026-01-09T04:10:54.342+0000] {subprocess.py:106} INFO - 	at scala.concurrent.Future$.$anonfun$apply$1(Future.scala:659)
[2026-01-09T04:10:54.343+0000] {subprocess.py:106} INFO - 	at scala.util.Success.$anonfun$map$1(Try.scala:255)
[2026-01-09T04:10:54.344+0000] {subprocess.py:106} INFO - 	at scala.util.Success.map(Try.scala:213)
[2026-01-09T04:10:54.344+0000] {subprocess.py:106} INFO - 	at scala.concurrent.Future.$anonfun$map$1(Future.scala:292)
[2026-01-09T04:10:54.345+0000] {subprocess.py:106} INFO - 	at scala.concurrent.impl.Promise.liftedTree1$1(Promise.scala:33)
[2026-01-09T04:10:54.346+0000] {subprocess.py:106} INFO - 	at scala.concurrent.impl.Promise.$anonfun$transform$1(Promise.scala:33)
[2026-01-09T04:10:54.346+0000] {subprocess.py:106} INFO - 	at scala.concurrent.impl.CallbackRunnable.run(Promise.scala:64)
[2026-01-09T04:10:54.347+0000] {subprocess.py:106} INFO - 	at java.base/java.util.concurrent.ForkJoinTask$RunnableExecuteAction.exec(ForkJoinTask.java:1395)
[2026-01-09T04:10:54.348+0000] {subprocess.py:106} INFO - 	at java.base/java.util.concurrent.ForkJoinTask.doExec(ForkJoinTask.java:373)
[2026-01-09T04:10:54.348+0000] {subprocess.py:106} INFO - 	at java.base/java.util.concurrent.ForkJoinPool$WorkQueue.topLevelExec(ForkJoinPool.java:1182)
[2026-01-09T04:10:54.349+0000] {subprocess.py:106} INFO - 	at java.base/java.util.concurrent.ForkJoinPool.scan(ForkJoinPool.java:1655)
[2026-01-09T04:10:54.350+0000] {subprocess.py:106} INFO - 	at java.base/java.util.concurrent.ForkJoinPool.runWorker(ForkJoinPool.java:1622)
[2026-01-09T04:10:54.350+0000] {subprocess.py:106} INFO - 	at java.base/java.util.concurrent.ForkJoinWorkerThread.run(ForkJoinWorkerThread.java:165)
[2026-01-09T04:10:54.351+0000] {subprocess.py:106} INFO - Caused by: java.net.ConnectException: Connection refused
[2026-01-09T04:10:54.352+0000] {subprocess.py:106} INFO - 	at java.base/sun.nio.ch.Net.pollConnect(Native Method)
[2026-01-09T04:10:54.352+0000] {subprocess.py:106} INFO - 	at java.base/sun.nio.ch.Net.pollConnectNow(Net.java:672)
[2026-01-09T04:10:54.353+0000] {subprocess.py:106} INFO - 	at java.base/sun.nio.ch.NioSocketImpl.timedFinishConnect(NioSocketImpl.java:554)
[2026-01-09T04:10:54.354+0000] {subprocess.py:106} INFO - 	at java.base/sun.nio.ch.NioSocketImpl.connect(NioSocketImpl.java:602)
[2026-01-09T04:10:54.355+0000] {subprocess.py:106} INFO - 	at java.base/java.net.Socket.connect(Socket.java:633)
[2026-01-09T04:10:54.355+0000] {subprocess.py:106} INFO - 	at java.base/sun.net.NetworkClient.doConnect(NetworkClient.java:178)
[2026-01-09T04:10:54.356+0000] {subprocess.py:106} INFO - 	at java.base/sun.net.www.http.HttpClient.openServer(HttpClient.java:533)
[2026-01-09T04:10:54.357+0000] {subprocess.py:106} INFO - 	at java.base/sun.net.www.http.HttpClient.openServer(HttpClient.java:638)
[2026-01-09T04:10:54.358+0000] {subprocess.py:106} INFO - 	at java.base/sun.net.www.http.HttpClient.<init>(HttpClient.java:283)
[2026-01-09T04:10:54.359+0000] {subprocess.py:106} INFO - 	at java.base/sun.net.www.http.HttpClient.New(HttpClient.java:386)
[2026-01-09T04:10:54.360+0000] {subprocess.py:106} INFO - 	at java.base/sun.net.www.http.HttpClient.New(HttpClient.java:408)
[2026-01-09T04:10:54.360+0000] {subprocess.py:106} INFO - 	at java.base/sun.net.www.protocol.http.HttpURLConnection.getNewHttpClient(HttpURLConnection.java:1329)
[2026-01-09T04:10:54.361+0000] {subprocess.py:106} INFO - 	at java.base/sun.net.www.protocol.http.HttpURLConnection.plainConnect0(HttpURLConnection.java:1307)
[2026-01-09T04:10:54.362+0000] {subprocess.py:106} INFO - 	at java.base/sun.net.www.protocol.http.HttpURLConnection.plainConnect(HttpURLConnection.java:1148)
[2026-01-09T04:10:54.363+0000] {subprocess.py:106} INFO - 	at java.base/sun.net.www.protocol.http.HttpURLConnection.connect(HttpURLConnection.java:1077)
[2026-01-09T04:10:54.363+0000] {subprocess.py:106} INFO - 	at com.amazonaws.internal.ConnectionUtils.connectToEndpoint(ConnectionUtils.java:95)
[2026-01-09T04:10:54.364+0000] {subprocess.py:106} INFO - 	at com.amazonaws.internal.EC2ResourceFetcher.doReadResource(EC2ResourceFetcher.java:80)
[2026-01-09T04:10:54.365+0000] {subprocess.py:106} INFO - 	... 55 more
[2026-01-09T04:10:54.679+0000] {subprocess.py:106} INFO - ============================================================
[2026-01-09T04:10:54.683+0000] {subprocess.py:106} INFO - PAYMENTCHAIN TRANSACTION PROCESSOR (S3)
[2026-01-09T04:10:54.685+0000] {subprocess.py:106} INFO - ============================================================
[2026-01-09T04:10:54.686+0000] {subprocess.py:106} INFO - Spark Version: 3.5.0
[2026-01-09T04:10:54.687+0000] {subprocess.py:106} INFO - Input Bucket: s3a://***-paymentchain-dev-ben
[2026-01-09T04:10:54.688+0000] {subprocess.py:106} INFO - Output Bucket: s3a://***-paymentchain-output-ben
[2026-01-09T04:10:54.689+0000] {subprocess.py:106} INFO - ============================================================
[2026-01-09T04:10:54.690+0000] {subprocess.py:106} INFO - 
[2026-01-09T04:10:54.691+0000] {subprocess.py:106} INFO - [1/7] Loading data from S3...
[2026-01-09T04:10:54.691+0000] {subprocess.py:106} INFO - 
[2026-01-09T04:10:54.692+0000] {subprocess.py:106} INFO - ============================================================
[2026-01-09T04:10:54.693+0000] {subprocess.py:106} INFO - ❌ ERROR DURING PROCESSING
[2026-01-09T04:10:54.693+0000] {subprocess.py:106} INFO - ============================================================
[2026-01-09T04:10:54.694+0000] {subprocess.py:106} INFO - Error: An error occurred while calling o34.csv.
[2026-01-09T04:10:54.695+0000] {subprocess.py:106} INFO - : java.nio.file.AccessDeniedException: s3a://***-paymentchain-dev-ben/transactions.csv: org.apache.hadoop.fs.s3a.auth.NoAuthWithAWSException: No AWS Credentials provided by DefaultAWSCredentialsProviderChain : com.amazonaws.SdkClientException: Unable to load AWS credentials from any provider in the chain: [EnvironmentVariableCredentialsProvider: Unable to load AWS credentials from environment variables (AWS_ACCESS_KEY_ID (or AWS_ACCESS_KEY) and AWS_SECRET_KEY (or AWS_SECRET_ACCESS_KEY)), SystemPropertiesCredentialsProvider: Unable to load AWS credentials from Java system properties (aws.accessKeyId and aws.secretKey), WebIdentityTokenCredentialsProvider: You must specify a value for roleArn and roleSessionName, com.amazonaws.auth.profile.ProfileCredentialsProvider@7eea1836: profile file cannot be null, com.amazonaws.auth.EC2ContainerCredentialsProviderWrapper@2577bb30: Failed to connect to service endpoint: ]
[2026-01-09T04:10:54.696+0000] {subprocess.py:106} INFO - 	at org.apache.hadoop.fs.s3a.S3AUtils.translateException(S3AUtils.java:212)
[2026-01-09T04:10:54.697+0000] {subprocess.py:106} INFO - 	at org.apache.hadoop.fs.s3a.S3AUtils.translateException(S3AUtils.java:175)
[2026-01-09T04:10:54.698+0000] {subprocess.py:106} INFO - 	at org.apache.hadoop.fs.s3a.S3AFileSystem.s3GetFileStatus(S3AFileSystem.java:3799)
[2026-01-09T04:10:54.698+0000] {subprocess.py:106} INFO - 	at org.apache.hadoop.fs.s3a.S3AFileSystem.innerGetFileStatus(S3AFileSystem.java:3688)
[2026-01-09T04:10:54.699+0000] {subprocess.py:106} INFO - 	at org.apache.hadoop.fs.s3a.S3AFileSystem.lambda$exists$34(S3AFileSystem.java:4703)
[2026-01-09T04:10:54.699+0000] {subprocess.py:106} INFO - 	at org.apache.hadoop.fs.statistics.impl.IOStatisticsBinding.lambda$trackDurationOfOperation$5(IOStatisticsBinding.java:499)
[2026-01-09T04:10:54.700+0000] {subprocess.py:106} INFO - 	at org.apache.hadoop.fs.statistics.impl.IOStatisticsBinding.trackDuration(IOStatisticsBinding.java:444)
[2026-01-09T04:10:54.701+0000] {subprocess.py:106} INFO - 	at org.apache.hadoop.fs.s3a.S3AFileSystem.trackDurationAndSpan(S3AFileSystem.java:2337)
[2026-01-09T04:10:54.701+0000] {subprocess.py:106} INFO - 	at org.apache.hadoop.fs.s3a.S3AFileSystem.trackDurationAndSpan(S3AFileSystem.java:2356)
[2026-01-09T04:10:54.702+0000] {subprocess.py:106} INFO - 	at org.apache.hadoop.fs.s3a.S3AFileSystem.exists(S3AFileSystem.java:4701)
[2026-01-09T04:10:54.703+0000] {subprocess.py:106} INFO - 	at org.apache.spark.sql.execution.datasources.DataSource$.$anonfun$checkAndGlobPathIfNecessary$4(DataSource.scala:756)
[2026-01-09T04:10:54.703+0000] {subprocess.py:106} INFO - 	at org.apache.spark.sql.execution.datasources.DataSource$.$anonfun$checkAndGlobPathIfNecessary$4$adapted(DataSource.scala:754)
[2026-01-09T04:10:54.704+0000] {subprocess.py:106} INFO - 	at org.apache.spark.util.ThreadUtils$.$anonfun$parmap$2(ThreadUtils.scala:380)
[2026-01-09T04:10:54.705+0000] {subprocess.py:106} INFO - 	at scala.concurrent.Future$.$anonfun$apply$1(Future.scala:659)
[2026-01-09T04:10:54.705+0000] {subprocess.py:106} INFO - 	at scala.util.Success.$anonfun$map$1(Try.scala:255)
[2026-01-09T04:10:54.706+0000] {subprocess.py:106} INFO - 	at scala.util.Success.map(Try.scala:213)
[2026-01-09T04:10:54.706+0000] {subprocess.py:106} INFO - 	at scala.concurrent.Future.$anonfun$map$1(Future.scala:292)
[2026-01-09T04:10:54.707+0000] {subprocess.py:106} INFO - 	at scala.concurrent.impl.Promise.liftedTree1$1(Promise.scala:33)
[2026-01-09T04:10:54.708+0000] {subprocess.py:106} INFO - 	at scala.concurrent.impl.Promise.$anonfun$transform$1(Promise.scala:33)
[2026-01-09T04:10:54.708+0000] {subprocess.py:106} INFO - 	at scala.concurrent.impl.CallbackRunnable.run(Promise.scala:64)
[2026-01-09T04:10:54.709+0000] {subprocess.py:106} INFO - 	at java.base/java.util.concurrent.ForkJoinTask$RunnableExecuteAction.exec(ForkJoinTask.java:1395)
[2026-01-09T04:10:54.710+0000] {subprocess.py:106} INFO - 	at java.base/java.util.concurrent.ForkJoinTask.doExec(ForkJoinTask.java:373)
[2026-01-09T04:10:54.711+0000] {subprocess.py:106} INFO - 	at java.base/java.util.concurrent.ForkJoinPool$WorkQueue.topLevelExec(ForkJoinPool.java:1182)
[2026-01-09T04:10:54.711+0000] {subprocess.py:106} INFO - 	at java.base/java.util.concurrent.ForkJoinPool.scan(ForkJoinPool.java:1655)
[2026-01-09T04:10:54.712+0000] {subprocess.py:106} INFO - 	at java.base/java.util.concurrent.ForkJoinPool.runWorker(ForkJoinPool.java:1622)
[2026-01-09T04:10:54.713+0000] {subprocess.py:106} INFO - 	at java.base/java.util.concurrent.ForkJoinWorkerThread.run(ForkJoinWorkerThread.java:165)
[2026-01-09T04:10:54.713+0000] {subprocess.py:106} INFO - Caused by: org.apache.hadoop.fs.s3a.auth.NoAuthWithAWSException: No AWS Credentials provided by DefaultAWSCredentialsProviderChain : com.amazonaws.SdkClientException: Unable to load AWS credentials from any provider in the chain: [EnvironmentVariableCredentialsProvider: Unable to load AWS credentials from environment variables (AWS_ACCESS_KEY_ID (or AWS_ACCESS_KEY) and AWS_SECRET_KEY (or AWS_SECRET_ACCESS_KEY)), SystemPropertiesCredentialsProvider: Unable to load AWS credentials from Java system properties (aws.accessKeyId and aws.secretKey), WebIdentityTokenCredentialsProvider: You must specify a value for roleArn and roleSessionName, com.amazonaws.auth.profile.ProfileCredentialsProvider@7eea1836: profile file cannot be null, com.amazonaws.auth.EC2ContainerCredentialsProviderWrapper@2577bb30: Failed to connect to service endpoint: ]
[2026-01-09T04:10:54.714+0000] {subprocess.py:106} INFO - 	at org.apache.hadoop.fs.s3a.AWSCredentialProviderList.getCredentials(AWSCredentialProviderList.java:216)
[2026-01-09T04:10:54.715+0000] {subprocess.py:106} INFO - 	at com.amazonaws.http.AmazonHttpClient$RequestExecutor.getCredentialsFromContext(AmazonHttpClient.java:1269)
[2026-01-09T04:10:54.715+0000] {subprocess.py:106} INFO - 	at com.amazonaws.http.AmazonHttpClient$RequestExecutor.runBeforeRequestHandlers(AmazonHttpClient.java:845)
[2026-01-09T04:10:54.716+0000] {subprocess.py:106} INFO - 	at com.amazonaws.http.AmazonHttpClient$RequestExecutor.doExecute(AmazonHttpClient.java:794)
[2026-01-09T04:10:54.717+0000] {subprocess.py:106} INFO - 	at com.amazonaws.http.AmazonHttpClient$RequestExecutor.executeWithTimer(AmazonHttpClient.java:781)
[2026-01-09T04:10:54.717+0000] {subprocess.py:106} INFO - 	at com.amazonaws.http.AmazonHttpClient$RequestExecutor.execute(AmazonHttpClient.java:755)
[2026-01-09T04:10:54.718+0000] {subprocess.py:106} INFO - 	at com.amazonaws.http.AmazonHttpClient$RequestExecutor.access$500(AmazonHttpClient.java:715)
[2026-01-09T04:10:54.719+0000] {subprocess.py:106} INFO - 	at com.amazonaws.http.AmazonHttpClient$RequestExecutionBuilderImpl.execute(AmazonHttpClient.java:697)
[2026-01-09T04:10:54.719+0000] {subprocess.py:106} INFO - 	at com.amazonaws.http.AmazonHttpClient.execute(AmazonHttpClient.java:561)
[2026-01-09T04:10:54.720+0000] {subprocess.py:106} INFO - 	at com.amazonaws.http.AmazonHttpClient.execute(AmazonHttpClient.java:541)
[2026-01-09T04:10:54.721+0000] {subprocess.py:106} INFO - 	at com.amazonaws.services.s3.AmazonS3Client.invoke(AmazonS3Client.java:5456)
[2026-01-09T04:10:54.721+0000] {subprocess.py:106} INFO - 	at com.amazonaws.services.s3.AmazonS3Client.getBucketRegionViaHeadRequest(AmazonS3Client.java:6431)
[2026-01-09T04:10:54.722+0000] {subprocess.py:106} INFO - 	at com.amazonaws.services.s3.AmazonS3Client.fetchRegionFromCache(AmazonS3Client.java:6404)
[2026-01-09T04:10:54.723+0000] {subprocess.py:106} INFO - 	at com.amazonaws.services.s3.AmazonS3Client.invoke(AmazonS3Client.java:5441)
[2026-01-09T04:10:54.723+0000] {subprocess.py:106} INFO - 	at com.amazonaws.services.s3.AmazonS3Client.invoke(AmazonS3Client.java:5403)
[2026-01-09T04:10:54.724+0000] {subprocess.py:106} INFO - 	at com.amazonaws.services.s3.AmazonS3Client.getObjectMetadata(AmazonS3Client.java:1372)
[2026-01-09T04:10:54.725+0000] {subprocess.py:106} INFO - 	at org.apache.hadoop.fs.s3a.S3AFileSystem.lambda$getObjectMetadata$10(S3AFileSystem.java:2545)
[2026-01-09T04:10:54.725+0000] {subprocess.py:106} INFO - 	at org.apache.hadoop.fs.s3a.Invoker.retryUntranslated(Invoker.java:414)
[2026-01-09T04:10:54.726+0000] {subprocess.py:106} INFO - 	at org.apache.hadoop.fs.s3a.Invoker.retryUntranslated(Invoker.java:377)
[2026-01-09T04:10:54.727+0000] {subprocess.py:106} INFO - 	at org.apache.hadoop.fs.s3a.S3AFileSystem.getObjectMetadata(S3AFileSystem.java:2533)
[2026-01-09T04:10:54.728+0000] {subprocess.py:106} INFO - 	at org.apache.hadoop.fs.s3a.S3AFileSystem.getObjectMetadata(S3AFileSystem.java:2513)
[2026-01-09T04:10:54.728+0000] {subprocess.py:106} INFO - 	at org.apache.hadoop.fs.s3a.S3AFileSystem.s3GetFileStatus(S3AFileSystem.java:3776)
[2026-01-09T04:10:54.729+0000] {subprocess.py:106} INFO - 	... 23 more
[2026-01-09T04:10:54.730+0000] {subprocess.py:106} INFO - Caused by: com.amazonaws.SdkClientException: Unable to load AWS credentials from any provider in the chain: [EnvironmentVariableCredentialsProvider: Unable to load AWS credentials from environment variables (AWS_ACCESS_KEY_ID (or AWS_ACCESS_KEY) and AWS_SECRET_KEY (or AWS_SECRET_ACCESS_KEY)), SystemPropertiesCredentialsProvider: Unable to load AWS credentials from Java system properties (aws.accessKeyId and aws.secretKey), WebIdentityTokenCredentialsProvider: You must specify a value for roleArn and roleSessionName, com.amazonaws.auth.profile.ProfileCredentialsProvider@7eea1836: profile file cannot be null, com.amazonaws.auth.EC2ContainerCredentialsProviderWrapper@2577bb30: Failed to connect to service endpoint: ]
[2026-01-09T04:10:54.730+0000] {subprocess.py:106} INFO - 	at com.amazonaws.auth.AWSCredentialsProviderChain.getCredentials(AWSCredentialsProviderChain.java:136)
[2026-01-09T04:10:54.731+0000] {subprocess.py:106} INFO - 	at org.apache.hadoop.fs.s3a.AWSCredentialProviderList.getCredentials(AWSCredentialProviderList.java:177)
[2026-01-09T04:10:54.732+0000] {subprocess.py:106} INFO - 	... 44 more
[2026-01-09T04:10:54.732+0000] {subprocess.py:106} INFO - 
[2026-01-09T04:10:54.733+0000] {subprocess.py:106} INFO - ============================================================
[2026-01-09T04:10:55.068+0000] {subprocess.py:110} INFO - Command exited with return code 1
[2026-01-09T04:10:55.079+0000] {taskinstance.py:3311} ERROR - Task failed with exception
Traceback (most recent call last):
  File "/home/airflow/.local/lib/python3.11/site-packages/airflow/models/taskinstance.py", line 767, in _execute_task
    result = _execute_callable(context=context, **execute_callable_kwargs)
             ^^^^^^^^^^^^^^^^^^^^^^^^^^^^^^^^^^^^^^^^^^^^^^^^^^^^^^^^^^^^^
  File "/home/airflow/.local/lib/python3.11/site-packages/airflow/models/taskinstance.py", line 733, in _execute_callable
    return ExecutionCallableRunner(
           ^^^^^^^^^^^^^^^^^^^^^^^^
  File "/home/airflow/.local/lib/python3.11/site-packages/airflow/utils/operator_helpers.py", line 252, in run
    return self.func(*args, **kwargs)
           ^^^^^^^^^^^^^^^^^^^^^^^^^^
  File "/home/airflow/.local/lib/python3.11/site-packages/airflow/models/baseoperator.py", line 422, in wrapper
    return func(self, *args, **kwargs)
           ^^^^^^^^^^^^^^^^^^^^^^^^^^^
  File "/home/airflow/.local/lib/python3.11/site-packages/airflow/operators/bash.py", line 276, in execute
    raise AirflowException(
airflow.exceptions.AirflowException: Bash command failed. The command returned a non-zero exit code 1.
[2026-01-09T04:10:55.086+0000] {logging_mixin.py:190} INFO - Task instance in failure state
[2026-01-09T04:10:55.087+0000] {logging_mixin.py:190} INFO - Task start:2026-01-09 04:10:46.241272+00:00 end:2026-01-09 04:10:55.085620+00:00 duration:8.844348
[2026-01-09T04:10:55.088+0000] {logging_mixin.py:190} INFO - Task:<Task(BashOperator): run_pyspark_processor> dag:<DAG: payment_processor> dagrun:<DagRun payment_processor @ 2026-01-09 04:10:44.463801+00:00: manual__2026-01-09T04:10:44.463801+00:00, state:running, queued_at: 2026-01-09 04:10:44.471643+00:00. externally triggered: True>
[2026-01-09T04:10:55.089+0000] {logging_mixin.py:190} INFO - Failure caused by Bash command failed. The command returned a non-zero exit code 1.
[2026-01-09T04:10:55.090+0000] {taskinstance.py:1225} INFO - Marking task as UP_FOR_RETRY. dag_id=payment_processor, task_id=run_pyspark_processor, run_id=manual__2026-01-09T04:10:44.463801+00:00, execution_date=20260109T041044, start_date=20260109T041046, end_date=20260109T041055
[2026-01-09T04:10:55.283+0000] {taskinstance.py:340} INFO - ::group::Post task execution logs
[2026-01-09T04:10:55.284+0000] {standard_task_runner.py:124} ERROR - Failed to execute job 7 for task run_pyspark_processor (Bash command failed. The command returned a non-zero exit code 1.; 1328)
Traceback (most recent call last):
  File "/home/airflow/.local/lib/python3.11/site-packages/airflow/task/task_runner/standard_task_runner.py", line 117, in _start_by_fork
    ret = args.func(args, dag=self.dag)
          ^^^^^^^^^^^^^^^^^^^^^^^^^^^^^
  File "/home/airflow/.local/lib/python3.11/site-packages/airflow/cli/cli_config.py", line 49, in command
    return func(*args, **kwargs)
           ^^^^^^^^^^^^^^^^^^^^^
  File "/home/airflow/.local/lib/python3.11/site-packages/airflow/utils/cli.py", line 116, in wrapper
    return f(*args, **kwargs)
           ^^^^^^^^^^^^^^^^^^
  File "/home/airflow/.local/lib/python3.11/site-packages/airflow/cli/commands/task_command.py", line 483, in task_run
    task_return_code = _run_task_by_selected_method(args, _dag, ti)
                       ^^^^^^^^^^^^^^^^^^^^^^^^^^^^^^^^^^^^^^^^^^^^
  File "/home/airflow/.local/lib/python3.11/site-packages/airflow/cli/commands/task_command.py", line 256, in _run_task_by_selected_method
    return _run_raw_task(args, ti)
           ^^^^^^^^^^^^^^^^^^^^^^^
  File "/home/airflow/.local/lib/python3.11/site-packages/airflow/cli/commands/task_command.py", line 341, in _run_raw_task
    return ti._run_raw_task(
           ^^^^^^^^^^^^^^^^^
  File "/home/airflow/.local/lib/python3.11/site-packages/airflow/utils/session.py", line 97, in wrapper
    return func(*args, session=session, **kwargs)
           ^^^^^^^^^^^^^^^^^^^^^^^^^^^^^^^^^^^^^^
  File "/home/airflow/.local/lib/python3.11/site-packages/airflow/models/taskinstance.py", line 3005, in _run_raw_task
    return _run_raw_task(
           ^^^^^^^^^^^^^^
  File "/home/airflow/.local/lib/python3.11/site-packages/airflow/models/taskinstance.py", line 273, in _run_raw_task
    TaskInstance._execute_task_with_callbacks(
  File "/home/airflow/.local/lib/python3.11/site-packages/airflow/models/taskinstance.py", line 3159, in _execute_task_with_callbacks
    result = self._execute_task(context, task_orig)
             ^^^^^^^^^^^^^^^^^^^^^^^^^^^^^^^^^^^^^^
  File "/home/airflow/.local/lib/python3.11/site-packages/airflow/models/taskinstance.py", line 3183, in _execute_task
    return _execute_task(self, context, task_orig)
           ^^^^^^^^^^^^^^^^^^^^^^^^^^^^^^^^^^^^^^^
  File "/home/airflow/.local/lib/python3.11/site-packages/airflow/models/taskinstance.py", line 767, in _execute_task
    result = _execute_callable(context=context, **execute_callable_kwargs)
             ^^^^^^^^^^^^^^^^^^^^^^^^^^^^^^^^^^^^^^^^^^^^^^^^^^^^^^^^^^^^^
  File "/home/airflow/.local/lib/python3.11/site-packages/airflow/models/taskinstance.py", line 733, in _execute_callable
    return ExecutionCallableRunner(
           ^^^^^^^^^^^^^^^^^^^^^^^^
  File "/home/airflow/.local/lib/python3.11/site-packages/airflow/utils/operator_helpers.py", line 252, in run
    return self.func(*args, **kwargs)
           ^^^^^^^^^^^^^^^^^^^^^^^^^^
  File "/home/airflow/.local/lib/python3.11/site-packages/airflow/models/baseoperator.py", line 422, in wrapper
    return func(self, *args, **kwargs)
           ^^^^^^^^^^^^^^^^^^^^^^^^^^^
  File "/home/airflow/.local/lib/python3.11/site-packages/airflow/operators/bash.py", line 276, in execute
    raise AirflowException(
airflow.exceptions.AirflowException: Bash command failed. The command returned a non-zero exit code 1.
[2026-01-09T04:10:55.316+0000] {local_task_job_runner.py:266} INFO - Task exited with return code 1
[2026-01-09T04:10:55.330+0000] {taskinstance.py:3895} INFO - 0 downstream tasks scheduled from follow-on schedule check
[2026-01-09T04:10:55.332+0000] {local_task_job_runner.py:245} INFO - ::endgroup::
