[2026-01-09T04:15:57.086+0000] {local_task_job_runner.py:123} INFO - ::group::Pre task execution logs
[2026-01-09T04:15:57.097+0000] {taskinstance.py:2613} INFO - Dependencies all met for dep_context=non-requeueable deps ti=<TaskInstance: payment_processor.run_pyspark_processor manual__2026-01-09T04:10:44.463801+00:00 [queued]>
[2026-01-09T04:15:57.104+0000] {taskinstance.py:2613} INFO - Dependencies all met for dep_context=requeueable deps ti=<TaskInstance: payment_processor.run_pyspark_processor manual__2026-01-09T04:10:44.463801+00:00 [queued]>
[2026-01-09T04:15:57.106+0000] {taskinstance.py:2866} INFO - Starting attempt 2 of 2
[2026-01-09T04:15:57.116+0000] {taskinstance.py:2889} INFO - Executing <Task(BashOperator): run_pyspark_processor> on 2026-01-09 04:10:44.463801+00:00
[2026-01-09T04:15:57.121+0000] {standard_task_runner.py:72} INFO - Started process 1596 to run task
[2026-01-09T04:15:57.125+0000] {standard_task_runner.py:104} INFO - Running: ['***', 'tasks', 'run', 'payment_processor', 'run_pyspark_processor', 'manual__2026-01-09T04:10:44.463801+00:00', '--job-id', '8', '--raw', '--subdir', 'DAGS_FOLDER/payment_batch_dag.py', '--cfg-path', '/tmp/tmph3v9_fqm']
[2026-01-09T04:15:57.127+0000] {standard_task_runner.py:105} INFO - Job 8: Subtask run_pyspark_processor
[2026-01-09T04:15:57.187+0000] {task_command.py:467} INFO - Running <TaskInstance: payment_processor.run_pyspark_processor manual__2026-01-09T04:10:44.463801+00:00 [running]> on host 6c3dc48d1c66
[2026-01-09T04:15:57.258+0000] {taskinstance.py:3132} INFO - Exporting env vars: AIRFLOW_CTX_DAG_OWNER='benas' AIRFLOW_CTX_DAG_ID='payment_processor' AIRFLOW_CTX_TASK_ID='run_pyspark_processor' AIRFLOW_CTX_EXECUTION_DATE='2026-01-09T04:10:44.463801+00:00' AIRFLOW_CTX_TRY_NUMBER='2' AIRFLOW_CTX_DAG_RUN_ID='manual__2026-01-09T04:10:44.463801+00:00'
[2026-01-09T04:15:57.260+0000] {logging_mixin.py:190} INFO - Task instance is in running state
[2026-01-09T04:15:57.261+0000] {logging_mixin.py:190} INFO -  Previous state of the Task instance: queued
[2026-01-09T04:15:57.262+0000] {logging_mixin.py:190} INFO - Current task name:run_pyspark_processor state:running start_date:2026-01-09 04:15:57.098980+00:00
[2026-01-09T04:15:57.263+0000] {logging_mixin.py:190} INFO - Dag name:payment_processor and current dag run status:running
[2026-01-09T04:15:57.264+0000] {taskinstance.py:731} INFO - ::endgroup::
[2026-01-09T04:15:57.266+0000] {subprocess.py:78} INFO - Tmp dir root location: /tmp
[2026-01-09T04:15:57.267+0000] {subprocess.py:88} INFO - Running command: ['/usr/bin/bash', '-c', 'cd /opt/***/payment_processor && python process_transactions.py']
[2026-01-09T04:15:57.279+0000] {subprocess.py:99} INFO - Output:
[2026-01-09T04:15:57.772+0000] {subprocess.py:106} INFO - /home/***/.local/lib/python3.11/site-packages/pyspark/bin/load-spark-env.sh: line 68: ps: command not found
[2026-01-09T04:16:00.056+0000] {subprocess.py:106} INFO - 26/01/09 04:16:00 WARN NativeCodeLoader: Unable to load native-hadoop library for your platform... using builtin-java classes where applicable
[2026-01-09T04:16:00.271+0000] {subprocess.py:106} INFO - Setting default log level to "WARN".
[2026-01-09T04:16:00.272+0000] {subprocess.py:106} INFO - To adjust logging level use sc.setLogLevel(newLevel). For SparkR, use setLogLevel(newLevel).
[2026-01-09T04:16:04.320+0000] {subprocess.py:106} INFO - 26/01/09 04:16:04 WARN MetricsConfig: Cannot locate configuration: tried hadoop-metrics2-s3a-file-system.properties,hadoop-metrics2.properties
[2026-01-09T04:16:05.107+0000] {subprocess.py:106} INFO - 26/01/09 04:16:05 WARN InstanceMetadataServiceResourceFetcher: Fail to retrieve token
[2026-01-09T04:16:05.108+0000] {subprocess.py:106} INFO - com.amazonaws.SdkClientException: Failed to connect to service endpoint:
[2026-01-09T04:16:05.109+0000] {subprocess.py:106} INFO - 	at com.amazonaws.internal.EC2ResourceFetcher.doReadResource(EC2ResourceFetcher.java:100)
[2026-01-09T04:16:05.110+0000] {subprocess.py:106} INFO - 	at com.amazonaws.internal.InstanceMetadataServiceResourceFetcher.getToken(InstanceMetadataServiceResourceFetcher.java:91)
[2026-01-09T04:16:05.110+0000] {subprocess.py:106} INFO - 	at com.amazonaws.internal.InstanceMetadataServiceResourceFetcher.readResource(InstanceMetadataServiceResourceFetcher.java:69)
[2026-01-09T04:16:05.111+0000] {subprocess.py:106} INFO - 	at com.amazonaws.internal.EC2ResourceFetcher.readResource(EC2ResourceFetcher.java:66)
[2026-01-09T04:16:05.112+0000] {subprocess.py:106} INFO - 	at com.amazonaws.auth.InstanceMetadataServiceCredentialsFetcher.getCredentialsEndpoint(InstanceMetadataServiceCredentialsFetcher.java:60)
[2026-01-09T04:16:05.113+0000] {subprocess.py:106} INFO - 	at com.amazonaws.auth.InstanceMetadataServiceCredentialsFetcher.getCredentialsResponse(InstanceMetadataServiceCredentialsFetcher.java:48)
[2026-01-09T04:16:05.113+0000] {subprocess.py:106} INFO - 	at com.amazonaws.auth.BaseCredentialsFetcher.fetchCredentials(BaseCredentialsFetcher.java:124)
[2026-01-09T04:16:05.114+0000] {subprocess.py:106} INFO - 	at com.amazonaws.auth.BaseCredentialsFetcher.getCredentials(BaseCredentialsFetcher.java:80)
[2026-01-09T04:16:05.115+0000] {subprocess.py:106} INFO - 	at com.amazonaws.auth.InstanceProfileCredentialsProvider.getCredentials(InstanceProfileCredentialsProvider.java:166)
[2026-01-09T04:16:05.115+0000] {subprocess.py:106} INFO - 	at com.amazonaws.auth.EC2ContainerCredentialsProviderWrapper.getCredentials(EC2ContainerCredentialsProviderWrapper.java:75)
[2026-01-09T04:16:05.116+0000] {subprocess.py:106} INFO - 	at com.amazonaws.auth.AWSCredentialsProviderChain.getCredentials(AWSCredentialsProviderChain.java:117)
[2026-01-09T04:16:05.117+0000] {subprocess.py:106} INFO - 	at org.apache.hadoop.fs.s3a.AWSCredentialProviderList.getCredentials(AWSCredentialProviderList.java:177)
[2026-01-09T04:16:05.117+0000] {subprocess.py:106} INFO - 	at com.amazonaws.http.AmazonHttpClient$RequestExecutor.getCredentialsFromContext(AmazonHttpClient.java:1269)
[2026-01-09T04:16:05.118+0000] {subprocess.py:106} INFO - 	at com.amazonaws.http.AmazonHttpClient$RequestExecutor.runBeforeRequestHandlers(AmazonHttpClient.java:845)
[2026-01-09T04:16:05.119+0000] {subprocess.py:106} INFO - 	at com.amazonaws.http.AmazonHttpClient$RequestExecutor.doExecute(AmazonHttpClient.java:794)
[2026-01-09T04:16:05.119+0000] {subprocess.py:106} INFO - 	at com.amazonaws.http.AmazonHttpClient$RequestExecutor.executeWithTimer(AmazonHttpClient.java:781)
[2026-01-09T04:16:05.120+0000] {subprocess.py:106} INFO - 	at com.amazonaws.http.AmazonHttpClient$RequestExecutor.execute(AmazonHttpClient.java:755)
[2026-01-09T04:16:05.121+0000] {subprocess.py:106} INFO - 	at com.amazonaws.http.AmazonHttpClient$RequestExecutor.access$500(AmazonHttpClient.java:715)
[2026-01-09T04:16:05.122+0000] {subprocess.py:106} INFO - 	at com.amazonaws.http.AmazonHttpClient$RequestExecutionBuilderImpl.execute(AmazonHttpClient.java:697)
[2026-01-09T04:16:05.123+0000] {subprocess.py:106} INFO - 	at com.amazonaws.http.AmazonHttpClient.execute(AmazonHttpClient.java:561)
[2026-01-09T04:16:05.123+0000] {subprocess.py:106} INFO - 	at com.amazonaws.http.AmazonHttpClient.execute(AmazonHttpClient.java:541)
[2026-01-09T04:16:05.124+0000] {subprocess.py:106} INFO - 	at com.amazonaws.services.s3.AmazonS3Client.invoke(AmazonS3Client.java:5456)
[2026-01-09T04:16:05.125+0000] {subprocess.py:106} INFO - 	at com.amazonaws.services.s3.AmazonS3Client.getBucketRegionViaHeadRequest(AmazonS3Client.java:6431)
[2026-01-09T04:16:05.126+0000] {subprocess.py:106} INFO - 	at com.amazonaws.services.s3.AmazonS3Client.fetchRegionFromCache(AmazonS3Client.java:6404)
[2026-01-09T04:16:05.127+0000] {subprocess.py:106} INFO - 	at com.amazonaws.services.s3.AmazonS3Client.invoke(AmazonS3Client.java:5441)
[2026-01-09T04:16:05.128+0000] {subprocess.py:106} INFO - 	at com.amazonaws.services.s3.AmazonS3Client.invoke(AmazonS3Client.java:5403)
[2026-01-09T04:16:05.128+0000] {subprocess.py:106} INFO - 	at com.amazonaws.services.s3.AmazonS3Client.invoke(AmazonS3Client.java:5397)
[2026-01-09T04:16:05.129+0000] {subprocess.py:106} INFO - 	at com.amazonaws.services.s3.AmazonS3Client.listObjectsV2(AmazonS3Client.java:971)
[2026-01-09T04:16:05.130+0000] {subprocess.py:106} INFO - 	at org.apache.hadoop.fs.s3a.S3AFileSystem.lambda$listObjects$11(S3AFileSystem.java:2595)
[2026-01-09T04:16:05.131+0000] {subprocess.py:106} INFO - 	at org.apache.hadoop.fs.statistics.impl.IOStatisticsBinding.lambda$trackDurationOfOperation$5(IOStatisticsBinding.java:499)
[2026-01-09T04:16:05.131+0000] {subprocess.py:106} INFO - 	at org.apache.hadoop.fs.s3a.Invoker.retryUntranslated(Invoker.java:414)
[2026-01-09T04:16:05.132+0000] {subprocess.py:106} INFO - 	at org.apache.hadoop.fs.s3a.Invoker.retryUntranslated(Invoker.java:377)
[2026-01-09T04:16:05.133+0000] {subprocess.py:106} INFO - 	at org.apache.hadoop.fs.s3a.S3AFileSystem.listObjects(S3AFileSystem.java:2586)
[2026-01-09T04:16:05.134+0000] {subprocess.py:106} INFO - 	at org.apache.hadoop.fs.s3a.S3AFileSystem.s3GetFileStatus(S3AFileSystem.java:3832)
[2026-01-09T04:16:05.134+0000] {subprocess.py:106} INFO - 	at org.apache.hadoop.fs.s3a.S3AFileSystem.innerGetFileStatus(S3AFileSystem.java:3688)
[2026-01-09T04:16:05.135+0000] {subprocess.py:106} INFO - 	at org.apache.hadoop.fs.s3a.S3AFileSystem.lambda$isDirectory$35(S3AFileSystem.java:4724)
[2026-01-09T04:16:05.136+0000] {subprocess.py:106} INFO - 	at org.apache.hadoop.fs.statistics.impl.IOStatisticsBinding.lambda$trackDurationOfOperation$5(IOStatisticsBinding.java:499)
[2026-01-09T04:16:05.138+0000] {subprocess.py:106} INFO - 	at org.apache.hadoop.fs.statistics.impl.IOStatisticsBinding.trackDuration(IOStatisticsBinding.java:444)
[2026-01-09T04:16:05.139+0000] {subprocess.py:106} INFO - 	at org.apache.hadoop.fs.s3a.S3AFileSystem.trackDurationAndSpan(S3AFileSystem.java:2337)
[2026-01-09T04:16:05.140+0000] {subprocess.py:106} INFO - 	at org.apache.hadoop.fs.s3a.S3AFileSystem.trackDurationAndSpan(S3AFileSystem.java:2356)
[2026-01-09T04:16:05.141+0000] {subprocess.py:106} INFO - 	at org.apache.hadoop.fs.s3a.S3AFileSystem.isDirectory(S3AFileSystem.java:4722)
[2026-01-09T04:16:05.142+0000] {subprocess.py:106} INFO - 	at org.apache.spark.sql.execution.streaming.FileStreamSink$.hasMetadata(FileStreamSink.scala:54)
[2026-01-09T04:16:05.143+0000] {subprocess.py:106} INFO - 	at org.apache.spark.sql.execution.datasources.DataSource.resolveRelation(DataSource.scala:366)
[2026-01-09T04:16:05.144+0000] {subprocess.py:106} INFO - 	at org.apache.spark.sql.DataFrameReader.loadV1Source(DataFrameReader.scala:229)
[2026-01-09T04:16:05.145+0000] {subprocess.py:106} INFO - 	at org.apache.spark.sql.DataFrameReader.$anonfun$load$2(DataFrameReader.scala:211)
[2026-01-09T04:16:05.145+0000] {subprocess.py:106} INFO - 	at scala.Option.getOrElse(Option.scala:189)
[2026-01-09T04:16:05.146+0000] {subprocess.py:106} INFO - 	at org.apache.spark.sql.DataFrameReader.load(DataFrameReader.scala:211)
[2026-01-09T04:16:05.147+0000] {subprocess.py:106} INFO - 	at org.apache.spark.sql.DataFrameReader.csv(DataFrameReader.scala:538)
[2026-01-09T04:16:05.148+0000] {subprocess.py:106} INFO - 	at java.base/jdk.internal.reflect.NativeMethodAccessorImpl.invoke0(Native Method)
[2026-01-09T04:16:05.149+0000] {subprocess.py:106} INFO - 	at java.base/jdk.internal.reflect.NativeMethodAccessorImpl.invoke(NativeMethodAccessorImpl.java:77)
[2026-01-09T04:16:05.149+0000] {subprocess.py:106} INFO - 	at java.base/jdk.internal.reflect.DelegatingMethodAccessorImpl.invoke(DelegatingMethodAccessorImpl.java:43)
[2026-01-09T04:16:05.150+0000] {subprocess.py:106} INFO - 	at java.base/java.lang.reflect.Method.invoke(Method.java:569)
[2026-01-09T04:16:05.151+0000] {subprocess.py:106} INFO - 	at py4j.reflection.MethodInvoker.invoke(MethodInvoker.java:244)
[2026-01-09T04:16:05.152+0000] {subprocess.py:106} INFO - 	at py4j.reflection.ReflectionEngine.invoke(ReflectionEngine.java:374)
[2026-01-09T04:16:05.153+0000] {subprocess.py:106} INFO - 	at py4j.Gateway.invoke(Gateway.java:282)
[2026-01-09T04:16:05.153+0000] {subprocess.py:106} INFO - 	at py4j.commands.AbstractCommand.invokeMethod(AbstractCommand.java:132)
[2026-01-09T04:16:05.154+0000] {subprocess.py:106} INFO - 	at py4j.commands.CallCommand.execute(CallCommand.java:79)
[2026-01-09T04:16:05.155+0000] {subprocess.py:106} INFO - 	at py4j.ClientServerConnection.waitForCommands(ClientServerConnection.java:182)
[2026-01-09T04:16:05.156+0000] {subprocess.py:106} INFO - 	at py4j.ClientServerConnection.run(ClientServerConnection.java:106)
[2026-01-09T04:16:05.157+0000] {subprocess.py:106} INFO - 	at java.base/java.lang.Thread.run(Thread.java:840)
[2026-01-09T04:16:05.158+0000] {subprocess.py:106} INFO - Caused by: java.net.ConnectException: Connection refused
[2026-01-09T04:16:05.158+0000] {subprocess.py:106} INFO - 	at java.base/sun.nio.ch.Net.pollConnect(Native Method)
[2026-01-09T04:16:05.159+0000] {subprocess.py:106} INFO - 	at java.base/sun.nio.ch.Net.pollConnectNow(Net.java:672)
[2026-01-09T04:16:05.160+0000] {subprocess.py:106} INFO - 	at java.base/sun.nio.ch.NioSocketImpl.timedFinishConnect(NioSocketImpl.java:554)
[2026-01-09T04:16:05.162+0000] {subprocess.py:106} INFO - 	at java.base/sun.nio.ch.NioSocketImpl.connect(NioSocketImpl.java:602)
[2026-01-09T04:16:05.163+0000] {subprocess.py:106} INFO - 	at java.base/java.net.Socket.connect(Socket.java:633)
[2026-01-09T04:16:05.163+0000] {subprocess.py:106} INFO - 	at java.base/sun.net.NetworkClient.doConnect(NetworkClient.java:178)
[2026-01-09T04:16:05.164+0000] {subprocess.py:106} INFO - 	at java.base/sun.net.www.http.HttpClient.openServer(HttpClient.java:533)
[2026-01-09T04:16:05.165+0000] {subprocess.py:106} INFO - 	at java.base/sun.net.www.http.HttpClient.openServer(HttpClient.java:638)
[2026-01-09T04:16:05.166+0000] {subprocess.py:106} INFO - 	at java.base/sun.net.www.http.HttpClient.<init>(HttpClient.java:283)
[2026-01-09T04:16:05.167+0000] {subprocess.py:106} INFO - 	at java.base/sun.net.www.http.HttpClient.New(HttpClient.java:386)
[2026-01-09T04:16:05.168+0000] {subprocess.py:106} INFO - 	at java.base/sun.net.www.http.HttpClient.New(HttpClient.java:408)
[2026-01-09T04:16:05.168+0000] {subprocess.py:106} INFO - 	at java.base/sun.net.www.protocol.http.HttpURLConnection.getNewHttpClient(HttpURLConnection.java:1329)
[2026-01-09T04:16:05.169+0000] {subprocess.py:106} INFO - 	at java.base/sun.net.www.protocol.http.HttpURLConnection.plainConnect0(HttpURLConnection.java:1307)
[2026-01-09T04:16:05.170+0000] {subprocess.py:106} INFO - 	at java.base/sun.net.www.protocol.http.HttpURLConnection.plainConnect(HttpURLConnection.java:1148)
[2026-01-09T04:16:05.171+0000] {subprocess.py:106} INFO - 	at java.base/sun.net.www.protocol.http.HttpURLConnection.connect(HttpURLConnection.java:1077)
[2026-01-09T04:16:05.171+0000] {subprocess.py:106} INFO - 	at com.amazonaws.internal.ConnectionUtils.connectToEndpoint(ConnectionUtils.java:95)
[2026-01-09T04:16:05.172+0000] {subprocess.py:106} INFO - 	at com.amazonaws.internal.EC2ResourceFetcher.doReadResource(EC2ResourceFetcher.java:80)
[2026-01-09T04:16:05.173+0000] {subprocess.py:106} INFO - 	... 59 more
[2026-01-09T04:16:05.174+0000] {subprocess.py:106} INFO - 26/01/09 04:16:05 WARN FileStreamSink: Assume no metadata directory. Error while looking for metadata directory in the path: s3a://***-paymentchain-dev-ben/transactions.csv.
[2026-01-09T04:16:05.174+0000] {subprocess.py:106} INFO - java.nio.file.AccessDeniedException: s3a://***-paymentchain-dev-ben/transactions.csv: org.apache.hadoop.fs.s3a.auth.NoAuthWithAWSException: No AWS Credentials provided by DefaultAWSCredentialsProviderChain : com.amazonaws.SdkClientException: Unable to load AWS credentials from any provider in the chain: [EnvironmentVariableCredentialsProvider: Unable to load AWS credentials from environment variables (AWS_ACCESS_KEY_ID (or AWS_ACCESS_KEY) and AWS_SECRET_KEY (or AWS_SECRET_ACCESS_KEY)), SystemPropertiesCredentialsProvider: Unable to load AWS credentials from Java system properties (aws.accessKeyId and aws.secretKey), WebIdentityTokenCredentialsProvider: You must specify a value for roleArn and roleSessionName, com.amazonaws.auth.profile.ProfileCredentialsProvider@5c18924e: profile file cannot be null, com.amazonaws.auth.EC2ContainerCredentialsProviderWrapper@41d3e1c: Failed to connect to service endpoint: ]
[2026-01-09T04:16:05.175+0000] {subprocess.py:106} INFO - 	at org.apache.hadoop.fs.s3a.S3AUtils.translateException(S3AUtils.java:212)
[2026-01-09T04:16:05.176+0000] {subprocess.py:106} INFO - 	at org.apache.hadoop.fs.s3a.S3AUtils.translateException(S3AUtils.java:175)
[2026-01-09T04:16:05.177+0000] {subprocess.py:106} INFO - 	at org.apache.hadoop.fs.s3a.S3AFileSystem.s3GetFileStatus(S3AFileSystem.java:3861)
[2026-01-09T04:16:05.177+0000] {subprocess.py:106} INFO - 	at org.apache.hadoop.fs.s3a.S3AFileSystem.innerGetFileStatus(S3AFileSystem.java:3688)
[2026-01-09T04:16:05.178+0000] {subprocess.py:106} INFO - 	at org.apache.hadoop.fs.s3a.S3AFileSystem.lambda$isDirectory$35(S3AFileSystem.java:4724)
[2026-01-09T04:16:05.179+0000] {subprocess.py:106} INFO - 	at org.apache.hadoop.fs.statistics.impl.IOStatisticsBinding.lambda$trackDurationOfOperation$5(IOStatisticsBinding.java:499)
[2026-01-09T04:16:05.180+0000] {subprocess.py:106} INFO - 	at org.apache.hadoop.fs.statistics.impl.IOStatisticsBinding.trackDuration(IOStatisticsBinding.java:444)
[2026-01-09T04:16:05.180+0000] {subprocess.py:106} INFO - 	at org.apache.hadoop.fs.s3a.S3AFileSystem.trackDurationAndSpan(S3AFileSystem.java:2337)
[2026-01-09T04:16:05.181+0000] {subprocess.py:106} INFO - 	at org.apache.hadoop.fs.s3a.S3AFileSystem.trackDurationAndSpan(S3AFileSystem.java:2356)
[2026-01-09T04:16:05.182+0000] {subprocess.py:106} INFO - 	at org.apache.hadoop.fs.s3a.S3AFileSystem.isDirectory(S3AFileSystem.java:4722)
[2026-01-09T04:16:05.182+0000] {subprocess.py:106} INFO - 	at org.apache.spark.sql.execution.streaming.FileStreamSink$.hasMetadata(FileStreamSink.scala:54)
[2026-01-09T04:16:05.183+0000] {subprocess.py:106} INFO - 	at org.apache.spark.sql.execution.datasources.DataSource.resolveRelation(DataSource.scala:366)
[2026-01-09T04:16:05.184+0000] {subprocess.py:106} INFO - 	at org.apache.spark.sql.DataFrameReader.loadV1Source(DataFrameReader.scala:229)
[2026-01-09T04:16:05.185+0000] {subprocess.py:106} INFO - 	at org.apache.spark.sql.DataFrameReader.$anonfun$load$2(DataFrameReader.scala:211)
[2026-01-09T04:16:05.185+0000] {subprocess.py:106} INFO - 	at scala.Option.getOrElse(Option.scala:189)
[2026-01-09T04:16:05.186+0000] {subprocess.py:106} INFO - 	at org.apache.spark.sql.DataFrameReader.load(DataFrameReader.scala:211)
[2026-01-09T04:16:05.187+0000] {subprocess.py:106} INFO - 	at org.apache.spark.sql.DataFrameReader.csv(DataFrameReader.scala:538)
[2026-01-09T04:16:05.188+0000] {subprocess.py:106} INFO - 	at java.base/jdk.internal.reflect.NativeMethodAccessorImpl.invoke0(Native Method)
[2026-01-09T04:16:05.188+0000] {subprocess.py:106} INFO - 	at java.base/jdk.internal.reflect.NativeMethodAccessorImpl.invoke(NativeMethodAccessorImpl.java:77)
[2026-01-09T04:16:05.189+0000] {subprocess.py:106} INFO - 	at java.base/jdk.internal.reflect.DelegatingMethodAccessorImpl.invoke(DelegatingMethodAccessorImpl.java:43)
[2026-01-09T04:16:05.190+0000] {subprocess.py:106} INFO - 	at java.base/java.lang.reflect.Method.invoke(Method.java:569)
[2026-01-09T04:16:05.190+0000] {subprocess.py:106} INFO - 	at py4j.reflection.MethodInvoker.invoke(MethodInvoker.java:244)
[2026-01-09T04:16:05.191+0000] {subprocess.py:106} INFO - 	at py4j.reflection.ReflectionEngine.invoke(ReflectionEngine.java:374)
[2026-01-09T04:16:05.192+0000] {subprocess.py:106} INFO - 	at py4j.Gateway.invoke(Gateway.java:282)
[2026-01-09T04:16:05.193+0000] {subprocess.py:106} INFO - 	at py4j.commands.AbstractCommand.invokeMethod(AbstractCommand.java:132)
[2026-01-09T04:16:05.193+0000] {subprocess.py:106} INFO - 	at py4j.commands.CallCommand.execute(CallCommand.java:79)
[2026-01-09T04:16:05.194+0000] {subprocess.py:106} INFO - 	at py4j.ClientServerConnection.waitForCommands(ClientServerConnection.java:182)
[2026-01-09T04:16:05.195+0000] {subprocess.py:106} INFO - 	at py4j.ClientServerConnection.run(ClientServerConnection.java:106)
[2026-01-09T04:16:05.196+0000] {subprocess.py:106} INFO - 	at java.base/java.lang.Thread.run(Thread.java:840)
[2026-01-09T04:16:05.197+0000] {subprocess.py:106} INFO - Caused by: org.apache.hadoop.fs.s3a.auth.NoAuthWithAWSException: No AWS Credentials provided by DefaultAWSCredentialsProviderChain : com.amazonaws.SdkClientException: Unable to load AWS credentials from any provider in the chain: [EnvironmentVariableCredentialsProvider: Unable to load AWS credentials from environment variables (AWS_ACCESS_KEY_ID (or AWS_ACCESS_KEY) and AWS_SECRET_KEY (or AWS_SECRET_ACCESS_KEY)), SystemPropertiesCredentialsProvider: Unable to load AWS credentials from Java system properties (aws.accessKeyId and aws.secretKey), WebIdentityTokenCredentialsProvider: You must specify a value for roleArn and roleSessionName, com.amazonaws.auth.profile.ProfileCredentialsProvider@5c18924e: profile file cannot be null, com.amazonaws.auth.EC2ContainerCredentialsProviderWrapper@41d3e1c: Failed to connect to service endpoint: ]
[2026-01-09T04:16:05.198+0000] {subprocess.py:106} INFO - 	at org.apache.hadoop.fs.s3a.AWSCredentialProviderList.getCredentials(AWSCredentialProviderList.java:216)
[2026-01-09T04:16:05.198+0000] {subprocess.py:106} INFO - 	at com.amazonaws.http.AmazonHttpClient$RequestExecutor.getCredentialsFromContext(AmazonHttpClient.java:1269)
[2026-01-09T04:16:05.199+0000] {subprocess.py:106} INFO - 	at com.amazonaws.http.AmazonHttpClient$RequestExecutor.runBeforeRequestHandlers(AmazonHttpClient.java:845)
[2026-01-09T04:16:05.200+0000] {subprocess.py:106} INFO - 	at com.amazonaws.http.AmazonHttpClient$RequestExecutor.doExecute(AmazonHttpClient.java:794)
[2026-01-09T04:16:05.201+0000] {subprocess.py:106} INFO - 	at com.amazonaws.http.AmazonHttpClient$RequestExecutor.executeWithTimer(AmazonHttpClient.java:781)
[2026-01-09T04:16:05.201+0000] {subprocess.py:106} INFO - 	at com.amazonaws.http.AmazonHttpClient$RequestExecutor.execute(AmazonHttpClient.java:755)
[2026-01-09T04:16:05.202+0000] {subprocess.py:106} INFO - 	at com.amazonaws.http.AmazonHttpClient$RequestExecutor.access$500(AmazonHttpClient.java:715)
[2026-01-09T04:16:05.203+0000] {subprocess.py:106} INFO - 	at com.amazonaws.http.AmazonHttpClient$RequestExecutionBuilderImpl.execute(AmazonHttpClient.java:697)
[2026-01-09T04:16:05.204+0000] {subprocess.py:106} INFO - 	at com.amazonaws.http.AmazonHttpClient.execute(AmazonHttpClient.java:561)
[2026-01-09T04:16:05.204+0000] {subprocess.py:106} INFO - 	at com.amazonaws.http.AmazonHttpClient.execute(AmazonHttpClient.java:541)
[2026-01-09T04:16:05.205+0000] {subprocess.py:106} INFO - 	at com.amazonaws.services.s3.AmazonS3Client.invoke(AmazonS3Client.java:5456)
[2026-01-09T04:16:05.206+0000] {subprocess.py:106} INFO - 	at com.amazonaws.services.s3.AmazonS3Client.getBucketRegionViaHeadRequest(AmazonS3Client.java:6431)
[2026-01-09T04:16:05.206+0000] {subprocess.py:106} INFO - 	at com.amazonaws.services.s3.AmazonS3Client.fetchRegionFromCache(AmazonS3Client.java:6404)
[2026-01-09T04:16:05.207+0000] {subprocess.py:106} INFO - 	at com.amazonaws.services.s3.AmazonS3Client.invoke(AmazonS3Client.java:5441)
[2026-01-09T04:16:05.208+0000] {subprocess.py:106} INFO - 	at com.amazonaws.services.s3.AmazonS3Client.invoke(AmazonS3Client.java:5403)
[2026-01-09T04:16:05.208+0000] {subprocess.py:106} INFO - 	at com.amazonaws.services.s3.AmazonS3Client.invoke(AmazonS3Client.java:5397)
[2026-01-09T04:16:05.209+0000] {subprocess.py:106} INFO - 	at com.amazonaws.services.s3.AmazonS3Client.listObjectsV2(AmazonS3Client.java:971)
[2026-01-09T04:16:05.210+0000] {subprocess.py:106} INFO - 	at org.apache.hadoop.fs.s3a.S3AFileSystem.lambda$listObjects$11(S3AFileSystem.java:2595)
[2026-01-09T04:16:05.211+0000] {subprocess.py:106} INFO - 	at org.apache.hadoop.fs.statistics.impl.IOStatisticsBinding.lambda$trackDurationOfOperation$5(IOStatisticsBinding.java:499)
[2026-01-09T04:16:05.212+0000] {subprocess.py:106} INFO - 	at org.apache.hadoop.fs.s3a.Invoker.retryUntranslated(Invoker.java:414)
[2026-01-09T04:16:05.213+0000] {subprocess.py:106} INFO - 	at org.apache.hadoop.fs.s3a.Invoker.retryUntranslated(Invoker.java:377)
[2026-01-09T04:16:05.214+0000] {subprocess.py:106} INFO - 	at org.apache.hadoop.fs.s3a.S3AFileSystem.listObjects(S3AFileSystem.java:2586)
[2026-01-09T04:16:05.215+0000] {subprocess.py:106} INFO - 	at org.apache.hadoop.fs.s3a.S3AFileSystem.s3GetFileStatus(S3AFileSystem.java:3832)
[2026-01-09T04:16:05.215+0000] {subprocess.py:106} INFO - 	... 26 more
[2026-01-09T04:16:05.217+0000] {subprocess.py:106} INFO - Caused by: com.amazonaws.SdkClientException: Unable to load AWS credentials from any provider in the chain: [EnvironmentVariableCredentialsProvider: Unable to load AWS credentials from environment variables (AWS_ACCESS_KEY_ID (or AWS_ACCESS_KEY) and AWS_SECRET_KEY (or AWS_SECRET_ACCESS_KEY)), SystemPropertiesCredentialsProvider: Unable to load AWS credentials from Java system properties (aws.accessKeyId and aws.secretKey), WebIdentityTokenCredentialsProvider: You must specify a value for roleArn and roleSessionName, com.amazonaws.auth.profile.ProfileCredentialsProvider@5c18924e: profile file cannot be null, com.amazonaws.auth.EC2ContainerCredentialsProviderWrapper@41d3e1c: Failed to connect to service endpoint: ]
[2026-01-09T04:16:05.217+0000] {subprocess.py:106} INFO - 	at com.amazonaws.auth.AWSCredentialsProviderChain.getCredentials(AWSCredentialsProviderChain.java:136)
[2026-01-09T04:16:05.218+0000] {subprocess.py:106} INFO - 	at org.apache.hadoop.fs.s3a.AWSCredentialProviderList.getCredentials(AWSCredentialProviderList.java:177)
[2026-01-09T04:16:05.219+0000] {subprocess.py:106} INFO - 	... 48 more
[2026-01-09T04:16:05.220+0000] {subprocess.py:106} INFO - 26/01/09 04:16:05 WARN InstanceMetadataServiceResourceFetcher: Fail to retrieve token
[2026-01-09T04:16:05.221+0000] {subprocess.py:106} INFO - com.amazonaws.SdkClientException: Failed to connect to service endpoint:
[2026-01-09T04:16:05.222+0000] {subprocess.py:106} INFO - 	at com.amazonaws.internal.EC2ResourceFetcher.doReadResource(EC2ResourceFetcher.java:100)
[2026-01-09T04:16:05.222+0000] {subprocess.py:106} INFO - 	at com.amazonaws.internal.InstanceMetadataServiceResourceFetcher.getToken(InstanceMetadataServiceResourceFetcher.java:91)
[2026-01-09T04:16:05.223+0000] {subprocess.py:106} INFO - 	at com.amazonaws.internal.InstanceMetadataServiceResourceFetcher.readResource(InstanceMetadataServiceResourceFetcher.java:69)
[2026-01-09T04:16:05.224+0000] {subprocess.py:106} INFO - 	at com.amazonaws.internal.EC2ResourceFetcher.readResource(EC2ResourceFetcher.java:66)
[2026-01-09T04:16:05.225+0000] {subprocess.py:106} INFO - 	at com.amazonaws.auth.InstanceMetadataServiceCredentialsFetcher.getCredentialsEndpoint(InstanceMetadataServiceCredentialsFetcher.java:60)
[2026-01-09T04:16:05.226+0000] {subprocess.py:106} INFO - 	at com.amazonaws.auth.InstanceMetadataServiceCredentialsFetcher.getCredentialsResponse(InstanceMetadataServiceCredentialsFetcher.java:48)
[2026-01-09T04:16:05.227+0000] {subprocess.py:106} INFO - 	at com.amazonaws.auth.BaseCredentialsFetcher.fetchCredentials(BaseCredentialsFetcher.java:124)
[2026-01-09T04:16:05.228+0000] {subprocess.py:106} INFO - 	at com.amazonaws.auth.BaseCredentialsFetcher.getCredentials(BaseCredentialsFetcher.java:80)
[2026-01-09T04:16:05.228+0000] {subprocess.py:106} INFO - 	at com.amazonaws.auth.InstanceProfileCredentialsProvider.getCredentials(InstanceProfileCredentialsProvider.java:166)
[2026-01-09T04:16:05.229+0000] {subprocess.py:106} INFO - 	at com.amazonaws.auth.EC2ContainerCredentialsProviderWrapper.getCredentials(EC2ContainerCredentialsProviderWrapper.java:75)
[2026-01-09T04:16:05.230+0000] {subprocess.py:106} INFO - 	at com.amazonaws.auth.AWSCredentialsProviderChain.getCredentials(AWSCredentialsProviderChain.java:117)
[2026-01-09T04:16:05.231+0000] {subprocess.py:106} INFO - 	at org.apache.hadoop.fs.s3a.AWSCredentialProviderList.getCredentials(AWSCredentialProviderList.java:177)
[2026-01-09T04:16:05.232+0000] {subprocess.py:106} INFO - 	at com.amazonaws.http.AmazonHttpClient$RequestExecutor.getCredentialsFromContext(AmazonHttpClient.java:1269)
[2026-01-09T04:16:05.232+0000] {subprocess.py:106} INFO - 	at com.amazonaws.http.AmazonHttpClient$RequestExecutor.runBeforeRequestHandlers(AmazonHttpClient.java:845)
[2026-01-09T04:16:05.233+0000] {subprocess.py:106} INFO - 	at com.amazonaws.http.AmazonHttpClient$RequestExecutor.doExecute(AmazonHttpClient.java:794)
[2026-01-09T04:16:05.234+0000] {subprocess.py:106} INFO - 	at com.amazonaws.http.AmazonHttpClient$RequestExecutor.executeWithTimer(AmazonHttpClient.java:781)
[2026-01-09T04:16:05.235+0000] {subprocess.py:106} INFO - 	at com.amazonaws.http.AmazonHttpClient$RequestExecutor.execute(AmazonHttpClient.java:755)
[2026-01-09T04:16:05.236+0000] {subprocess.py:106} INFO - 	at com.amazonaws.http.AmazonHttpClient$RequestExecutor.access$500(AmazonHttpClient.java:715)
[2026-01-09T04:16:05.236+0000] {subprocess.py:106} INFO - 	at com.amazonaws.http.AmazonHttpClient$RequestExecutionBuilderImpl.execute(AmazonHttpClient.java:697)
[2026-01-09T04:16:05.237+0000] {subprocess.py:106} INFO - 	at com.amazonaws.http.AmazonHttpClient.execute(AmazonHttpClient.java:561)
[2026-01-09T04:16:05.238+0000] {subprocess.py:106} INFO - 	at com.amazonaws.http.AmazonHttpClient.execute(AmazonHttpClient.java:541)
[2026-01-09T04:16:05.239+0000] {subprocess.py:106} INFO - 	at com.amazonaws.services.s3.AmazonS3Client.invoke(AmazonS3Client.java:5456)
[2026-01-09T04:16:05.240+0000] {subprocess.py:106} INFO - 	at com.amazonaws.services.s3.AmazonS3Client.getBucketRegionViaHeadRequest(AmazonS3Client.java:6431)
[2026-01-09T04:16:05.241+0000] {subprocess.py:106} INFO - 	at com.amazonaws.services.s3.AmazonS3Client.fetchRegionFromCache(AmazonS3Client.java:6404)
[2026-01-09T04:16:05.243+0000] {subprocess.py:106} INFO - 	at com.amazonaws.services.s3.AmazonS3Client.invoke(AmazonS3Client.java:5441)
[2026-01-09T04:16:05.243+0000] {subprocess.py:106} INFO - 	at com.amazonaws.services.s3.AmazonS3Client.invoke(AmazonS3Client.java:5403)
[2026-01-09T04:16:05.244+0000] {subprocess.py:106} INFO - 	at com.amazonaws.services.s3.AmazonS3Client.getObjectMetadata(AmazonS3Client.java:1372)
[2026-01-09T04:16:05.245+0000] {subprocess.py:106} INFO - 	at org.apache.hadoop.fs.s3a.S3AFileSystem.lambda$getObjectMetadata$10(S3AFileSystem.java:2545)
[2026-01-09T04:16:05.246+0000] {subprocess.py:106} INFO - 	at org.apache.hadoop.fs.s3a.Invoker.retryUntranslated(Invoker.java:414)
[2026-01-09T04:16:05.247+0000] {subprocess.py:106} INFO - 	at org.apache.hadoop.fs.s3a.Invoker.retryUntranslated(Invoker.java:377)
[2026-01-09T04:16:05.248+0000] {subprocess.py:106} INFO - 	at org.apache.hadoop.fs.s3a.S3AFileSystem.getObjectMetadata(S3AFileSystem.java:2533)
[2026-01-09T04:16:05.249+0000] {subprocess.py:106} INFO - 	at org.apache.hadoop.fs.s3a.S3AFileSystem.getObjectMetadata(S3AFileSystem.java:2513)
[2026-01-09T04:16:05.249+0000] {subprocess.py:106} INFO - 	at org.apache.hadoop.fs.s3a.S3AFileSystem.s3GetFileStatus(S3AFileSystem.java:3776)
[2026-01-09T04:16:05.250+0000] {subprocess.py:106} INFO - 	at org.apache.hadoop.fs.s3a.S3AFileSystem.innerGetFileStatus(S3AFileSystem.java:3688)
[2026-01-09T04:16:05.251+0000] {subprocess.py:106} INFO - 	at org.apache.hadoop.fs.s3a.S3AFileSystem.lambda$exists$34(S3AFileSystem.java:4703)
[2026-01-09T04:16:05.252+0000] {subprocess.py:106} INFO - 	at org.apache.hadoop.fs.statistics.impl.IOStatisticsBinding.lambda$trackDurationOfOperation$5(IOStatisticsBinding.java:499)
[2026-01-09T04:16:05.252+0000] {subprocess.py:106} INFO - 	at org.apache.hadoop.fs.statistics.impl.IOStatisticsBinding.trackDuration(IOStatisticsBinding.java:444)
[2026-01-09T04:16:05.253+0000] {subprocess.py:106} INFO - 	at org.apache.hadoop.fs.s3a.S3AFileSystem.trackDurationAndSpan(S3AFileSystem.java:2337)
[2026-01-09T04:16:05.254+0000] {subprocess.py:106} INFO - 	at org.apache.hadoop.fs.s3a.S3AFileSystem.trackDurationAndSpan(S3AFileSystem.java:2356)
[2026-01-09T04:16:05.255+0000] {subprocess.py:106} INFO - 	at org.apache.hadoop.fs.s3a.S3AFileSystem.exists(S3AFileSystem.java:4701)
[2026-01-09T04:16:05.255+0000] {subprocess.py:106} INFO - 	at org.apache.spark.sql.execution.datasources.DataSource$.$anonfun$checkAndGlobPathIfNecessary$4(DataSource.scala:756)
[2026-01-09T04:16:05.256+0000] {subprocess.py:106} INFO - 	at org.apache.spark.sql.execution.datasources.DataSource$.$anonfun$checkAndGlobPathIfNecessary$4$adapted(DataSource.scala:754)
[2026-01-09T04:16:05.257+0000] {subprocess.py:106} INFO - 	at org.apache.spark.util.ThreadUtils$.$anonfun$parmap$2(ThreadUtils.scala:380)
[2026-01-09T04:16:05.258+0000] {subprocess.py:106} INFO - 	at scala.concurrent.Future$.$anonfun$apply$1(Future.scala:659)
[2026-01-09T04:16:05.258+0000] {subprocess.py:106} INFO - 	at scala.util.Success.$anonfun$map$1(Try.scala:255)
[2026-01-09T04:16:05.259+0000] {subprocess.py:106} INFO - 	at scala.util.Success.map(Try.scala:213)
[2026-01-09T04:16:05.260+0000] {subprocess.py:106} INFO - 	at scala.concurrent.Future.$anonfun$map$1(Future.scala:292)
[2026-01-09T04:16:05.260+0000] {subprocess.py:106} INFO - 	at scala.concurrent.impl.Promise.liftedTree1$1(Promise.scala:33)
[2026-01-09T04:16:05.261+0000] {subprocess.py:106} INFO - 	at scala.concurrent.impl.Promise.$anonfun$transform$1(Promise.scala:33)
[2026-01-09T04:16:05.262+0000] {subprocess.py:106} INFO - 	at scala.concurrent.impl.CallbackRunnable.run(Promise.scala:64)
[2026-01-09T04:16:05.262+0000] {subprocess.py:106} INFO - 	at java.base/java.util.concurrent.ForkJoinTask$RunnableExecuteAction.exec(ForkJoinTask.java:1395)
[2026-01-09T04:16:05.263+0000] {subprocess.py:106} INFO - 	at java.base/java.util.concurrent.ForkJoinTask.doExec(ForkJoinTask.java:373)
[2026-01-09T04:16:05.264+0000] {subprocess.py:106} INFO - 	at java.base/java.util.concurrent.ForkJoinPool$WorkQueue.topLevelExec(ForkJoinPool.java:1182)
[2026-01-09T04:16:05.265+0000] {subprocess.py:106} INFO - 	at java.base/java.util.concurrent.ForkJoinPool.scan(ForkJoinPool.java:1655)
[2026-01-09T04:16:05.265+0000] {subprocess.py:106} INFO - 	at java.base/java.util.concurrent.ForkJoinPool.runWorker(ForkJoinPool.java:1622)
[2026-01-09T04:16:05.266+0000] {subprocess.py:106} INFO - 	at java.base/java.util.concurrent.ForkJoinWorkerThread.run(ForkJoinWorkerThread.java:165)
[2026-01-09T04:16:05.267+0000] {subprocess.py:106} INFO - Caused by: java.net.ConnectException: Connection refused
[2026-01-09T04:16:05.268+0000] {subprocess.py:106} INFO - 	at java.base/sun.nio.ch.Net.pollConnect(Native Method)
[2026-01-09T04:16:05.268+0000] {subprocess.py:106} INFO - 	at java.base/sun.nio.ch.Net.pollConnectNow(Net.java:672)
[2026-01-09T04:16:05.269+0000] {subprocess.py:106} INFO - 	at java.base/sun.nio.ch.NioSocketImpl.timedFinishConnect(NioSocketImpl.java:554)
[2026-01-09T04:16:05.270+0000] {subprocess.py:106} INFO - 	at java.base/sun.nio.ch.NioSocketImpl.connect(NioSocketImpl.java:602)
[2026-01-09T04:16:05.271+0000] {subprocess.py:106} INFO - 	at java.base/java.net.Socket.connect(Socket.java:633)
[2026-01-09T04:16:05.271+0000] {subprocess.py:106} INFO - 	at java.base/sun.net.NetworkClient.doConnect(NetworkClient.java:178)
[2026-01-09T04:16:05.272+0000] {subprocess.py:106} INFO - 	at java.base/sun.net.www.http.HttpClient.openServer(HttpClient.java:533)
[2026-01-09T04:16:05.273+0000] {subprocess.py:106} INFO - 	at java.base/sun.net.www.http.HttpClient.openServer(HttpClient.java:638)
[2026-01-09T04:16:05.273+0000] {subprocess.py:106} INFO - 	at java.base/sun.net.www.http.HttpClient.<init>(HttpClient.java:283)
[2026-01-09T04:16:05.274+0000] {subprocess.py:106} INFO - 	at java.base/sun.net.www.http.HttpClient.New(HttpClient.java:386)
[2026-01-09T04:16:05.275+0000] {subprocess.py:106} INFO - 	at java.base/sun.net.www.http.HttpClient.New(HttpClient.java:408)
[2026-01-09T04:16:05.275+0000] {subprocess.py:106} INFO - 	at java.base/sun.net.www.protocol.http.HttpURLConnection.getNewHttpClient(HttpURLConnection.java:1329)
[2026-01-09T04:16:05.276+0000] {subprocess.py:106} INFO - 	at java.base/sun.net.www.protocol.http.HttpURLConnection.plainConnect0(HttpURLConnection.java:1307)
[2026-01-09T04:16:05.277+0000] {subprocess.py:106} INFO - 	at java.base/sun.net.www.protocol.http.HttpURLConnection.plainConnect(HttpURLConnection.java:1148)
[2026-01-09T04:16:05.277+0000] {subprocess.py:106} INFO - 	at java.base/sun.net.www.protocol.http.HttpURLConnection.connect(HttpURLConnection.java:1077)
[2026-01-09T04:16:05.278+0000] {subprocess.py:106} INFO - 	at com.amazonaws.internal.ConnectionUtils.connectToEndpoint(ConnectionUtils.java:95)
[2026-01-09T04:16:05.279+0000] {subprocess.py:106} INFO - 	at com.amazonaws.internal.EC2ResourceFetcher.doReadResource(EC2ResourceFetcher.java:80)
[2026-01-09T04:16:05.280+0000] {subprocess.py:106} INFO - 	... 55 more
[2026-01-09T04:16:05.638+0000] {subprocess.py:106} INFO - ============================================================
[2026-01-09T04:16:05.640+0000] {subprocess.py:106} INFO - PAYMENTCHAIN TRANSACTION PROCESSOR (S3)
[2026-01-09T04:16:05.641+0000] {subprocess.py:106} INFO - ============================================================
[2026-01-09T04:16:05.641+0000] {subprocess.py:106} INFO - Spark Version: 3.5.0
[2026-01-09T04:16:05.642+0000] {subprocess.py:106} INFO - Input Bucket: s3a://***-paymentchain-dev-ben
[2026-01-09T04:16:05.643+0000] {subprocess.py:106} INFO - Output Bucket: s3a://***-paymentchain-output-ben
[2026-01-09T04:16:05.644+0000] {subprocess.py:106} INFO - ============================================================
[2026-01-09T04:16:05.644+0000] {subprocess.py:106} INFO - 
[2026-01-09T04:16:05.645+0000] {subprocess.py:106} INFO - [1/7] Loading data from S3...
[2026-01-09T04:16:05.646+0000] {subprocess.py:106} INFO - 
[2026-01-09T04:16:05.647+0000] {subprocess.py:106} INFO - ============================================================
[2026-01-09T04:16:05.647+0000] {subprocess.py:106} INFO - ❌ ERROR DURING PROCESSING
[2026-01-09T04:16:05.648+0000] {subprocess.py:106} INFO - ============================================================
[2026-01-09T04:16:05.649+0000] {subprocess.py:106} INFO - Error: An error occurred while calling o34.csv.
[2026-01-09T04:16:05.650+0000] {subprocess.py:106} INFO - : java.nio.file.AccessDeniedException: s3a://***-paymentchain-dev-ben/transactions.csv: org.apache.hadoop.fs.s3a.auth.NoAuthWithAWSException: No AWS Credentials provided by DefaultAWSCredentialsProviderChain : com.amazonaws.SdkClientException: Unable to load AWS credentials from any provider in the chain: [EnvironmentVariableCredentialsProvider: Unable to load AWS credentials from environment variables (AWS_ACCESS_KEY_ID (or AWS_ACCESS_KEY) and AWS_SECRET_KEY (or AWS_SECRET_ACCESS_KEY)), SystemPropertiesCredentialsProvider: Unable to load AWS credentials from Java system properties (aws.accessKeyId and aws.secretKey), WebIdentityTokenCredentialsProvider: You must specify a value for roleArn and roleSessionName, com.amazonaws.auth.profile.ProfileCredentialsProvider@5c18924e: profile file cannot be null, com.amazonaws.auth.EC2ContainerCredentialsProviderWrapper@41d3e1c: Failed to connect to service endpoint: ]
[2026-01-09T04:16:05.650+0000] {subprocess.py:106} INFO - 	at org.apache.hadoop.fs.s3a.S3AUtils.translateException(S3AUtils.java:212)
[2026-01-09T04:16:05.651+0000] {subprocess.py:106} INFO - 	at org.apache.hadoop.fs.s3a.S3AUtils.translateException(S3AUtils.java:175)
[2026-01-09T04:16:05.652+0000] {subprocess.py:106} INFO - 	at org.apache.hadoop.fs.s3a.S3AFileSystem.s3GetFileStatus(S3AFileSystem.java:3799)
[2026-01-09T04:16:05.652+0000] {subprocess.py:106} INFO - 	at org.apache.hadoop.fs.s3a.S3AFileSystem.innerGetFileStatus(S3AFileSystem.java:3688)
[2026-01-09T04:16:05.653+0000] {subprocess.py:106} INFO - 	at org.apache.hadoop.fs.s3a.S3AFileSystem.lambda$exists$34(S3AFileSystem.java:4703)
[2026-01-09T04:16:05.653+0000] {subprocess.py:106} INFO - 	at org.apache.hadoop.fs.statistics.impl.IOStatisticsBinding.lambda$trackDurationOfOperation$5(IOStatisticsBinding.java:499)
[2026-01-09T04:16:05.654+0000] {subprocess.py:106} INFO - 	at org.apache.hadoop.fs.statistics.impl.IOStatisticsBinding.trackDuration(IOStatisticsBinding.java:444)
[2026-01-09T04:16:05.655+0000] {subprocess.py:106} INFO - 	at org.apache.hadoop.fs.s3a.S3AFileSystem.trackDurationAndSpan(S3AFileSystem.java:2337)
[2026-01-09T04:16:05.655+0000] {subprocess.py:106} INFO - 	at org.apache.hadoop.fs.s3a.S3AFileSystem.trackDurationAndSpan(S3AFileSystem.java:2356)
[2026-01-09T04:16:05.656+0000] {subprocess.py:106} INFO - 	at org.apache.hadoop.fs.s3a.S3AFileSystem.exists(S3AFileSystem.java:4701)
[2026-01-09T04:16:05.657+0000] {subprocess.py:106} INFO - 	at org.apache.spark.sql.execution.datasources.DataSource$.$anonfun$checkAndGlobPathIfNecessary$4(DataSource.scala:756)
[2026-01-09T04:16:05.657+0000] {subprocess.py:106} INFO - 	at org.apache.spark.sql.execution.datasources.DataSource$.$anonfun$checkAndGlobPathIfNecessary$4$adapted(DataSource.scala:754)
[2026-01-09T04:16:05.658+0000] {subprocess.py:106} INFO - 	at org.apache.spark.util.ThreadUtils$.$anonfun$parmap$2(ThreadUtils.scala:380)
[2026-01-09T04:16:05.659+0000] {subprocess.py:106} INFO - 	at scala.concurrent.Future$.$anonfun$apply$1(Future.scala:659)
[2026-01-09T04:16:05.660+0000] {subprocess.py:106} INFO - 	at scala.util.Success.$anonfun$map$1(Try.scala:255)
[2026-01-09T04:16:05.661+0000] {subprocess.py:106} INFO - 	at scala.util.Success.map(Try.scala:213)
[2026-01-09T04:16:05.661+0000] {subprocess.py:106} INFO - 	at scala.concurrent.Future.$anonfun$map$1(Future.scala:292)
[2026-01-09T04:16:05.662+0000] {subprocess.py:106} INFO - 	at scala.concurrent.impl.Promise.liftedTree1$1(Promise.scala:33)
[2026-01-09T04:16:05.663+0000] {subprocess.py:106} INFO - 	at scala.concurrent.impl.Promise.$anonfun$transform$1(Promise.scala:33)
[2026-01-09T04:16:05.664+0000] {subprocess.py:106} INFO - 	at scala.concurrent.impl.CallbackRunnable.run(Promise.scala:64)
[2026-01-09T04:16:05.664+0000] {subprocess.py:106} INFO - 	at java.base/java.util.concurrent.ForkJoinTask$RunnableExecuteAction.exec(ForkJoinTask.java:1395)
[2026-01-09T04:16:05.665+0000] {subprocess.py:106} INFO - 	at java.base/java.util.concurrent.ForkJoinTask.doExec(ForkJoinTask.java:373)
[2026-01-09T04:16:05.666+0000] {subprocess.py:106} INFO - 	at java.base/java.util.concurrent.ForkJoinPool$WorkQueue.topLevelExec(ForkJoinPool.java:1182)
[2026-01-09T04:16:05.667+0000] {subprocess.py:106} INFO - 	at java.base/java.util.concurrent.ForkJoinPool.scan(ForkJoinPool.java:1655)
[2026-01-09T04:16:05.668+0000] {subprocess.py:106} INFO - 	at java.base/java.util.concurrent.ForkJoinPool.runWorker(ForkJoinPool.java:1622)
[2026-01-09T04:16:05.668+0000] {subprocess.py:106} INFO - 	at java.base/java.util.concurrent.ForkJoinWorkerThread.run(ForkJoinWorkerThread.java:165)
[2026-01-09T04:16:05.669+0000] {subprocess.py:106} INFO - Caused by: org.apache.hadoop.fs.s3a.auth.NoAuthWithAWSException: No AWS Credentials provided by DefaultAWSCredentialsProviderChain : com.amazonaws.SdkClientException: Unable to load AWS credentials from any provider in the chain: [EnvironmentVariableCredentialsProvider: Unable to load AWS credentials from environment variables (AWS_ACCESS_KEY_ID (or AWS_ACCESS_KEY) and AWS_SECRET_KEY (or AWS_SECRET_ACCESS_KEY)), SystemPropertiesCredentialsProvider: Unable to load AWS credentials from Java system properties (aws.accessKeyId and aws.secretKey), WebIdentityTokenCredentialsProvider: You must specify a value for roleArn and roleSessionName, com.amazonaws.auth.profile.ProfileCredentialsProvider@5c18924e: profile file cannot be null, com.amazonaws.auth.EC2ContainerCredentialsProviderWrapper@41d3e1c: Failed to connect to service endpoint: ]
[2026-01-09T04:16:05.670+0000] {subprocess.py:106} INFO - 	at org.apache.hadoop.fs.s3a.AWSCredentialProviderList.getCredentials(AWSCredentialProviderList.java:216)
[2026-01-09T04:16:05.670+0000] {subprocess.py:106} INFO - 	at com.amazonaws.http.AmazonHttpClient$RequestExecutor.getCredentialsFromContext(AmazonHttpClient.java:1269)
[2026-01-09T04:16:05.671+0000] {subprocess.py:106} INFO - 	at com.amazonaws.http.AmazonHttpClient$RequestExecutor.runBeforeRequestHandlers(AmazonHttpClient.java:845)
[2026-01-09T04:16:05.672+0000] {subprocess.py:106} INFO - 	at com.amazonaws.http.AmazonHttpClient$RequestExecutor.doExecute(AmazonHttpClient.java:794)
[2026-01-09T04:16:05.673+0000] {subprocess.py:106} INFO - 	at com.amazonaws.http.AmazonHttpClient$RequestExecutor.executeWithTimer(AmazonHttpClient.java:781)
[2026-01-09T04:16:05.674+0000] {subprocess.py:106} INFO - 	at com.amazonaws.http.AmazonHttpClient$RequestExecutor.execute(AmazonHttpClient.java:755)
[2026-01-09T04:16:05.675+0000] {subprocess.py:106} INFO - 	at com.amazonaws.http.AmazonHttpClient$RequestExecutor.access$500(AmazonHttpClient.java:715)
[2026-01-09T04:16:05.675+0000] {subprocess.py:106} INFO - 	at com.amazonaws.http.AmazonHttpClient$RequestExecutionBuilderImpl.execute(AmazonHttpClient.java:697)
[2026-01-09T04:16:05.676+0000] {subprocess.py:106} INFO - 	at com.amazonaws.http.AmazonHttpClient.execute(AmazonHttpClient.java:561)
[2026-01-09T04:16:05.677+0000] {subprocess.py:106} INFO - 	at com.amazonaws.http.AmazonHttpClient.execute(AmazonHttpClient.java:541)
[2026-01-09T04:16:05.679+0000] {subprocess.py:106} INFO - 	at com.amazonaws.services.s3.AmazonS3Client.invoke(AmazonS3Client.java:5456)
[2026-01-09T04:16:05.680+0000] {subprocess.py:106} INFO - 	at com.amazonaws.services.s3.AmazonS3Client.getBucketRegionViaHeadRequest(AmazonS3Client.java:6431)
[2026-01-09T04:16:05.681+0000] {subprocess.py:106} INFO - 	at com.amazonaws.services.s3.AmazonS3Client.fetchRegionFromCache(AmazonS3Client.java:6404)
[2026-01-09T04:16:05.683+0000] {subprocess.py:106} INFO - 	at com.amazonaws.services.s3.AmazonS3Client.invoke(AmazonS3Client.java:5441)
[2026-01-09T04:16:05.683+0000] {subprocess.py:106} INFO - 	at com.amazonaws.services.s3.AmazonS3Client.invoke(AmazonS3Client.java:5403)
[2026-01-09T04:16:05.684+0000] {subprocess.py:106} INFO - 	at com.amazonaws.services.s3.AmazonS3Client.getObjectMetadata(AmazonS3Client.java:1372)
[2026-01-09T04:16:05.685+0000] {subprocess.py:106} INFO - 	at org.apache.hadoop.fs.s3a.S3AFileSystem.lambda$getObjectMetadata$10(S3AFileSystem.java:2545)
[2026-01-09T04:16:05.685+0000] {subprocess.py:106} INFO - 	at org.apache.hadoop.fs.s3a.Invoker.retryUntranslated(Invoker.java:414)
[2026-01-09T04:16:05.686+0000] {subprocess.py:106} INFO - 	at org.apache.hadoop.fs.s3a.Invoker.retryUntranslated(Invoker.java:377)
[2026-01-09T04:16:05.687+0000] {subprocess.py:106} INFO - 	at org.apache.hadoop.fs.s3a.S3AFileSystem.getObjectMetadata(S3AFileSystem.java:2533)
[2026-01-09T04:16:05.688+0000] {subprocess.py:106} INFO - 	at org.apache.hadoop.fs.s3a.S3AFileSystem.getObjectMetadata(S3AFileSystem.java:2513)
[2026-01-09T04:16:05.688+0000] {subprocess.py:106} INFO - 	at org.apache.hadoop.fs.s3a.S3AFileSystem.s3GetFileStatus(S3AFileSystem.java:3776)
[2026-01-09T04:16:05.689+0000] {subprocess.py:106} INFO - 	... 23 more
[2026-01-09T04:16:05.690+0000] {subprocess.py:106} INFO - Caused by: com.amazonaws.SdkClientException: Unable to load AWS credentials from any provider in the chain: [EnvironmentVariableCredentialsProvider: Unable to load AWS credentials from environment variables (AWS_ACCESS_KEY_ID (or AWS_ACCESS_KEY) and AWS_SECRET_KEY (or AWS_SECRET_ACCESS_KEY)), SystemPropertiesCredentialsProvider: Unable to load AWS credentials from Java system properties (aws.accessKeyId and aws.secretKey), WebIdentityTokenCredentialsProvider: You must specify a value for roleArn and roleSessionName, com.amazonaws.auth.profile.ProfileCredentialsProvider@5c18924e: profile file cannot be null, com.amazonaws.auth.EC2ContainerCredentialsProviderWrapper@41d3e1c: Failed to connect to service endpoint: ]
[2026-01-09T04:16:05.691+0000] {subprocess.py:106} INFO - 	at com.amazonaws.auth.AWSCredentialsProviderChain.getCredentials(AWSCredentialsProviderChain.java:136)
[2026-01-09T04:16:05.691+0000] {subprocess.py:106} INFO - 	at org.apache.hadoop.fs.s3a.AWSCredentialProviderList.getCredentials(AWSCredentialProviderList.java:177)
[2026-01-09T04:16:05.692+0000] {subprocess.py:106} INFO - 	... 44 more
[2026-01-09T04:16:05.693+0000] {subprocess.py:106} INFO - 
[2026-01-09T04:16:05.694+0000] {subprocess.py:106} INFO - ============================================================
[2026-01-09T04:16:06.060+0000] {subprocess.py:110} INFO - Command exited with return code 1
[2026-01-09T04:16:06.071+0000] {taskinstance.py:3311} ERROR - Task failed with exception
Traceback (most recent call last):
  File "/home/airflow/.local/lib/python3.11/site-packages/airflow/models/taskinstance.py", line 767, in _execute_task
    result = _execute_callable(context=context, **execute_callable_kwargs)
             ^^^^^^^^^^^^^^^^^^^^^^^^^^^^^^^^^^^^^^^^^^^^^^^^^^^^^^^^^^^^^
  File "/home/airflow/.local/lib/python3.11/site-packages/airflow/models/taskinstance.py", line 733, in _execute_callable
    return ExecutionCallableRunner(
           ^^^^^^^^^^^^^^^^^^^^^^^^
  File "/home/airflow/.local/lib/python3.11/site-packages/airflow/utils/operator_helpers.py", line 252, in run
    return self.func(*args, **kwargs)
           ^^^^^^^^^^^^^^^^^^^^^^^^^^
  File "/home/airflow/.local/lib/python3.11/site-packages/airflow/models/baseoperator.py", line 422, in wrapper
    return func(self, *args, **kwargs)
           ^^^^^^^^^^^^^^^^^^^^^^^^^^^
  File "/home/airflow/.local/lib/python3.11/site-packages/airflow/operators/bash.py", line 276, in execute
    raise AirflowException(
airflow.exceptions.AirflowException: Bash command failed. The command returned a non-zero exit code 1.
[2026-01-09T04:16:06.075+0000] {logging_mixin.py:190} INFO - Task instance in failure state
[2026-01-09T04:16:06.077+0000] {logging_mixin.py:190} INFO - Task start:2026-01-09 04:15:57.098980+00:00 end:2026-01-09 04:16:06.075366+00:00 duration:8.976386
[2026-01-09T04:16:06.078+0000] {logging_mixin.py:190} INFO - Task:<Task(BashOperator): run_pyspark_processor> dag:<DAG: payment_processor> dagrun:<DagRun payment_processor @ 2026-01-09 04:10:44.463801+00:00: manual__2026-01-09T04:10:44.463801+00:00, state:running, queued_at: 2026-01-09 04:10:44.471643+00:00. externally triggered: True>
[2026-01-09T04:16:06.079+0000] {logging_mixin.py:190} INFO - Failure caused by Bash command failed. The command returned a non-zero exit code 1.
[2026-01-09T04:16:06.080+0000] {taskinstance.py:1225} INFO - Marking task as FAILED. dag_id=payment_processor, task_id=run_pyspark_processor, run_id=manual__2026-01-09T04:10:44.463801+00:00, execution_date=20260109T041044, start_date=20260109T041557, end_date=20260109T041606
[2026-01-09T04:16:06.093+0000] {taskinstance.py:340} INFO - ::group::Post task execution logs
[2026-01-09T04:16:06.094+0000] {standard_task_runner.py:124} ERROR - Failed to execute job 8 for task run_pyspark_processor (Bash command failed. The command returned a non-zero exit code 1.; 1596)
Traceback (most recent call last):
  File "/home/airflow/.local/lib/python3.11/site-packages/airflow/task/task_runner/standard_task_runner.py", line 117, in _start_by_fork
    ret = args.func(args, dag=self.dag)
          ^^^^^^^^^^^^^^^^^^^^^^^^^^^^^
  File "/home/airflow/.local/lib/python3.11/site-packages/airflow/cli/cli_config.py", line 49, in command
    return func(*args, **kwargs)
           ^^^^^^^^^^^^^^^^^^^^^
  File "/home/airflow/.local/lib/python3.11/site-packages/airflow/utils/cli.py", line 116, in wrapper
    return f(*args, **kwargs)
           ^^^^^^^^^^^^^^^^^^
  File "/home/airflow/.local/lib/python3.11/site-packages/airflow/cli/commands/task_command.py", line 483, in task_run
    task_return_code = _run_task_by_selected_method(args, _dag, ti)
                       ^^^^^^^^^^^^^^^^^^^^^^^^^^^^^^^^^^^^^^^^^^^^
  File "/home/airflow/.local/lib/python3.11/site-packages/airflow/cli/commands/task_command.py", line 256, in _run_task_by_selected_method
    return _run_raw_task(args, ti)
           ^^^^^^^^^^^^^^^^^^^^^^^
  File "/home/airflow/.local/lib/python3.11/site-packages/airflow/cli/commands/task_command.py", line 341, in _run_raw_task
    return ti._run_raw_task(
           ^^^^^^^^^^^^^^^^^
  File "/home/airflow/.local/lib/python3.11/site-packages/airflow/utils/session.py", line 97, in wrapper
    return func(*args, session=session, **kwargs)
           ^^^^^^^^^^^^^^^^^^^^^^^^^^^^^^^^^^^^^^
  File "/home/airflow/.local/lib/python3.11/site-packages/airflow/models/taskinstance.py", line 3005, in _run_raw_task
    return _run_raw_task(
           ^^^^^^^^^^^^^^
  File "/home/airflow/.local/lib/python3.11/site-packages/airflow/models/taskinstance.py", line 273, in _run_raw_task
    TaskInstance._execute_task_with_callbacks(
  File "/home/airflow/.local/lib/python3.11/site-packages/airflow/models/taskinstance.py", line 3159, in _execute_task_with_callbacks
    result = self._execute_task(context, task_orig)
             ^^^^^^^^^^^^^^^^^^^^^^^^^^^^^^^^^^^^^^
  File "/home/airflow/.local/lib/python3.11/site-packages/airflow/models/taskinstance.py", line 3183, in _execute_task
    return _execute_task(self, context, task_orig)
           ^^^^^^^^^^^^^^^^^^^^^^^^^^^^^^^^^^^^^^^
  File "/home/airflow/.local/lib/python3.11/site-packages/airflow/models/taskinstance.py", line 767, in _execute_task
    result = _execute_callable(context=context, **execute_callable_kwargs)
             ^^^^^^^^^^^^^^^^^^^^^^^^^^^^^^^^^^^^^^^^^^^^^^^^^^^^^^^^^^^^^
  File "/home/airflow/.local/lib/python3.11/site-packages/airflow/models/taskinstance.py", line 733, in _execute_callable
    return ExecutionCallableRunner(
           ^^^^^^^^^^^^^^^^^^^^^^^^
  File "/home/airflow/.local/lib/python3.11/site-packages/airflow/utils/operator_helpers.py", line 252, in run
    return self.func(*args, **kwargs)
           ^^^^^^^^^^^^^^^^^^^^^^^^^^
  File "/home/airflow/.local/lib/python3.11/site-packages/airflow/models/baseoperator.py", line 422, in wrapper
    return func(self, *args, **kwargs)
           ^^^^^^^^^^^^^^^^^^^^^^^^^^^
  File "/home/airflow/.local/lib/python3.11/site-packages/airflow/operators/bash.py", line 276, in execute
    raise AirflowException(
airflow.exceptions.AirflowException: Bash command failed. The command returned a non-zero exit code 1.
[2026-01-09T04:16:06.127+0000] {local_task_job_runner.py:266} INFO - Task exited with return code 1
[2026-01-09T04:16:06.151+0000] {taskinstance.py:3895} INFO - 0 downstream tasks scheduled from follow-on schedule check
[2026-01-09T04:16:06.154+0000] {local_task_job_runner.py:245} INFO - ::endgroup::
