[2026-01-09T03:24:06.737+0000] {local_task_job_runner.py:123} INFO - ::group::Pre task execution logs
[2026-01-09T03:24:06.751+0000] {taskinstance.py:2613} INFO - Dependencies all met for dep_context=non-requeueable deps ti=<TaskInstance: payment_processor.run_pyspark_processor manual__2026-01-09T03:18:54.229526+00:00 [queued]>
[2026-01-09T03:24:06.758+0000] {taskinstance.py:2613} INFO - Dependencies all met for dep_context=requeueable deps ti=<TaskInstance: payment_processor.run_pyspark_processor manual__2026-01-09T03:18:54.229526+00:00 [queued]>
[2026-01-09T03:24:06.759+0000] {taskinstance.py:2866} INFO - Starting attempt 2 of 2
[2026-01-09T03:24:06.772+0000] {taskinstance.py:2889} INFO - Executing <Task(BashOperator): run_pyspark_processor> on 2026-01-09 03:18:54.229526+00:00
[2026-01-09T03:24:06.778+0000] {standard_task_runner.py:72} INFO - Started process 1010 to run task
[2026-01-09T03:24:06.782+0000] {standard_task_runner.py:104} INFO - Running: ['***', 'tasks', 'run', 'payment_processor', 'run_pyspark_processor', 'manual__2026-01-09T03:18:54.229526+00:00', '--job-id', '33', '--raw', '--subdir', 'DAGS_FOLDER/payment_batch_dag.py', '--cfg-path', '/tmp/tmpcxvonjtm']
[2026-01-09T03:24:06.784+0000] {standard_task_runner.py:105} INFO - Job 33: Subtask run_pyspark_processor
[2026-01-09T03:24:06.843+0000] {task_command.py:467} INFO - Running <TaskInstance: payment_processor.run_pyspark_processor manual__2026-01-09T03:18:54.229526+00:00 [running]> on host 3df3ffb4789e
[2026-01-09T03:24:06.913+0000] {taskinstance.py:3132} INFO - Exporting env vars: AIRFLOW_CTX_DAG_OWNER='benas' AIRFLOW_CTX_DAG_ID='payment_processor' AIRFLOW_CTX_TASK_ID='run_pyspark_processor' AIRFLOW_CTX_EXECUTION_DATE='2026-01-09T03:18:54.229526+00:00' AIRFLOW_CTX_TRY_NUMBER='2' AIRFLOW_CTX_DAG_RUN_ID='manual__2026-01-09T03:18:54.229526+00:00'
[2026-01-09T03:24:06.916+0000] {logging_mixin.py:190} INFO - Task instance is in running state
[2026-01-09T03:24:06.917+0000] {logging_mixin.py:190} INFO -  Previous state of the Task instance: queued
[2026-01-09T03:24:06.918+0000] {logging_mixin.py:190} INFO - Current task name:run_pyspark_processor state:running start_date:2026-01-09 03:24:06.753589+00:00
[2026-01-09T03:24:06.919+0000] {logging_mixin.py:190} INFO - Dag name:payment_processor and current dag run status:running
[2026-01-09T03:24:06.921+0000] {taskinstance.py:731} INFO - ::endgroup::
[2026-01-09T03:24:06.922+0000] {subprocess.py:78} INFO - Tmp dir root location: /tmp
[2026-01-09T03:24:06.924+0000] {subprocess.py:88} INFO - Running command: ['/usr/bin/bash', '-c', '\n    cd /opt/***/payment_processor &&     spark-submit       --jars /opt/***/payment_processor/jars/hadoop-aws-3.3.4.jar,/opt/***/payment_processor/jars/aws-java-sdk-bundle-1.12.262.jar       process_transactions.py\n    ']
[2026-01-09T03:24:06.933+0000] {subprocess.py:99} INFO - Output:
[2026-01-09T03:24:07.000+0000] {subprocess.py:106} INFO - /home/***/.local/lib/python3.11/site-packages/pyspark/bin/load-spark-env.sh: line 68: ps: command not found
[2026-01-09T03:24:08.278+0000] {subprocess.py:106} INFO - 26/01/09 03:24:08 WARN NativeCodeLoader: Unable to load native-hadoop library for your platform... using builtin-java classes where applicable
[2026-01-09T03:24:09.683+0000] {subprocess.py:106} INFO - 26/01/09 03:24:09 INFO SparkContext: Running Spark version 3.5.0
[2026-01-09T03:24:09.685+0000] {subprocess.py:106} INFO - 26/01/09 03:24:09 INFO SparkContext: OS info Linux, 6.6.87.2-microsoft-standard-WSL2, amd64
[2026-01-09T03:24:09.686+0000] {subprocess.py:106} INFO - 26/01/09 03:24:09 INFO SparkContext: Java version 17.0.17
[2026-01-09T03:24:09.705+0000] {subprocess.py:106} INFO - 26/01/09 03:24:09 INFO ResourceUtils: ==============================================================
[2026-01-09T03:24:09.707+0000] {subprocess.py:106} INFO - 26/01/09 03:24:09 INFO ResourceUtils: No custom resources configured for spark.driver.
[2026-01-09T03:24:09.708+0000] {subprocess.py:106} INFO - 26/01/09 03:24:09 INFO ResourceUtils: ==============================================================
[2026-01-09T03:24:09.709+0000] {subprocess.py:106} INFO - 26/01/09 03:24:09 INFO SparkContext: Submitted application: PaymentChain-Processor-S3
[2026-01-09T03:24:09.721+0000] {subprocess.py:106} INFO - 26/01/09 03:24:09 INFO ResourceProfile: Default ResourceProfile created, executor resources: Map(cores -> name: cores, amount: 1, script: , vendor: , memory -> name: memory, amount: 1024, script: , vendor: , offHeap -> name: offHeap, amount: 0, script: , vendor: ), task resources: Map(cpus -> name: cpus, amount: 1.0)
[2026-01-09T03:24:09.727+0000] {subprocess.py:106} INFO - 26/01/09 03:24:09 INFO ResourceProfile: Limiting resource is cpu
[2026-01-09T03:24:09.728+0000] {subprocess.py:106} INFO - 26/01/09 03:24:09 INFO ResourceProfileManager: Added ResourceProfile id: 0
[2026-01-09T03:24:09.765+0000] {subprocess.py:106} INFO - 26/01/09 03:24:09 INFO SecurityManager: Changing view acls to: ***
[2026-01-09T03:24:09.766+0000] {subprocess.py:106} INFO - 26/01/09 03:24:09 INFO SecurityManager: Changing modify acls to: ***
[2026-01-09T03:24:09.768+0000] {subprocess.py:106} INFO - 26/01/09 03:24:09 INFO SecurityManager: Changing view acls groups to:
[2026-01-09T03:24:09.769+0000] {subprocess.py:106} INFO - 26/01/09 03:24:09 INFO SecurityManager: Changing modify acls groups to:
[2026-01-09T03:24:09.770+0000] {subprocess.py:106} INFO - 26/01/09 03:24:09 INFO SecurityManager: SecurityManager: authentication disabled; ui acls disabled; users with view permissions: ***; groups with view permissions: EMPTY; users with modify permissions: ***; groups with modify permissions: EMPTY
[2026-01-09T03:24:09.935+0000] {subprocess.py:106} INFO - 26/01/09 03:24:09 INFO Utils: Successfully started service 'sparkDriver' on port 44181.
[2026-01-09T03:24:09.957+0000] {subprocess.py:106} INFO - 26/01/09 03:24:09 INFO SparkEnv: Registering MapOutputTracker
[2026-01-09T03:24:09.983+0000] {subprocess.py:106} INFO - 26/01/09 03:24:09 INFO SparkEnv: Registering BlockManagerMaster
[2026-01-09T03:24:09.996+0000] {subprocess.py:106} INFO - 26/01/09 03:24:09 INFO BlockManagerMasterEndpoint: Using org.apache.spark.storage.DefaultTopologyMapper for getting topology information
[2026-01-09T03:24:09.997+0000] {subprocess.py:106} INFO - 26/01/09 03:24:09 INFO BlockManagerMasterEndpoint: BlockManagerMasterEndpoint up
[2026-01-09T03:24:10.000+0000] {subprocess.py:106} INFO - 26/01/09 03:24:10 INFO SparkEnv: Registering BlockManagerMasterHeartbeat
[2026-01-09T03:24:10.017+0000] {subprocess.py:106} INFO - 26/01/09 03:24:10 INFO DiskBlockManager: Created local directory at /tmp/blockmgr-9acaa9e4-a7ab-454a-a980-1cf7ae126439
[2026-01-09T03:24:10.033+0000] {subprocess.py:106} INFO - 26/01/09 03:24:10 INFO MemoryStore: MemoryStore started with capacity 434.4 MiB
[2026-01-09T03:24:10.048+0000] {subprocess.py:106} INFO - 26/01/09 03:24:10 INFO SparkEnv: Registering OutputCommitCoordinator
[2026-01-09T03:24:10.139+0000] {subprocess.py:106} INFO - 26/01/09 03:24:10 INFO JettyUtils: Start Jetty 0.0.0.0:4040 for SparkUI
[2026-01-09T03:24:10.192+0000] {subprocess.py:106} INFO - 26/01/09 03:24:10 INFO Utils: Successfully started service 'SparkUI' on port 4040.
[2026-01-09T03:24:10.218+0000] {subprocess.py:106} INFO - 26/01/09 03:24:10 INFO SparkContext: Added JAR /opt/***/payment_processor/jars/hadoop-aws-3.3.4.jar at spark://3df3ffb4789e:44181/jars/hadoop-aws-3.3.4.jar with timestamp 1767929049678
[2026-01-09T03:24:10.220+0000] {subprocess.py:106} INFO - 26/01/09 03:24:10 INFO SparkContext: Added JAR /opt/***/payment_processor/jars/aws-java-sdk-bundle-1.12.262.jar at spark://3df3ffb4789e:44181/jars/aws-java-sdk-bundle-1.12.262.jar with timestamp 1767929049678
[2026-01-09T03:24:10.259+0000] {subprocess.py:106} INFO - 26/01/09 03:24:10 INFO Executor: Starting executor ID driver on host 3df3ffb4789e
[2026-01-09T03:24:10.260+0000] {subprocess.py:106} INFO - 26/01/09 03:24:10 INFO Executor: OS info Linux, 6.6.87.2-microsoft-standard-WSL2, amd64
[2026-01-09T03:24:10.261+0000] {subprocess.py:106} INFO - 26/01/09 03:24:10 INFO Executor: Java version 17.0.17
[2026-01-09T03:24:10.264+0000] {subprocess.py:106} INFO - 26/01/09 03:24:10 INFO Executor: Starting executor with user classpath (userClassPathFirst = false): ''
[2026-01-09T03:24:10.265+0000] {subprocess.py:106} INFO - 26/01/09 03:24:10 INFO Executor: Created or updated repl class loader org.apache.spark.util.MutableURLClassLoader@496b2882 for default.
[2026-01-09T03:24:10.273+0000] {subprocess.py:106} INFO - 26/01/09 03:24:10 INFO Executor: Fetching spark://3df3ffb4789e:44181/jars/hadoop-aws-3.3.4.jar with timestamp 1767929049678
[2026-01-09T03:24:10.304+0000] {subprocess.py:106} INFO - 26/01/09 03:24:10 INFO TransportClientFactory: Successfully created connection to 3df3ffb4789e/172.20.0.6:44181 after 15 ms (0 ms spent in bootstraps)
[2026-01-09T03:24:10.308+0000] {subprocess.py:106} INFO - 26/01/09 03:24:10 INFO Utils: Fetching spark://3df3ffb4789e:44181/jars/hadoop-aws-3.3.4.jar to /tmp/spark-c09861ec-185e-4b29-9cc7-d0f199fac824/userFiles-db2570e1-8b67-46c9-8593-8e39dcf797dd/fetchFileTemp10530357182237584023.tmp
[2026-01-09T03:24:10.340+0000] {subprocess.py:106} INFO - 26/01/09 03:24:10 INFO Executor: Adding file:/tmp/spark-c09861ec-185e-4b29-9cc7-d0f199fac824/userFiles-db2570e1-8b67-46c9-8593-8e39dcf797dd/hadoop-aws-3.3.4.jar to class loader default
[2026-01-09T03:24:10.341+0000] {subprocess.py:106} INFO - 26/01/09 03:24:10 INFO Executor: Fetching spark://3df3ffb4789e:44181/jars/aws-java-sdk-bundle-1.12.262.jar with timestamp 1767929049678
[2026-01-09T03:24:10.342+0000] {subprocess.py:106} INFO - 26/01/09 03:24:10 INFO Utils: Fetching spark://3df3ffb4789e:44181/jars/aws-java-sdk-bundle-1.12.262.jar to /tmp/spark-c09861ec-185e-4b29-9cc7-d0f199fac824/userFiles-db2570e1-8b67-46c9-8593-8e39dcf797dd/fetchFileTemp7277705921880978385.tmp
[2026-01-09T03:24:12.143+0000] {subprocess.py:106} INFO - 26/01/09 03:24:12 INFO Executor: Adding file:/tmp/spark-c09861ec-185e-4b29-9cc7-d0f199fac824/userFiles-db2570e1-8b67-46c9-8593-8e39dcf797dd/aws-java-sdk-bundle-1.12.262.jar to class loader default
[2026-01-09T03:24:12.152+0000] {subprocess.py:106} INFO - 26/01/09 03:24:12 INFO Utils: Successfully started service 'org.apache.spark.network.netty.NettyBlockTransferService' on port 46813.
[2026-01-09T03:24:12.153+0000] {subprocess.py:106} INFO - 26/01/09 03:24:12 INFO NettyBlockTransferService: Server created on 3df3ffb4789e:46813
[2026-01-09T03:24:12.154+0000] {subprocess.py:106} INFO - 26/01/09 03:24:12 INFO BlockManager: Using org.apache.spark.storage.RandomBlockReplicationPolicy for block replication policy
[2026-01-09T03:24:12.159+0000] {subprocess.py:106} INFO - 26/01/09 03:24:12 INFO BlockManagerMaster: Registering BlockManager BlockManagerId(driver, 3df3ffb4789e, 46813, None)
[2026-01-09T03:24:12.162+0000] {subprocess.py:106} INFO - 26/01/09 03:24:12 INFO BlockManagerMasterEndpoint: Registering block manager 3df3ffb4789e:46813 with 434.4 MiB RAM, BlockManagerId(driver, 3df3ffb4789e, 46813, None)
[2026-01-09T03:24:12.164+0000] {subprocess.py:106} INFO - 26/01/09 03:24:12 INFO BlockManagerMaster: Registered BlockManager BlockManagerId(driver, 3df3ffb4789e, 46813, None)
[2026-01-09T03:24:12.165+0000] {subprocess.py:106} INFO - 26/01/09 03:24:12 INFO BlockManager: Initialized BlockManager: BlockManagerId(driver, 3df3ffb4789e, 46813, None)
[2026-01-09T03:24:12.407+0000] {subprocess.py:106} INFO - 26/01/09 03:24:12 INFO SharedState: Setting hive.metastore.warehouse.dir ('null') to the value of spark.sql.warehouse.dir.
[2026-01-09T03:24:12.409+0000] {subprocess.py:106} INFO - 26/01/09 03:24:12 INFO SharedState: Warehouse path is 'file:/opt/***/payment_processor/spark-warehouse'.
[2026-01-09T03:24:12.841+0000] {subprocess.py:106} INFO - ============================================================
[2026-01-09T03:24:12.843+0000] {subprocess.py:106} INFO - PAYMENTCHAIN TRANSACTION PROCESSOR (S3)
[2026-01-09T03:24:12.844+0000] {subprocess.py:106} INFO - ============================================================
[2026-01-09T03:24:12.846+0000] {subprocess.py:106} INFO - Spark Version: 3.5.0
[2026-01-09T03:24:12.847+0000] {subprocess.py:106} INFO - Input Bucket: s3a://***-paymentchain-dev-ben
[2026-01-09T03:24:12.848+0000] {subprocess.py:106} INFO - Output Bucket: s3a://***-paymentchain-output-ben
[2026-01-09T03:24:12.850+0000] {subprocess.py:106} INFO - ============================================================
[2026-01-09T03:24:12.851+0000] {subprocess.py:106} INFO - 
[2026-01-09T03:24:12.853+0000] {subprocess.py:106} INFO - [1/7] Loading data from S3...
[2026-01-09T03:24:13.033+0000] {subprocess.py:106} INFO - 26/01/09 03:24:13 WARN MetricsConfig: Cannot locate configuration: tried hadoop-metrics2-s3a-file-system.properties,hadoop-metrics2.properties
[2026-01-09T03:24:13.041+0000] {subprocess.py:106} INFO - 26/01/09 03:24:13 INFO MetricsSystemImpl: Scheduled Metric snapshot period at 10 second(s).
[2026-01-09T03:24:13.042+0000] {subprocess.py:106} INFO - 26/01/09 03:24:13 INFO MetricsSystemImpl: s3a-file-system metrics system started
[2026-01-09T03:24:13.935+0000] {subprocess.py:106} INFO - 26/01/09 03:24:13 WARN InstanceMetadataServiceResourceFetcher: Fail to retrieve token
[2026-01-09T03:24:13.936+0000] {subprocess.py:106} INFO - com.amazonaws.SdkClientException: Failed to connect to service endpoint:
[2026-01-09T03:24:13.937+0000] {subprocess.py:106} INFO - 	at com.amazonaws.internal.EC2ResourceFetcher.doReadResource(EC2ResourceFetcher.java:100)
[2026-01-09T03:24:13.938+0000] {subprocess.py:106} INFO - 	at com.amazonaws.internal.InstanceMetadataServiceResourceFetcher.getToken(InstanceMetadataServiceResourceFetcher.java:91)
[2026-01-09T03:24:13.939+0000] {subprocess.py:106} INFO - 	at com.amazonaws.internal.InstanceMetadataServiceResourceFetcher.readResource(InstanceMetadataServiceResourceFetcher.java:69)
[2026-01-09T03:24:13.939+0000] {subprocess.py:106} INFO - 	at com.amazonaws.internal.EC2ResourceFetcher.readResource(EC2ResourceFetcher.java:66)
[2026-01-09T03:24:13.940+0000] {subprocess.py:106} INFO - 	at com.amazonaws.auth.InstanceMetadataServiceCredentialsFetcher.getCredentialsEndpoint(InstanceMetadataServiceCredentialsFetcher.java:60)
[2026-01-09T03:24:13.941+0000] {subprocess.py:106} INFO - 	at com.amazonaws.auth.InstanceMetadataServiceCredentialsFetcher.getCredentialsResponse(InstanceMetadataServiceCredentialsFetcher.java:48)
[2026-01-09T03:24:13.942+0000] {subprocess.py:106} INFO - 	at com.amazonaws.auth.BaseCredentialsFetcher.fetchCredentials(BaseCredentialsFetcher.java:124)
[2026-01-09T03:24:13.942+0000] {subprocess.py:106} INFO - 	at com.amazonaws.auth.BaseCredentialsFetcher.getCredentials(BaseCredentialsFetcher.java:80)
[2026-01-09T03:24:13.943+0000] {subprocess.py:106} INFO - 	at com.amazonaws.auth.InstanceProfileCredentialsProvider.getCredentials(InstanceProfileCredentialsProvider.java:166)
[2026-01-09T03:24:13.944+0000] {subprocess.py:106} INFO - 	at com.amazonaws.auth.EC2ContainerCredentialsProviderWrapper.getCredentials(EC2ContainerCredentialsProviderWrapper.java:75)
[2026-01-09T03:24:13.945+0000] {subprocess.py:106} INFO - 	at com.amazonaws.auth.AWSCredentialsProviderChain.getCredentials(AWSCredentialsProviderChain.java:117)
[2026-01-09T03:24:13.946+0000] {subprocess.py:106} INFO - 	at org.apache.hadoop.fs.s3a.AWSCredentialProviderList.getCredentials(AWSCredentialProviderList.java:177)
[2026-01-09T03:24:13.946+0000] {subprocess.py:106} INFO - 	at com.amazonaws.http.AmazonHttpClient$RequestExecutor.getCredentialsFromContext(AmazonHttpClient.java:1269)
[2026-01-09T03:24:13.947+0000] {subprocess.py:106} INFO - 	at com.amazonaws.http.AmazonHttpClient$RequestExecutor.runBeforeRequestHandlers(AmazonHttpClient.java:845)
[2026-01-09T03:24:13.948+0000] {subprocess.py:106} INFO - 	at com.amazonaws.http.AmazonHttpClient$RequestExecutor.doExecute(AmazonHttpClient.java:794)
[2026-01-09T03:24:13.949+0000] {subprocess.py:106} INFO - 	at com.amazonaws.http.AmazonHttpClient$RequestExecutor.executeWithTimer(AmazonHttpClient.java:781)
[2026-01-09T03:24:13.949+0000] {subprocess.py:106} INFO - 	at com.amazonaws.http.AmazonHttpClient$RequestExecutor.execute(AmazonHttpClient.java:755)
[2026-01-09T03:24:13.950+0000] {subprocess.py:106} INFO - 	at com.amazonaws.http.AmazonHttpClient$RequestExecutor.access$500(AmazonHttpClient.java:715)
[2026-01-09T03:24:13.951+0000] {subprocess.py:106} INFO - 	at com.amazonaws.http.AmazonHttpClient$RequestExecutionBuilderImpl.execute(AmazonHttpClient.java:697)
[2026-01-09T03:24:13.952+0000] {subprocess.py:106} INFO - 	at com.amazonaws.http.AmazonHttpClient.execute(AmazonHttpClient.java:561)
[2026-01-09T03:24:13.953+0000] {subprocess.py:106} INFO - 	at com.amazonaws.http.AmazonHttpClient.execute(AmazonHttpClient.java:541)
[2026-01-09T03:24:13.954+0000] {subprocess.py:106} INFO - 	at com.amazonaws.services.s3.AmazonS3Client.invoke(AmazonS3Client.java:5456)
[2026-01-09T03:24:13.955+0000] {subprocess.py:106} INFO - 	at com.amazonaws.services.s3.AmazonS3Client.getBucketRegionViaHeadRequest(AmazonS3Client.java:6431)
[2026-01-09T03:24:13.956+0000] {subprocess.py:106} INFO - 	at com.amazonaws.services.s3.AmazonS3Client.fetchRegionFromCache(AmazonS3Client.java:6404)
[2026-01-09T03:24:13.957+0000] {subprocess.py:106} INFO - 	at com.amazonaws.services.s3.AmazonS3Client.invoke(AmazonS3Client.java:5441)
[2026-01-09T03:24:13.957+0000] {subprocess.py:106} INFO - 	at com.amazonaws.services.s3.AmazonS3Client.invoke(AmazonS3Client.java:5403)
[2026-01-09T03:24:13.958+0000] {subprocess.py:106} INFO - 	at com.amazonaws.services.s3.AmazonS3Client.invoke(AmazonS3Client.java:5397)
[2026-01-09T03:24:13.959+0000] {subprocess.py:106} INFO - 	at com.amazonaws.services.s3.AmazonS3Client.listObjectsV2(AmazonS3Client.java:971)
[2026-01-09T03:24:13.960+0000] {subprocess.py:106} INFO - 	at org.apache.hadoop.fs.s3a.S3AFileSystem.lambda$listObjects$11(S3AFileSystem.java:2595)
[2026-01-09T03:24:13.961+0000] {subprocess.py:106} INFO - 	at org.apache.hadoop.fs.statistics.impl.IOStatisticsBinding.lambda$trackDurationOfOperation$5(IOStatisticsBinding.java:499)
[2026-01-09T03:24:13.962+0000] {subprocess.py:106} INFO - 	at org.apache.hadoop.fs.s3a.Invoker.retryUntranslated(Invoker.java:414)
[2026-01-09T03:24:13.963+0000] {subprocess.py:106} INFO - 	at org.apache.hadoop.fs.s3a.Invoker.retryUntranslated(Invoker.java:377)
[2026-01-09T03:24:13.964+0000] {subprocess.py:106} INFO - 	at org.apache.hadoop.fs.s3a.S3AFileSystem.listObjects(S3AFileSystem.java:2586)
[2026-01-09T03:24:13.964+0000] {subprocess.py:106} INFO - 	at org.apache.hadoop.fs.s3a.S3AFileSystem.s3GetFileStatus(S3AFileSystem.java:3832)
[2026-01-09T03:24:13.965+0000] {subprocess.py:106} INFO - 	at org.apache.hadoop.fs.s3a.S3AFileSystem.innerGetFileStatus(S3AFileSystem.java:3688)
[2026-01-09T03:24:13.966+0000] {subprocess.py:106} INFO - 	at org.apache.hadoop.fs.s3a.S3AFileSystem.lambda$isDirectory$35(S3AFileSystem.java:4724)
[2026-01-09T03:24:13.967+0000] {subprocess.py:106} INFO - 	at org.apache.hadoop.fs.statistics.impl.IOStatisticsBinding.lambda$trackDurationOfOperation$5(IOStatisticsBinding.java:499)
[2026-01-09T03:24:13.968+0000] {subprocess.py:106} INFO - 	at org.apache.hadoop.fs.statistics.impl.IOStatisticsBinding.trackDuration(IOStatisticsBinding.java:444)
[2026-01-09T03:24:13.969+0000] {subprocess.py:106} INFO - 	at org.apache.hadoop.fs.s3a.S3AFileSystem.trackDurationAndSpan(S3AFileSystem.java:2337)
[2026-01-09T03:24:13.969+0000] {subprocess.py:106} INFO - 	at org.apache.hadoop.fs.s3a.S3AFileSystem.trackDurationAndSpan(S3AFileSystem.java:2356)
[2026-01-09T03:24:13.970+0000] {subprocess.py:106} INFO - 	at org.apache.hadoop.fs.s3a.S3AFileSystem.isDirectory(S3AFileSystem.java:4722)
[2026-01-09T03:24:13.971+0000] {subprocess.py:106} INFO - 	at org.apache.spark.sql.execution.streaming.FileStreamSink$.hasMetadata(FileStreamSink.scala:54)
[2026-01-09T03:24:13.972+0000] {subprocess.py:106} INFO - 	at org.apache.spark.sql.execution.datasources.DataSource.resolveRelation(DataSource.scala:366)
[2026-01-09T03:24:13.973+0000] {subprocess.py:106} INFO - 	at org.apache.spark.sql.DataFrameReader.loadV1Source(DataFrameReader.scala:229)
[2026-01-09T03:24:13.973+0000] {subprocess.py:106} INFO - 	at org.apache.spark.sql.DataFrameReader.$anonfun$load$2(DataFrameReader.scala:211)
[2026-01-09T03:24:13.974+0000] {subprocess.py:106} INFO - 	at scala.Option.getOrElse(Option.scala:189)
[2026-01-09T03:24:13.975+0000] {subprocess.py:106} INFO - 	at org.apache.spark.sql.DataFrameReader.load(DataFrameReader.scala:211)
[2026-01-09T03:24:13.976+0000] {subprocess.py:106} INFO - 	at org.apache.spark.sql.DataFrameReader.csv(DataFrameReader.scala:538)
[2026-01-09T03:24:13.977+0000] {subprocess.py:106} INFO - 	at java.base/jdk.internal.reflect.NativeMethodAccessorImpl.invoke0(Native Method)
[2026-01-09T03:24:13.977+0000] {subprocess.py:106} INFO - 	at java.base/jdk.internal.reflect.NativeMethodAccessorImpl.invoke(NativeMethodAccessorImpl.java:77)
[2026-01-09T03:24:13.978+0000] {subprocess.py:106} INFO - 	at java.base/jdk.internal.reflect.DelegatingMethodAccessorImpl.invoke(DelegatingMethodAccessorImpl.java:43)
[2026-01-09T03:24:13.979+0000] {subprocess.py:106} INFO - 	at java.base/java.lang.reflect.Method.invoke(Method.java:569)
[2026-01-09T03:24:13.980+0000] {subprocess.py:106} INFO - 	at py4j.reflection.MethodInvoker.invoke(MethodInvoker.java:244)
[2026-01-09T03:24:13.980+0000] {subprocess.py:106} INFO - 	at py4j.reflection.ReflectionEngine.invoke(ReflectionEngine.java:374)
[2026-01-09T03:24:13.981+0000] {subprocess.py:106} INFO - 	at py4j.Gateway.invoke(Gateway.java:282)
[2026-01-09T03:24:13.982+0000] {subprocess.py:106} INFO - 	at py4j.commands.AbstractCommand.invokeMethod(AbstractCommand.java:132)
[2026-01-09T03:24:13.983+0000] {subprocess.py:106} INFO - 	at py4j.commands.CallCommand.execute(CallCommand.java:79)
[2026-01-09T03:24:13.983+0000] {subprocess.py:106} INFO - 	at py4j.ClientServerConnection.waitForCommands(ClientServerConnection.java:182)
[2026-01-09T03:24:13.984+0000] {subprocess.py:106} INFO - 	at py4j.ClientServerConnection.run(ClientServerConnection.java:106)
[2026-01-09T03:24:13.985+0000] {subprocess.py:106} INFO - 	at java.base/java.lang.Thread.run(Thread.java:840)
[2026-01-09T03:24:13.986+0000] {subprocess.py:106} INFO - Caused by: java.net.ConnectException: Connection refused
[2026-01-09T03:24:13.986+0000] {subprocess.py:106} INFO - 	at java.base/sun.nio.ch.Net.pollConnect(Native Method)
[2026-01-09T03:24:13.987+0000] {subprocess.py:106} INFO - 	at java.base/sun.nio.ch.Net.pollConnectNow(Net.java:672)
[2026-01-09T03:24:13.988+0000] {subprocess.py:106} INFO - 	at java.base/sun.nio.ch.NioSocketImpl.timedFinishConnect(NioSocketImpl.java:554)
[2026-01-09T03:24:13.989+0000] {subprocess.py:106} INFO - 	at java.base/sun.nio.ch.NioSocketImpl.connect(NioSocketImpl.java:602)
[2026-01-09T03:24:13.989+0000] {subprocess.py:106} INFO - 	at java.base/java.net.Socket.connect(Socket.java:633)
[2026-01-09T03:24:13.990+0000] {subprocess.py:106} INFO - 	at java.base/sun.net.NetworkClient.doConnect(NetworkClient.java:178)
[2026-01-09T03:24:13.991+0000] {subprocess.py:106} INFO - 	at java.base/sun.net.www.http.HttpClient.openServer(HttpClient.java:533)
[2026-01-09T03:24:13.992+0000] {subprocess.py:106} INFO - 	at java.base/sun.net.www.http.HttpClient.openServer(HttpClient.java:638)
[2026-01-09T03:24:13.992+0000] {subprocess.py:106} INFO - 	at java.base/sun.net.www.http.HttpClient.<init>(HttpClient.java:283)
[2026-01-09T03:24:13.993+0000] {subprocess.py:106} INFO - 	at java.base/sun.net.www.http.HttpClient.New(HttpClient.java:386)
[2026-01-09T03:24:13.994+0000] {subprocess.py:106} INFO - 	at java.base/sun.net.www.http.HttpClient.New(HttpClient.java:408)
[2026-01-09T03:24:13.995+0000] {subprocess.py:106} INFO - 	at java.base/sun.net.www.protocol.http.HttpURLConnection.getNewHttpClient(HttpURLConnection.java:1329)
[2026-01-09T03:24:13.996+0000] {subprocess.py:106} INFO - 	at java.base/sun.net.www.protocol.http.HttpURLConnection.plainConnect0(HttpURLConnection.java:1307)
[2026-01-09T03:24:13.996+0000] {subprocess.py:106} INFO - 	at java.base/sun.net.www.protocol.http.HttpURLConnection.plainConnect(HttpURLConnection.java:1148)
[2026-01-09T03:24:13.997+0000] {subprocess.py:106} INFO - 	at java.base/sun.net.www.protocol.http.HttpURLConnection.connect(HttpURLConnection.java:1077)
[2026-01-09T03:24:13.998+0000] {subprocess.py:106} INFO - 	at com.amazonaws.internal.ConnectionUtils.connectToEndpoint(ConnectionUtils.java:95)
[2026-01-09T03:24:13.998+0000] {subprocess.py:106} INFO - 	at com.amazonaws.internal.EC2ResourceFetcher.doReadResource(EC2ResourceFetcher.java:80)
[2026-01-09T03:24:13.999+0000] {subprocess.py:106} INFO - 	... 59 more
[2026-01-09T03:24:14.000+0000] {subprocess.py:106} INFO - 26/01/09 03:24:13 WARN FileStreamSink: Assume no metadata directory. Error while looking for metadata directory in the path: s3a://***-paymentchain-dev-ben/transactions.csv.
[2026-01-09T03:24:14.001+0000] {subprocess.py:106} INFO - java.nio.file.AccessDeniedException: s3a://***-paymentchain-dev-ben/transactions.csv: org.apache.hadoop.fs.s3a.auth.NoAuthWithAWSException: No AWS Credentials provided by DefaultAWSCredentialsProviderChain : com.amazonaws.SdkClientException: Unable to load AWS credentials from any provider in the chain: [EnvironmentVariableCredentialsProvider: Unable to load AWS credentials from environment variables (AWS_ACCESS_KEY_ID (or AWS_ACCESS_KEY) and AWS_SECRET_KEY (or AWS_SECRET_ACCESS_KEY)), SystemPropertiesCredentialsProvider: Unable to load AWS credentials from Java system properties (aws.accessKeyId and aws.secretKey), WebIdentityTokenCredentialsProvider: You must specify a value for roleArn and roleSessionName, com.amazonaws.auth.profile.ProfileCredentialsProvider@814590a: profile file cannot be null, com.amazonaws.auth.EC2ContainerCredentialsProviderWrapper@19695bd4: Failed to connect to service endpoint: ]
[2026-01-09T03:24:14.002+0000] {subprocess.py:106} INFO - 	at org.apache.hadoop.fs.s3a.S3AUtils.translateException(S3AUtils.java:212)
[2026-01-09T03:24:14.002+0000] {subprocess.py:106} INFO - 	at org.apache.hadoop.fs.s3a.S3AUtils.translateException(S3AUtils.java:175)
[2026-01-09T03:24:14.003+0000] {subprocess.py:106} INFO - 	at org.apache.hadoop.fs.s3a.S3AFileSystem.s3GetFileStatus(S3AFileSystem.java:3861)
[2026-01-09T03:24:14.004+0000] {subprocess.py:106} INFO - 	at org.apache.hadoop.fs.s3a.S3AFileSystem.innerGetFileStatus(S3AFileSystem.java:3688)
[2026-01-09T03:24:14.005+0000] {subprocess.py:106} INFO - 	at org.apache.hadoop.fs.s3a.S3AFileSystem.lambda$isDirectory$35(S3AFileSystem.java:4724)
[2026-01-09T03:24:14.005+0000] {subprocess.py:106} INFO - 	at org.apache.hadoop.fs.statistics.impl.IOStatisticsBinding.lambda$trackDurationOfOperation$5(IOStatisticsBinding.java:499)
[2026-01-09T03:24:14.006+0000] {subprocess.py:106} INFO - 	at org.apache.hadoop.fs.statistics.impl.IOStatisticsBinding.trackDuration(IOStatisticsBinding.java:444)
[2026-01-09T03:24:14.007+0000] {subprocess.py:106} INFO - 	at org.apache.hadoop.fs.s3a.S3AFileSystem.trackDurationAndSpan(S3AFileSystem.java:2337)
[2026-01-09T03:24:14.008+0000] {subprocess.py:106} INFO - 	at org.apache.hadoop.fs.s3a.S3AFileSystem.trackDurationAndSpan(S3AFileSystem.java:2356)
[2026-01-09T03:24:14.008+0000] {subprocess.py:106} INFO - 	at org.apache.hadoop.fs.s3a.S3AFileSystem.isDirectory(S3AFileSystem.java:4722)
[2026-01-09T03:24:14.009+0000] {subprocess.py:106} INFO - 	at org.apache.spark.sql.execution.streaming.FileStreamSink$.hasMetadata(FileStreamSink.scala:54)
[2026-01-09T03:24:14.010+0000] {subprocess.py:106} INFO - 	at org.apache.spark.sql.execution.datasources.DataSource.resolveRelation(DataSource.scala:366)
[2026-01-09T03:24:14.010+0000] {subprocess.py:106} INFO - 	at org.apache.spark.sql.DataFrameReader.loadV1Source(DataFrameReader.scala:229)
[2026-01-09T03:24:14.011+0000] {subprocess.py:106} INFO - 	at org.apache.spark.sql.DataFrameReader.$anonfun$load$2(DataFrameReader.scala:211)
[2026-01-09T03:24:14.012+0000] {subprocess.py:106} INFO - 	at scala.Option.getOrElse(Option.scala:189)
[2026-01-09T03:24:14.013+0000] {subprocess.py:106} INFO - 	at org.apache.spark.sql.DataFrameReader.load(DataFrameReader.scala:211)
[2026-01-09T03:24:14.014+0000] {subprocess.py:106} INFO - 	at org.apache.spark.sql.DataFrameReader.csv(DataFrameReader.scala:538)
[2026-01-09T03:24:14.015+0000] {subprocess.py:106} INFO - 	at java.base/jdk.internal.reflect.NativeMethodAccessorImpl.invoke0(Native Method)
[2026-01-09T03:24:14.015+0000] {subprocess.py:106} INFO - 	at java.base/jdk.internal.reflect.NativeMethodAccessorImpl.invoke(NativeMethodAccessorImpl.java:77)
[2026-01-09T03:24:14.016+0000] {subprocess.py:106} INFO - 	at java.base/jdk.internal.reflect.DelegatingMethodAccessorImpl.invoke(DelegatingMethodAccessorImpl.java:43)
[2026-01-09T03:24:14.017+0000] {subprocess.py:106} INFO - 	at java.base/java.lang.reflect.Method.invoke(Method.java:569)
[2026-01-09T03:24:14.017+0000] {subprocess.py:106} INFO - 	at py4j.reflection.MethodInvoker.invoke(MethodInvoker.java:244)
[2026-01-09T03:24:14.018+0000] {subprocess.py:106} INFO - 	at py4j.reflection.ReflectionEngine.invoke(ReflectionEngine.java:374)
[2026-01-09T03:24:14.019+0000] {subprocess.py:106} INFO - 	at py4j.Gateway.invoke(Gateway.java:282)
[2026-01-09T03:24:14.020+0000] {subprocess.py:106} INFO - 	at py4j.commands.AbstractCommand.invokeMethod(AbstractCommand.java:132)
[2026-01-09T03:24:14.021+0000] {subprocess.py:106} INFO - 	at py4j.commands.CallCommand.execute(CallCommand.java:79)
[2026-01-09T03:24:14.021+0000] {subprocess.py:106} INFO - 	at py4j.ClientServerConnection.waitForCommands(ClientServerConnection.java:182)
[2026-01-09T03:24:14.022+0000] {subprocess.py:106} INFO - 	at py4j.ClientServerConnection.run(ClientServerConnection.java:106)
[2026-01-09T03:24:14.023+0000] {subprocess.py:106} INFO - 	at java.base/java.lang.Thread.run(Thread.java:840)
[2026-01-09T03:24:14.024+0000] {subprocess.py:106} INFO - Caused by: org.apache.hadoop.fs.s3a.auth.NoAuthWithAWSException: No AWS Credentials provided by DefaultAWSCredentialsProviderChain : com.amazonaws.SdkClientException: Unable to load AWS credentials from any provider in the chain: [EnvironmentVariableCredentialsProvider: Unable to load AWS credentials from environment variables (AWS_ACCESS_KEY_ID (or AWS_ACCESS_KEY) and AWS_SECRET_KEY (or AWS_SECRET_ACCESS_KEY)), SystemPropertiesCredentialsProvider: Unable to load AWS credentials from Java system properties (aws.accessKeyId and aws.secretKey), WebIdentityTokenCredentialsProvider: You must specify a value for roleArn and roleSessionName, com.amazonaws.auth.profile.ProfileCredentialsProvider@814590a: profile file cannot be null, com.amazonaws.auth.EC2ContainerCredentialsProviderWrapper@19695bd4: Failed to connect to service endpoint: ]
[2026-01-09T03:24:14.024+0000] {subprocess.py:106} INFO - 	at org.apache.hadoop.fs.s3a.AWSCredentialProviderList.getCredentials(AWSCredentialProviderList.java:216)
[2026-01-09T03:24:14.025+0000] {subprocess.py:106} INFO - 	at com.amazonaws.http.AmazonHttpClient$RequestExecutor.getCredentialsFromContext(AmazonHttpClient.java:1269)
[2026-01-09T03:24:14.026+0000] {subprocess.py:106} INFO - 	at com.amazonaws.http.AmazonHttpClient$RequestExecutor.runBeforeRequestHandlers(AmazonHttpClient.java:845)
[2026-01-09T03:24:14.027+0000] {subprocess.py:106} INFO - 	at com.amazonaws.http.AmazonHttpClient$RequestExecutor.doExecute(AmazonHttpClient.java:794)
[2026-01-09T03:24:14.028+0000] {subprocess.py:106} INFO - 	at com.amazonaws.http.AmazonHttpClient$RequestExecutor.executeWithTimer(AmazonHttpClient.java:781)
[2026-01-09T03:24:14.030+0000] {subprocess.py:106} INFO - 	at com.amazonaws.http.AmazonHttpClient$RequestExecutor.execute(AmazonHttpClient.java:755)
[2026-01-09T03:24:14.031+0000] {subprocess.py:106} INFO - 	at com.amazonaws.http.AmazonHttpClient$RequestExecutor.access$500(AmazonHttpClient.java:715)
[2026-01-09T03:24:14.032+0000] {subprocess.py:106} INFO - 	at com.amazonaws.http.AmazonHttpClient$RequestExecutionBuilderImpl.execute(AmazonHttpClient.java:697)
[2026-01-09T03:24:14.033+0000] {subprocess.py:106} INFO - 	at com.amazonaws.http.AmazonHttpClient.execute(AmazonHttpClient.java:561)
[2026-01-09T03:24:14.033+0000] {subprocess.py:106} INFO - 	at com.amazonaws.http.AmazonHttpClient.execute(AmazonHttpClient.java:541)
[2026-01-09T03:24:14.034+0000] {subprocess.py:106} INFO - 	at com.amazonaws.services.s3.AmazonS3Client.invoke(AmazonS3Client.java:5456)
[2026-01-09T03:24:14.035+0000] {subprocess.py:106} INFO - 	at com.amazonaws.services.s3.AmazonS3Client.getBucketRegionViaHeadRequest(AmazonS3Client.java:6431)
[2026-01-09T03:24:14.036+0000] {subprocess.py:106} INFO - 	at com.amazonaws.services.s3.AmazonS3Client.fetchRegionFromCache(AmazonS3Client.java:6404)
[2026-01-09T03:24:14.037+0000] {subprocess.py:106} INFO - 	at com.amazonaws.services.s3.AmazonS3Client.invoke(AmazonS3Client.java:5441)
[2026-01-09T03:24:14.038+0000] {subprocess.py:106} INFO - 	at com.amazonaws.services.s3.AmazonS3Client.invoke(AmazonS3Client.java:5403)
[2026-01-09T03:24:14.039+0000] {subprocess.py:106} INFO - 	at com.amazonaws.services.s3.AmazonS3Client.invoke(AmazonS3Client.java:5397)
[2026-01-09T03:24:14.040+0000] {subprocess.py:106} INFO - 	at com.amazonaws.services.s3.AmazonS3Client.listObjectsV2(AmazonS3Client.java:971)
[2026-01-09T03:24:14.041+0000] {subprocess.py:106} INFO - 	at org.apache.hadoop.fs.s3a.S3AFileSystem.lambda$listObjects$11(S3AFileSystem.java:2595)
[2026-01-09T03:24:14.042+0000] {subprocess.py:106} INFO - 	at org.apache.hadoop.fs.statistics.impl.IOStatisticsBinding.lambda$trackDurationOfOperation$5(IOStatisticsBinding.java:499)
[2026-01-09T03:24:14.043+0000] {subprocess.py:106} INFO - 	at org.apache.hadoop.fs.s3a.Invoker.retryUntranslated(Invoker.java:414)
[2026-01-09T03:24:14.044+0000] {subprocess.py:106} INFO - 	at org.apache.hadoop.fs.s3a.Invoker.retryUntranslated(Invoker.java:377)
[2026-01-09T03:24:14.045+0000] {subprocess.py:106} INFO - 	at org.apache.hadoop.fs.s3a.S3AFileSystem.listObjects(S3AFileSystem.java:2586)
[2026-01-09T03:24:14.045+0000] {subprocess.py:106} INFO - 	at org.apache.hadoop.fs.s3a.S3AFileSystem.s3GetFileStatus(S3AFileSystem.java:3832)
[2026-01-09T03:24:14.046+0000] {subprocess.py:106} INFO - 	... 26 more
[2026-01-09T03:24:14.047+0000] {subprocess.py:106} INFO - Caused by: com.amazonaws.SdkClientException: Unable to load AWS credentials from any provider in the chain: [EnvironmentVariableCredentialsProvider: Unable to load AWS credentials from environment variables (AWS_ACCESS_KEY_ID (or AWS_ACCESS_KEY) and AWS_SECRET_KEY (or AWS_SECRET_ACCESS_KEY)), SystemPropertiesCredentialsProvider: Unable to load AWS credentials from Java system properties (aws.accessKeyId and aws.secretKey), WebIdentityTokenCredentialsProvider: You must specify a value for roleArn and roleSessionName, com.amazonaws.auth.profile.ProfileCredentialsProvider@814590a: profile file cannot be null, com.amazonaws.auth.EC2ContainerCredentialsProviderWrapper@19695bd4: Failed to connect to service endpoint: ]
[2026-01-09T03:24:14.048+0000] {subprocess.py:106} INFO - 	at com.amazonaws.auth.AWSCredentialsProviderChain.getCredentials(AWSCredentialsProviderChain.java:136)
[2026-01-09T03:24:14.049+0000] {subprocess.py:106} INFO - 	at org.apache.hadoop.fs.s3a.AWSCredentialProviderList.getCredentials(AWSCredentialProviderList.java:177)
[2026-01-09T03:24:14.050+0000] {subprocess.py:106} INFO - 	... 48 more
[2026-01-09T03:24:14.050+0000] {subprocess.py:106} INFO - 26/01/09 03:24:13 WARN InstanceMetadataServiceResourceFetcher: Fail to retrieve token
[2026-01-09T03:24:14.051+0000] {subprocess.py:106} INFO - com.amazonaws.SdkClientException: Failed to connect to service endpoint:
[2026-01-09T03:24:14.052+0000] {subprocess.py:106} INFO - 	at com.amazonaws.internal.EC2ResourceFetcher.doReadResource(EC2ResourceFetcher.java:100)
[2026-01-09T03:24:14.053+0000] {subprocess.py:106} INFO - 	at com.amazonaws.internal.InstanceMetadataServiceResourceFetcher.getToken(InstanceMetadataServiceResourceFetcher.java:91)
[2026-01-09T03:24:14.054+0000] {subprocess.py:106} INFO - 	at com.amazonaws.internal.InstanceMetadataServiceResourceFetcher.readResource(InstanceMetadataServiceResourceFetcher.java:69)
[2026-01-09T03:24:14.054+0000] {subprocess.py:106} INFO - 	at com.amazonaws.internal.EC2ResourceFetcher.readResource(EC2ResourceFetcher.java:66)
[2026-01-09T03:24:14.055+0000] {subprocess.py:106} INFO - 	at com.amazonaws.auth.InstanceMetadataServiceCredentialsFetcher.getCredentialsEndpoint(InstanceMetadataServiceCredentialsFetcher.java:60)
[2026-01-09T03:24:14.056+0000] {subprocess.py:106} INFO - 	at com.amazonaws.auth.InstanceMetadataServiceCredentialsFetcher.getCredentialsResponse(InstanceMetadataServiceCredentialsFetcher.java:48)
[2026-01-09T03:24:14.058+0000] {subprocess.py:106} INFO - 	at com.amazonaws.auth.BaseCredentialsFetcher.fetchCredentials(BaseCredentialsFetcher.java:124)
[2026-01-09T03:24:14.059+0000] {subprocess.py:106} INFO - 	at com.amazonaws.auth.BaseCredentialsFetcher.getCredentials(BaseCredentialsFetcher.java:80)
[2026-01-09T03:24:14.061+0000] {subprocess.py:106} INFO - 	at com.amazonaws.auth.InstanceProfileCredentialsProvider.getCredentials(InstanceProfileCredentialsProvider.java:166)
[2026-01-09T03:24:14.062+0000] {subprocess.py:106} INFO - 	at com.amazonaws.auth.EC2ContainerCredentialsProviderWrapper.getCredentials(EC2ContainerCredentialsProviderWrapper.java:75)
[2026-01-09T03:24:14.063+0000] {subprocess.py:106} INFO - 	at com.amazonaws.auth.AWSCredentialsProviderChain.getCredentials(AWSCredentialsProviderChain.java:117)
[2026-01-09T03:24:14.064+0000] {subprocess.py:106} INFO - 	at org.apache.hadoop.fs.s3a.AWSCredentialProviderList.getCredentials(AWSCredentialProviderList.java:177)
[2026-01-09T03:24:14.064+0000] {subprocess.py:106} INFO - 	at com.amazonaws.http.AmazonHttpClient$RequestExecutor.getCredentialsFromContext(AmazonHttpClient.java:1269)
[2026-01-09T03:24:14.065+0000] {subprocess.py:106} INFO - 	at com.amazonaws.http.AmazonHttpClient$RequestExecutor.runBeforeRequestHandlers(AmazonHttpClient.java:845)
[2026-01-09T03:24:14.066+0000] {subprocess.py:106} INFO - 	at com.amazonaws.http.AmazonHttpClient$RequestExecutor.doExecute(AmazonHttpClient.java:794)
[2026-01-09T03:24:14.066+0000] {subprocess.py:106} INFO - 	at com.amazonaws.http.AmazonHttpClient$RequestExecutor.executeWithTimer(AmazonHttpClient.java:781)
[2026-01-09T03:24:14.067+0000] {subprocess.py:106} INFO - 	at com.amazonaws.http.AmazonHttpClient$RequestExecutor.execute(AmazonHttpClient.java:755)
[2026-01-09T03:24:14.068+0000] {subprocess.py:106} INFO - 	at com.amazonaws.http.AmazonHttpClient$RequestExecutor.access$500(AmazonHttpClient.java:715)
[2026-01-09T03:24:14.069+0000] {subprocess.py:106} INFO - 	at com.amazonaws.http.AmazonHttpClient$RequestExecutionBuilderImpl.execute(AmazonHttpClient.java:697)
[2026-01-09T03:24:14.069+0000] {subprocess.py:106} INFO - 	at com.amazonaws.http.AmazonHttpClient.execute(AmazonHttpClient.java:561)
[2026-01-09T03:24:14.070+0000] {subprocess.py:106} INFO - 	at com.amazonaws.http.AmazonHttpClient.execute(AmazonHttpClient.java:541)
[2026-01-09T03:24:14.071+0000] {subprocess.py:106} INFO - 	at com.amazonaws.services.s3.AmazonS3Client.invoke(AmazonS3Client.java:5456)
[2026-01-09T03:24:14.072+0000] {subprocess.py:106} INFO - 	at com.amazonaws.services.s3.AmazonS3Client.getBucketRegionViaHeadRequest(AmazonS3Client.java:6431)
[2026-01-09T03:24:14.072+0000] {subprocess.py:106} INFO - 	at com.amazonaws.services.s3.AmazonS3Client.fetchRegionFromCache(AmazonS3Client.java:6404)
[2026-01-09T03:24:14.073+0000] {subprocess.py:106} INFO - 	at com.amazonaws.services.s3.AmazonS3Client.invoke(AmazonS3Client.java:5441)
[2026-01-09T03:24:14.074+0000] {subprocess.py:106} INFO - 	at com.amazonaws.services.s3.AmazonS3Client.invoke(AmazonS3Client.java:5403)
[2026-01-09T03:24:14.075+0000] {subprocess.py:106} INFO - 	at com.amazonaws.services.s3.AmazonS3Client.getObjectMetadata(AmazonS3Client.java:1372)
[2026-01-09T03:24:14.076+0000] {subprocess.py:106} INFO - 	at org.apache.hadoop.fs.s3a.S3AFileSystem.lambda$getObjectMetadata$10(S3AFileSystem.java:2545)
[2026-01-09T03:24:14.077+0000] {subprocess.py:106} INFO - 	at org.apache.hadoop.fs.s3a.Invoker.retryUntranslated(Invoker.java:414)
[2026-01-09T03:24:14.077+0000] {subprocess.py:106} INFO - 	at org.apache.hadoop.fs.s3a.Invoker.retryUntranslated(Invoker.java:377)
[2026-01-09T03:24:14.078+0000] {subprocess.py:106} INFO - 	at org.apache.hadoop.fs.s3a.S3AFileSystem.getObjectMetadata(S3AFileSystem.java:2533)
[2026-01-09T03:24:14.079+0000] {subprocess.py:106} INFO - 	at org.apache.hadoop.fs.s3a.S3AFileSystem.getObjectMetadata(S3AFileSystem.java:2513)
[2026-01-09T03:24:14.079+0000] {subprocess.py:106} INFO - 	at org.apache.hadoop.fs.s3a.S3AFileSystem.s3GetFileStatus(S3AFileSystem.java:3776)
[2026-01-09T03:24:14.080+0000] {subprocess.py:106} INFO - 	at org.apache.hadoop.fs.s3a.S3AFileSystem.innerGetFileStatus(S3AFileSystem.java:3688)
[2026-01-09T03:24:14.081+0000] {subprocess.py:106} INFO - 	at org.apache.hadoop.fs.s3a.S3AFileSystem.lambda$exists$34(S3AFileSystem.java:4703)
[2026-01-09T03:24:14.081+0000] {subprocess.py:106} INFO - 	at org.apache.hadoop.fs.statistics.impl.IOStatisticsBinding.lambda$trackDurationOfOperation$5(IOStatisticsBinding.java:499)
[2026-01-09T03:24:14.082+0000] {subprocess.py:106} INFO - 	at org.apache.hadoop.fs.statistics.impl.IOStatisticsBinding.trackDuration(IOStatisticsBinding.java:444)
[2026-01-09T03:24:14.083+0000] {subprocess.py:106} INFO - 	at org.apache.hadoop.fs.s3a.S3AFileSystem.trackDurationAndSpan(S3AFileSystem.java:2337)
[2026-01-09T03:24:14.083+0000] {subprocess.py:106} INFO - 	at org.apache.hadoop.fs.s3a.S3AFileSystem.trackDurationAndSpan(S3AFileSystem.java:2356)
[2026-01-09T03:24:14.084+0000] {subprocess.py:106} INFO - 	at org.apache.hadoop.fs.s3a.S3AFileSystem.exists(S3AFileSystem.java:4701)
[2026-01-09T03:24:14.085+0000] {subprocess.py:106} INFO - 	at org.apache.spark.sql.execution.datasources.DataSource$.$anonfun$checkAndGlobPathIfNecessary$4(DataSource.scala:756)
[2026-01-09T03:24:14.086+0000] {subprocess.py:106} INFO - 	at org.apache.spark.sql.execution.datasources.DataSource$.$anonfun$checkAndGlobPathIfNecessary$4$adapted(DataSource.scala:754)
[2026-01-09T03:24:14.087+0000] {subprocess.py:106} INFO - 	at org.apache.spark.util.ThreadUtils$.$anonfun$parmap$2(ThreadUtils.scala:380)
[2026-01-09T03:24:14.087+0000] {subprocess.py:106} INFO - 	at scala.concurrent.Future$.$anonfun$apply$1(Future.scala:659)
[2026-01-09T03:24:14.088+0000] {subprocess.py:106} INFO - 	at scala.util.Success.$anonfun$map$1(Try.scala:255)
[2026-01-09T03:24:14.089+0000] {subprocess.py:106} INFO - 	at scala.util.Success.map(Try.scala:213)
[2026-01-09T03:24:14.090+0000] {subprocess.py:106} INFO - 	at scala.concurrent.Future.$anonfun$map$1(Future.scala:292)
[2026-01-09T03:24:14.090+0000] {subprocess.py:106} INFO - 	at scala.concurrent.impl.Promise.liftedTree1$1(Promise.scala:33)
[2026-01-09T03:24:14.091+0000] {subprocess.py:106} INFO - 	at scala.concurrent.impl.Promise.$anonfun$transform$1(Promise.scala:33)
[2026-01-09T03:24:14.092+0000] {subprocess.py:106} INFO - 	at scala.concurrent.impl.CallbackRunnable.run(Promise.scala:64)
[2026-01-09T03:24:14.092+0000] {subprocess.py:106} INFO - 	at java.base/java.util.concurrent.ForkJoinTask$RunnableExecuteAction.exec(ForkJoinTask.java:1395)
[2026-01-09T03:24:14.093+0000] {subprocess.py:106} INFO - 	at java.base/java.util.concurrent.ForkJoinTask.doExec(ForkJoinTask.java:373)
[2026-01-09T03:24:14.094+0000] {subprocess.py:106} INFO - 	at java.base/java.util.concurrent.ForkJoinPool$WorkQueue.topLevelExec(ForkJoinPool.java:1182)
[2026-01-09T03:24:14.094+0000] {subprocess.py:106} INFO - 	at java.base/java.util.concurrent.ForkJoinPool.scan(ForkJoinPool.java:1655)
[2026-01-09T03:24:14.095+0000] {subprocess.py:106} INFO - 	at java.base/java.util.concurrent.ForkJoinPool.runWorker(ForkJoinPool.java:1622)
[2026-01-09T03:24:14.096+0000] {subprocess.py:106} INFO - 	at java.base/java.util.concurrent.ForkJoinWorkerThread.run(ForkJoinWorkerThread.java:165)
[2026-01-09T03:24:14.097+0000] {subprocess.py:106} INFO - Caused by: java.net.ConnectException: Connection refused
[2026-01-09T03:24:14.098+0000] {subprocess.py:106} INFO - 	at java.base/sun.nio.ch.Net.pollConnect(Native Method)
[2026-01-09T03:24:14.099+0000] {subprocess.py:106} INFO - 	at java.base/sun.nio.ch.Net.pollConnectNow(Net.java:672)
[2026-01-09T03:24:14.099+0000] {subprocess.py:106} INFO - 	at java.base/sun.nio.ch.NioSocketImpl.timedFinishConnect(NioSocketImpl.java:554)
[2026-01-09T03:24:14.100+0000] {subprocess.py:106} INFO - 	at java.base/sun.nio.ch.NioSocketImpl.connect(NioSocketImpl.java:602)
[2026-01-09T03:24:14.101+0000] {subprocess.py:106} INFO - 	at java.base/java.net.Socket.connect(Socket.java:633)
[2026-01-09T03:24:14.102+0000] {subprocess.py:106} INFO - 	at java.base/sun.net.NetworkClient.doConnect(NetworkClient.java:178)
[2026-01-09T03:24:14.103+0000] {subprocess.py:106} INFO - 	at java.base/sun.net.www.http.HttpClient.openServer(HttpClient.java:533)
[2026-01-09T03:24:14.103+0000] {subprocess.py:106} INFO - 	at java.base/sun.net.www.http.HttpClient.openServer(HttpClient.java:638)
[2026-01-09T03:24:14.104+0000] {subprocess.py:106} INFO - 	at java.base/sun.net.www.http.HttpClient.<init>(HttpClient.java:283)
[2026-01-09T03:24:14.105+0000] {subprocess.py:106} INFO - 	at java.base/sun.net.www.http.HttpClient.New(HttpClient.java:386)
[2026-01-09T03:24:14.106+0000] {subprocess.py:106} INFO - 	at java.base/sun.net.www.http.HttpClient.New(HttpClient.java:408)
[2026-01-09T03:24:14.107+0000] {subprocess.py:106} INFO - 	at java.base/sun.net.www.protocol.http.HttpURLConnection.getNewHttpClient(HttpURLConnection.java:1329)
[2026-01-09T03:24:14.108+0000] {subprocess.py:106} INFO - 	at java.base/sun.net.www.protocol.http.HttpURLConnection.plainConnect0(HttpURLConnection.java:1307)
[2026-01-09T03:24:14.110+0000] {subprocess.py:106} INFO - 	at java.base/sun.net.www.protocol.http.HttpURLConnection.plainConnect(HttpURLConnection.java:1148)
[2026-01-09T03:24:14.110+0000] {subprocess.py:106} INFO - 	at java.base/sun.net.www.protocol.http.HttpURLConnection.connect(HttpURLConnection.java:1077)
[2026-01-09T03:24:14.111+0000] {subprocess.py:106} INFO - 	at com.amazonaws.internal.ConnectionUtils.connectToEndpoint(ConnectionUtils.java:95)
[2026-01-09T03:24:14.112+0000] {subprocess.py:106} INFO - 	at com.amazonaws.internal.EC2ResourceFetcher.doReadResource(EC2ResourceFetcher.java:80)
[2026-01-09T03:24:14.112+0000] {subprocess.py:106} INFO - 	... 55 more
[2026-01-09T03:24:14.113+0000] {subprocess.py:106} INFO - 
[2026-01-09T03:24:14.114+0000] {subprocess.py:106} INFO - ============================================================
[2026-01-09T03:24:14.114+0000] {subprocess.py:106} INFO - ❌ ERROR DURING PROCESSING
[2026-01-09T03:24:14.115+0000] {subprocess.py:106} INFO - ============================================================
[2026-01-09T03:24:14.116+0000] {subprocess.py:106} INFO - Error: An error occurred while calling o35.csv.
[2026-01-09T03:24:14.117+0000] {subprocess.py:106} INFO - : java.nio.file.AccessDeniedException: s3a://***-paymentchain-dev-ben/transactions.csv: org.apache.hadoop.fs.s3a.auth.NoAuthWithAWSException: No AWS Credentials provided by DefaultAWSCredentialsProviderChain : com.amazonaws.SdkClientException: Unable to load AWS credentials from any provider in the chain: [EnvironmentVariableCredentialsProvider: Unable to load AWS credentials from environment variables (AWS_ACCESS_KEY_ID (or AWS_ACCESS_KEY) and AWS_SECRET_KEY (or AWS_SECRET_ACCESS_KEY)), SystemPropertiesCredentialsProvider: Unable to load AWS credentials from Java system properties (aws.accessKeyId and aws.secretKey), WebIdentityTokenCredentialsProvider: You must specify a value for roleArn and roleSessionName, com.amazonaws.auth.profile.ProfileCredentialsProvider@814590a: profile file cannot be null, com.amazonaws.auth.EC2ContainerCredentialsProviderWrapper@19695bd4: Failed to connect to service endpoint: ]
[2026-01-09T03:24:14.118+0000] {subprocess.py:106} INFO - 	at org.apache.hadoop.fs.s3a.S3AUtils.translateException(S3AUtils.java:212)
[2026-01-09T03:24:14.119+0000] {subprocess.py:106} INFO - 	at org.apache.hadoop.fs.s3a.S3AUtils.translateException(S3AUtils.java:175)
[2026-01-09T03:24:14.120+0000] {subprocess.py:106} INFO - 	at org.apache.hadoop.fs.s3a.S3AFileSystem.s3GetFileStatus(S3AFileSystem.java:3799)
[2026-01-09T03:24:14.120+0000] {subprocess.py:106} INFO - 	at org.apache.hadoop.fs.s3a.S3AFileSystem.innerGetFileStatus(S3AFileSystem.java:3688)
[2026-01-09T03:24:14.121+0000] {subprocess.py:106} INFO - 	at org.apache.hadoop.fs.s3a.S3AFileSystem.lambda$exists$34(S3AFileSystem.java:4703)
[2026-01-09T03:24:14.122+0000] {subprocess.py:106} INFO - 	at org.apache.hadoop.fs.statistics.impl.IOStatisticsBinding.lambda$trackDurationOfOperation$5(IOStatisticsBinding.java:499)
[2026-01-09T03:24:14.122+0000] {subprocess.py:106} INFO - 	at org.apache.hadoop.fs.statistics.impl.IOStatisticsBinding.trackDuration(IOStatisticsBinding.java:444)
[2026-01-09T03:24:14.123+0000] {subprocess.py:106} INFO - 	at org.apache.hadoop.fs.s3a.S3AFileSystem.trackDurationAndSpan(S3AFileSystem.java:2337)
[2026-01-09T03:24:14.124+0000] {subprocess.py:106} INFO - 	at org.apache.hadoop.fs.s3a.S3AFileSystem.trackDurationAndSpan(S3AFileSystem.java:2356)
[2026-01-09T03:24:14.125+0000] {subprocess.py:106} INFO - 	at org.apache.hadoop.fs.s3a.S3AFileSystem.exists(S3AFileSystem.java:4701)
[2026-01-09T03:24:14.125+0000] {subprocess.py:106} INFO - 	at org.apache.spark.sql.execution.datasources.DataSource$.$anonfun$checkAndGlobPathIfNecessary$4(DataSource.scala:756)
[2026-01-09T03:24:14.126+0000] {subprocess.py:106} INFO - 	at org.apache.spark.sql.execution.datasources.DataSource$.$anonfun$checkAndGlobPathIfNecessary$4$adapted(DataSource.scala:754)
[2026-01-09T03:24:14.127+0000] {subprocess.py:106} INFO - 	at org.apache.spark.util.ThreadUtils$.$anonfun$parmap$2(ThreadUtils.scala:380)
[2026-01-09T03:24:14.127+0000] {subprocess.py:106} INFO - 	at scala.concurrent.Future$.$anonfun$apply$1(Future.scala:659)
[2026-01-09T03:24:14.128+0000] {subprocess.py:106} INFO - 	at scala.util.Success.$anonfun$map$1(Try.scala:255)
[2026-01-09T03:24:14.128+0000] {subprocess.py:106} INFO - 	at scala.util.Success.map(Try.scala:213)
[2026-01-09T03:24:14.129+0000] {subprocess.py:106} INFO - 	at scala.concurrent.Future.$anonfun$map$1(Future.scala:292)
[2026-01-09T03:24:14.130+0000] {subprocess.py:106} INFO - 	at scala.concurrent.impl.Promise.liftedTree1$1(Promise.scala:33)
[2026-01-09T03:24:14.130+0000] {subprocess.py:106} INFO - 	at scala.concurrent.impl.Promise.$anonfun$transform$1(Promise.scala:33)
[2026-01-09T03:24:14.131+0000] {subprocess.py:106} INFO - 	at scala.concurrent.impl.CallbackRunnable.run(Promise.scala:64)
[2026-01-09T03:24:14.132+0000] {subprocess.py:106} INFO - 	at java.base/java.util.concurrent.ForkJoinTask$RunnableExecuteAction.exec(ForkJoinTask.java:1395)
[2026-01-09T03:24:14.132+0000] {subprocess.py:106} INFO - 	at java.base/java.util.concurrent.ForkJoinTask.doExec(ForkJoinTask.java:373)
[2026-01-09T03:24:14.133+0000] {subprocess.py:106} INFO - 	at java.base/java.util.concurrent.ForkJoinPool$WorkQueue.topLevelExec(ForkJoinPool.java:1182)
[2026-01-09T03:24:14.134+0000] {subprocess.py:106} INFO - 	at java.base/java.util.concurrent.ForkJoinPool.scan(ForkJoinPool.java:1655)
[2026-01-09T03:24:14.134+0000] {subprocess.py:106} INFO - 	at java.base/java.util.concurrent.ForkJoinPool.runWorker(ForkJoinPool.java:1622)
[2026-01-09T03:24:14.136+0000] {subprocess.py:106} INFO - 	at java.base/java.util.concurrent.ForkJoinWorkerThread.run(ForkJoinWorkerThread.java:165)
[2026-01-09T03:24:14.136+0000] {subprocess.py:106} INFO - Caused by: org.apache.hadoop.fs.s3a.auth.NoAuthWithAWSException: No AWS Credentials provided by DefaultAWSCredentialsProviderChain : com.amazonaws.SdkClientException: Unable to load AWS credentials from any provider in the chain: [EnvironmentVariableCredentialsProvider: Unable to load AWS credentials from environment variables (AWS_ACCESS_KEY_ID (or AWS_ACCESS_KEY) and AWS_SECRET_KEY (or AWS_SECRET_ACCESS_KEY)), SystemPropertiesCredentialsProvider: Unable to load AWS credentials from Java system properties (aws.accessKeyId and aws.secretKey), WebIdentityTokenCredentialsProvider: You must specify a value for roleArn and roleSessionName, com.amazonaws.auth.profile.ProfileCredentialsProvider@814590a: profile file cannot be null, com.amazonaws.auth.EC2ContainerCredentialsProviderWrapper@19695bd4: Failed to connect to service endpoint: ]
[2026-01-09T03:24:14.137+0000] {subprocess.py:106} INFO - 	at org.apache.hadoop.fs.s3a.AWSCredentialProviderList.getCredentials(AWSCredentialProviderList.java:216)
[2026-01-09T03:24:14.138+0000] {subprocess.py:106} INFO - 	at com.amazonaws.http.AmazonHttpClient$RequestExecutor.getCredentialsFromContext(AmazonHttpClient.java:1269)
[2026-01-09T03:24:14.139+0000] {subprocess.py:106} INFO - 	at com.amazonaws.http.AmazonHttpClient$RequestExecutor.runBeforeRequestHandlers(AmazonHttpClient.java:845)
[2026-01-09T03:24:14.139+0000] {subprocess.py:106} INFO - 	at com.amazonaws.http.AmazonHttpClient$RequestExecutor.doExecute(AmazonHttpClient.java:794)
[2026-01-09T03:24:14.140+0000] {subprocess.py:106} INFO - 	at com.amazonaws.http.AmazonHttpClient$RequestExecutor.executeWithTimer(AmazonHttpClient.java:781)
[2026-01-09T03:24:14.141+0000] {subprocess.py:106} INFO - 	at com.amazonaws.http.AmazonHttpClient$RequestExecutor.execute(AmazonHttpClient.java:755)
[2026-01-09T03:24:14.141+0000] {subprocess.py:106} INFO - 	at com.amazonaws.http.AmazonHttpClient$RequestExecutor.access$500(AmazonHttpClient.java:715)
[2026-01-09T03:24:14.142+0000] {subprocess.py:106} INFO - 	at com.amazonaws.http.AmazonHttpClient$RequestExecutionBuilderImpl.execute(AmazonHttpClient.java:697)
[2026-01-09T03:24:14.143+0000] {subprocess.py:106} INFO - 	at com.amazonaws.http.AmazonHttpClient.execute(AmazonHttpClient.java:561)
[2026-01-09T03:24:14.144+0000] {subprocess.py:106} INFO - 	at com.amazonaws.http.AmazonHttpClient.execute(AmazonHttpClient.java:541)
[2026-01-09T03:24:14.144+0000] {subprocess.py:106} INFO - 	at com.amazonaws.services.s3.AmazonS3Client.invoke(AmazonS3Client.java:5456)
[2026-01-09T03:24:14.145+0000] {subprocess.py:106} INFO - 	at com.amazonaws.services.s3.AmazonS3Client.getBucketRegionViaHeadRequest(AmazonS3Client.java:6431)
[2026-01-09T03:24:14.146+0000] {subprocess.py:106} INFO - 	at com.amazonaws.services.s3.AmazonS3Client.fetchRegionFromCache(AmazonS3Client.java:6404)
[2026-01-09T03:24:14.146+0000] {subprocess.py:106} INFO - 	at com.amazonaws.services.s3.AmazonS3Client.invoke(AmazonS3Client.java:5441)
[2026-01-09T03:24:14.147+0000] {subprocess.py:106} INFO - 	at com.amazonaws.services.s3.AmazonS3Client.invoke(AmazonS3Client.java:5403)
[2026-01-09T03:24:14.148+0000] {subprocess.py:106} INFO - 	at com.amazonaws.services.s3.AmazonS3Client.getObjectMetadata(AmazonS3Client.java:1372)
[2026-01-09T03:24:14.148+0000] {subprocess.py:106} INFO - 	at org.apache.hadoop.fs.s3a.S3AFileSystem.lambda$getObjectMetadata$10(S3AFileSystem.java:2545)
[2026-01-09T03:24:14.149+0000] {subprocess.py:106} INFO - 	at org.apache.hadoop.fs.s3a.Invoker.retryUntranslated(Invoker.java:414)
[2026-01-09T03:24:14.149+0000] {subprocess.py:106} INFO - 	at org.apache.hadoop.fs.s3a.Invoker.retryUntranslated(Invoker.java:377)
[2026-01-09T03:24:14.150+0000] {subprocess.py:106} INFO - 	at org.apache.hadoop.fs.s3a.S3AFileSystem.getObjectMetadata(S3AFileSystem.java:2533)
[2026-01-09T03:24:14.151+0000] {subprocess.py:106} INFO - 	at org.apache.hadoop.fs.s3a.S3AFileSystem.getObjectMetadata(S3AFileSystem.java:2513)
[2026-01-09T03:24:14.152+0000] {subprocess.py:106} INFO - 	at org.apache.hadoop.fs.s3a.S3AFileSystem.s3GetFileStatus(S3AFileSystem.java:3776)
[2026-01-09T03:24:14.152+0000] {subprocess.py:106} INFO - 	... 23 more
[2026-01-09T03:24:14.153+0000] {subprocess.py:106} INFO - Caused by: com.amazonaws.SdkClientException: Unable to load AWS credentials from any provider in the chain: [EnvironmentVariableCredentialsProvider: Unable to load AWS credentials from environment variables (AWS_ACCESS_KEY_ID (or AWS_ACCESS_KEY) and AWS_SECRET_KEY (or AWS_SECRET_ACCESS_KEY)), SystemPropertiesCredentialsProvider: Unable to load AWS credentials from Java system properties (aws.accessKeyId and aws.secretKey), WebIdentityTokenCredentialsProvider: You must specify a value for roleArn and roleSessionName, com.amazonaws.auth.profile.ProfileCredentialsProvider@814590a: profile file cannot be null, com.amazonaws.auth.EC2ContainerCredentialsProviderWrapper@19695bd4: Failed to connect to service endpoint: ]
[2026-01-09T03:24:14.154+0000] {subprocess.py:106} INFO - 	at com.amazonaws.auth.AWSCredentialsProviderChain.getCredentials(AWSCredentialsProviderChain.java:136)
[2026-01-09T03:24:14.155+0000] {subprocess.py:106} INFO - 	at org.apache.hadoop.fs.s3a.AWSCredentialProviderList.getCredentials(AWSCredentialProviderList.java:177)
[2026-01-09T03:24:14.155+0000] {subprocess.py:106} INFO - 	... 44 more
[2026-01-09T03:24:14.156+0000] {subprocess.py:106} INFO - 
[2026-01-09T03:24:14.156+0000] {subprocess.py:106} INFO - ============================================================
[2026-01-09T03:24:14.157+0000] {subprocess.py:106} INFO - 26/01/09 03:24:14 INFO SparkContext: SparkContext is stopping with exitCode 0.
[2026-01-09T03:24:14.158+0000] {subprocess.py:106} INFO - 26/01/09 03:24:14 INFO SparkUI: Stopped Spark web UI at http://3df3ffb4789e:4040
[2026-01-09T03:24:14.158+0000] {subprocess.py:106} INFO - 26/01/09 03:24:14 INFO MapOutputTrackerMasterEndpoint: MapOutputTrackerMasterEndpoint stopped!
[2026-01-09T03:24:14.159+0000] {subprocess.py:106} INFO - 26/01/09 03:24:14 INFO MemoryStore: MemoryStore cleared
[2026-01-09T03:24:14.160+0000] {subprocess.py:106} INFO - 26/01/09 03:24:14 INFO BlockManager: BlockManager stopped
[2026-01-09T03:24:14.161+0000] {subprocess.py:106} INFO - 26/01/09 03:24:14 INFO BlockManagerMaster: BlockManagerMaster stopped
[2026-01-09T03:24:14.162+0000] {subprocess.py:106} INFO - 26/01/09 03:24:14 INFO OutputCommitCoordinator$OutputCommitCoordinatorEndpoint: OutputCommitCoordinator stopped!
[2026-01-09T03:24:14.162+0000] {subprocess.py:106} INFO - 26/01/09 03:24:14 INFO SparkContext: Successfully stopped SparkContext
[2026-01-09T03:24:14.434+0000] {subprocess.py:106} INFO - 26/01/09 03:24:14 INFO ShutdownHookManager: Shutdown hook called
[2026-01-09T03:24:14.437+0000] {subprocess.py:106} INFO - 26/01/09 03:24:14 INFO ShutdownHookManager: Deleting directory /tmp/spark-c09861ec-185e-4b29-9cc7-d0f199fac824
[2026-01-09T03:24:14.445+0000] {subprocess.py:106} INFO - 26/01/09 03:24:14 INFO ShutdownHookManager: Deleting directory /tmp/spark-bcc80a45-ead4-44fe-ba09-94c9a22a3f46
[2026-01-09T03:24:14.454+0000] {subprocess.py:106} INFO - 26/01/09 03:24:14 INFO ShutdownHookManager: Deleting directory /tmp/spark-c09861ec-185e-4b29-9cc7-d0f199fac824/pyspark-f3f7c829-4b46-4e0f-ace3-446e7b931876
[2026-01-09T03:24:14.469+0000] {subprocess.py:106} INFO - 26/01/09 03:24:14 INFO MetricsSystemImpl: Stopping s3a-file-system metrics system...
[2026-01-09T03:24:14.471+0000] {subprocess.py:106} INFO - 26/01/09 03:24:14 INFO MetricsSystemImpl: s3a-file-system metrics system stopped.
[2026-01-09T03:24:14.474+0000] {subprocess.py:106} INFO - 26/01/09 03:24:14 INFO MetricsSystemImpl: s3a-file-system metrics system shutdown complete.
[2026-01-09T03:24:14.591+0000] {subprocess.py:110} INFO - Command exited with return code 1
[2026-01-09T03:24:14.874+0000] {taskinstance.py:3311} ERROR - Task failed with exception
Traceback (most recent call last):
  File "/home/airflow/.local/lib/python3.11/site-packages/airflow/models/taskinstance.py", line 767, in _execute_task
    result = _execute_callable(context=context, **execute_callable_kwargs)
             ^^^^^^^^^^^^^^^^^^^^^^^^^^^^^^^^^^^^^^^^^^^^^^^^^^^^^^^^^^^^^
  File "/home/airflow/.local/lib/python3.11/site-packages/airflow/models/taskinstance.py", line 733, in _execute_callable
    return ExecutionCallableRunner(
           ^^^^^^^^^^^^^^^^^^^^^^^^
  File "/home/airflow/.local/lib/python3.11/site-packages/airflow/utils/operator_helpers.py", line 252, in run
    return self.func(*args, **kwargs)
           ^^^^^^^^^^^^^^^^^^^^^^^^^^
  File "/home/airflow/.local/lib/python3.11/site-packages/airflow/models/baseoperator.py", line 422, in wrapper
    return func(self, *args, **kwargs)
           ^^^^^^^^^^^^^^^^^^^^^^^^^^^
  File "/home/airflow/.local/lib/python3.11/site-packages/airflow/operators/bash.py", line 276, in execute
    raise AirflowException(
airflow.exceptions.AirflowException: Bash command failed. The command returned a non-zero exit code 1.
[2026-01-09T03:24:14.878+0000] {logging_mixin.py:190} INFO - Task instance in failure state
[2026-01-09T03:24:14.879+0000] {logging_mixin.py:190} INFO - Task start:2026-01-09 03:24:06.753589+00:00 end:2026-01-09 03:24:14.877937+00:00 duration:8.124348
[2026-01-09T03:24:14.880+0000] {logging_mixin.py:190} INFO - Task:<Task(BashOperator): run_pyspark_processor> dag:<DAG: payment_processor> dagrun:<DagRun payment_processor @ 2026-01-09 03:18:54.229526+00:00: manual__2026-01-09T03:18:54.229526+00:00, state:running, queued_at: 2026-01-09 03:18:54.238621+00:00. externally triggered: True>
[2026-01-09T03:24:14.881+0000] {logging_mixin.py:190} INFO - Failure caused by Bash command failed. The command returned a non-zero exit code 1.
[2026-01-09T03:24:14.882+0000] {taskinstance.py:1225} INFO - Marking task as FAILED. dag_id=payment_processor, task_id=run_pyspark_processor, run_id=manual__2026-01-09T03:18:54.229526+00:00, execution_date=20260109T031854, start_date=20260109T032406, end_date=20260109T032414
[2026-01-09T03:24:14.893+0000] {taskinstance.py:340} INFO - ::group::Post task execution logs
[2026-01-09T03:24:14.894+0000] {standard_task_runner.py:124} ERROR - Failed to execute job 33 for task run_pyspark_processor (Bash command failed. The command returned a non-zero exit code 1.; 1010)
Traceback (most recent call last):
  File "/home/airflow/.local/lib/python3.11/site-packages/airflow/task/task_runner/standard_task_runner.py", line 117, in _start_by_fork
    ret = args.func(args, dag=self.dag)
          ^^^^^^^^^^^^^^^^^^^^^^^^^^^^^
  File "/home/airflow/.local/lib/python3.11/site-packages/airflow/cli/cli_config.py", line 49, in command
    return func(*args, **kwargs)
           ^^^^^^^^^^^^^^^^^^^^^
  File "/home/airflow/.local/lib/python3.11/site-packages/airflow/utils/cli.py", line 116, in wrapper
    return f(*args, **kwargs)
           ^^^^^^^^^^^^^^^^^^
  File "/home/airflow/.local/lib/python3.11/site-packages/airflow/cli/commands/task_command.py", line 483, in task_run
    task_return_code = _run_task_by_selected_method(args, _dag, ti)
                       ^^^^^^^^^^^^^^^^^^^^^^^^^^^^^^^^^^^^^^^^^^^^
  File "/home/airflow/.local/lib/python3.11/site-packages/airflow/cli/commands/task_command.py", line 256, in _run_task_by_selected_method
    return _run_raw_task(args, ti)
           ^^^^^^^^^^^^^^^^^^^^^^^
  File "/home/airflow/.local/lib/python3.11/site-packages/airflow/cli/commands/task_command.py", line 341, in _run_raw_task
    return ti._run_raw_task(
           ^^^^^^^^^^^^^^^^^
  File "/home/airflow/.local/lib/python3.11/site-packages/airflow/utils/session.py", line 97, in wrapper
    return func(*args, session=session, **kwargs)
           ^^^^^^^^^^^^^^^^^^^^^^^^^^^^^^^^^^^^^^
  File "/home/airflow/.local/lib/python3.11/site-packages/airflow/models/taskinstance.py", line 3005, in _run_raw_task
    return _run_raw_task(
           ^^^^^^^^^^^^^^
  File "/home/airflow/.local/lib/python3.11/site-packages/airflow/models/taskinstance.py", line 273, in _run_raw_task
    TaskInstance._execute_task_with_callbacks(
  File "/home/airflow/.local/lib/python3.11/site-packages/airflow/models/taskinstance.py", line 3159, in _execute_task_with_callbacks
    result = self._execute_task(context, task_orig)
             ^^^^^^^^^^^^^^^^^^^^^^^^^^^^^^^^^^^^^^
  File "/home/airflow/.local/lib/python3.11/site-packages/airflow/models/taskinstance.py", line 3183, in _execute_task
    return _execute_task(self, context, task_orig)
           ^^^^^^^^^^^^^^^^^^^^^^^^^^^^^^^^^^^^^^^
  File "/home/airflow/.local/lib/python3.11/site-packages/airflow/models/taskinstance.py", line 767, in _execute_task
    result = _execute_callable(context=context, **execute_callable_kwargs)
             ^^^^^^^^^^^^^^^^^^^^^^^^^^^^^^^^^^^^^^^^^^^^^^^^^^^^^^^^^^^^^
  File "/home/airflow/.local/lib/python3.11/site-packages/airflow/models/taskinstance.py", line 733, in _execute_callable
    return ExecutionCallableRunner(
           ^^^^^^^^^^^^^^^^^^^^^^^^
  File "/home/airflow/.local/lib/python3.11/site-packages/airflow/utils/operator_helpers.py", line 252, in run
    return self.func(*args, **kwargs)
           ^^^^^^^^^^^^^^^^^^^^^^^^^^
  File "/home/airflow/.local/lib/python3.11/site-packages/airflow/models/baseoperator.py", line 422, in wrapper
    return func(self, *args, **kwargs)
           ^^^^^^^^^^^^^^^^^^^^^^^^^^^
  File "/home/airflow/.local/lib/python3.11/site-packages/airflow/operators/bash.py", line 276, in execute
    raise AirflowException(
airflow.exceptions.AirflowException: Bash command failed. The command returned a non-zero exit code 1.
[2026-01-09T03:24:14.933+0000] {local_task_job_runner.py:266} INFO - Task exited with return code 1
[2026-01-09T03:24:14.948+0000] {taskinstance.py:3895} INFO - 0 downstream tasks scheduled from follow-on schedule check
[2026-01-09T03:24:14.951+0000] {local_task_job_runner.py:245} INFO - ::endgroup::
